{"meta": {"format": 3, "version": "7.13.4", "timestamp": "2026-05-14T17:17:55.049636", "branch_coverage": false, "show_contexts": false}, "files": {"src/forge/subagents/autobuild_runner.py": {"executed_lines": [73, 75, 76, 77, 78, 79, 80, 81, 82, 83, 84, 86, 87, 88, 93, 105, 120, 127, 133, 141, 184, 187, 188, 189, 192, 193, 194, 195, 196, 197, 198, 199, 202, 203, 206, 209, 212, 213, 216, 219, 222, 230, 231, 246, 247, 263, 273, 274, 276, 279, 287, 291, 311, 312, 316, 317, 318, 319, 320, 321, 324, 332, 376, 377, 382, 386, 387, 389, 395, 396, 403, 404, 405, 406, 415, 423, 472, 484, 522, 545, 594, 611, 691, 726, 793, 822, 823, 824, 825, 826, 827, 830, 850, 851, 866, 872, 894, 895, 896, 897, 898, 900, 901, 902, 903, 904, 905, 906, 907, 908, 909, 910, 916, 917, 919, 922, 958, 959, 960, 961, 974, 977, 979, 994, 996, 997, 998, 1001, 1003, 1004, 1005, 1023, 1028, 1032, 1036, 1042, 1047, 1053, 1092, 1135, 1160, 1161, 1170, 1171, 1179, 1180, 1181, 1183, 1184, 1191, 1236, 1245, 1246, 1247, 1248, 1249, 1258, 1260, 1263, 1282, 1283, 1293, 1321, 1323, 1324, 1328, 1330, 1331, 1335, 1336, 1344, 1345, 1346, 1354, 1355, 1364, 1371, 1372, 1387, 1389, 1391, 1393, 1394, 1395, 1396, 1397, 1398, 1399, 1400, 1402, 1403, 1404, 1408, 1409, 1410, 1416, 1417, 1420, 1421, 1422, 1423, 1430, 1432, 1433, 1438, 1444, 1445, 1453, 1456, 1458, 1459, 1466, 1469, 1480, 1483, 1490, 1491, 1499, 1502, 1510, 1511, 1512, 1513, 1514, 1517, 1518, 1519, 1527, 1558, 1559, 1561, 1562, 1563, 1564, 1565, 1566, 1567, 1568, 1569, 1574, 1579, 1580, 1581, 1592, 1613, 1616], "summary": {"covered_lines": 246, "num_statements": 378, "percent_covered": 65.07936507936508, "percent_covered_display": "65", "missing_lines": 132, "excluded_lines": 11, "percent_statements_covered": 65.07936507936508, "percent_statements_covered_display": "65"}, "missing_lines": [444, 445, 449, 529, 530, 531, 537, 539, 556, 557, 560, 565, 566, 570, 571, 573, 575, 579, 581, 582, 583, 585, 586, 587, 605, 621, 622, 623, 629, 631, 633, 634, 643, 644, 651, 652, 663, 664, 670, 671, 679, 685, 701, 702, 703, 704, 705, 706, 708, 709, 711, 712, 715, 716, 717, 718, 728, 729, 730, 731, 732, 733, 918, 1068, 1069, 1070, 1071, 1072, 1073, 1080, 1081, 1082, 1084, 1089, 1107, 1108, 1109, 1110, 1111, 1113, 1114, 1115, 1116, 1118, 1120, 1121, 1122, 1127, 1128, 1129, 1130, 1131, 1132, 1162, 1166, 1172, 1177, 1193, 1194, 1200, 1202, 1203, 1204, 1210, 1217, 1218, 1219, 1222, 1224, 1225, 1231, 1233, 1250, 1251, 1257, 1259, 1325, 1337, 1379, 1380, 1392, 1418, 1419, 1582, 1583, 1589, 1600, 1602, 1603, 1604, 1605, 1606], "excluded_lines": [90, 91, 242, 243, 244, 245, 254, 255, 256, 257, 258], "functions": {"SubagentEmitter.on_transition": {"executed_lines": [], "summary": {"covered_lines": 0, "num_statements": 0, "percent_covered": 100.0, "percent_covered_display": "100", "missing_lines": 0, "excluded_lines": 1, "percent_statements_covered": 100.0, "percent_statements_covered_display": "100"}, "missing_lines": [], "excluded_lines": [243], "start_line": 243}, "StateChannelWriter.write": {"executed_lines": [], "summary": {"covered_lines": 0, "num_statements": 0, "percent_covered": 100.0, "percent_covered_display": "100", "missing_lines": 0, "excluded_lines": 1, "percent_statements_covered": 100.0, "percent_statements_covered_display": "100"}, "missing_lines": [], "excluded_lines": [255], "start_line": 255}, "_NullStateWriter.__init__": {"executed_lines": [274], "summary": {"covered_lines": 1, "num_statements": 1, "percent_covered": 100.0, "percent_covered_display": "100", "missing_lines": 0, "excluded_lines": 0, "percent_statements_covered": 100.0, "percent_statements_covered_display": "100"}, "missing_lines": [], "excluded_lines": [], "start_line": 273}, "_NullStateWriter.write": {"executed_lines": [279], "summary": {"covered_lines": 1, "num_statements": 1, "percent_covered": 100.0, "percent_covered_display": "100", "missing_lines": 0, "excluded_lines": 0, "percent_statements_covered": 100.0, "percent_statements_covered_display": "100"}, "missing_lines": [], "excluded_lines": [], "start_line": 276}, "assert_within_worktree": {"executed_lines": [311, 312, 316, 317, 318, 319, 320, 321, 324], "summary": {"covered_lines": 9, "num_statements": 9, "percent_covered": 100.0, "percent_covered_display": "100", "missing_lines": 0, "excluded_lines": 0, "percent_statements_covered": 100.0, "percent_statements_covered_display": "100"}, "missing_lines": [], "excluded_lines": [], "start_line": 291}, "_update_state": {"executed_lines": [376, 377, 382, 386, 387, 389, 395, 396, 403, 404, 405, 406, 415], "summary": {"covered_lines": 13, "num_statements": 13, "percent_covered": 100.0, "percent_covered_display": "100", "missing_lines": 0, "excluded_lines": 0, "percent_statements_covered": 100.0, "percent_statements_covered_display": "100"}, "missing_lines": [], "excluded_lines": [], "start_line": 332}, "build_stage_complete_kwargs": {"executed_lines": [], "summary": {"covered_lines": 0, "num_statements": 3, "percent_covered": 0.0, "percent_covered_display": "0", "missing_lines": 3, "excluded_lines": 0, "percent_statements_covered": 0.0, "percent_statements_covered_display": "0"}, "missing_lines": [444, 445, 449], "excluded_lines": [], "start_line": 423}, "LifecycleEmitterAdapter.__init__": {"executed_lines": [], "summary": {"covered_lines": 0, "num_statements": 5, "percent_covered": 0.0, "percent_covered_display": "0", "missing_lines": 5, "excluded_lines": 0, "percent_statements_covered": 0.0, "percent_statements_covered_display": "0"}, "missing_lines": [529, 530, 531, 537, 539], "excluded_lines": [], "start_line": 522}, "LifecycleEmitterAdapter.on_transition": {"executed_lines": [], "summary": {"covered_lines": 0, "num_statements": 16, "percent_covered": 0.0, "percent_covered_display": "0", "missing_lines": 16, "excluded_lines": 0, "percent_statements_covered": 0.0, "percent_statements_covered_display": "0"}, "missing_lines": [556, 557, 560, 565, 566, 570, 571, 573, 575, 579, 581, 582, 583, 585, 586, 587], "excluded_lines": [], "start_line": 545}, "LifecycleEmitterAdapter.mark_resume_pending": {"executed_lines": [], "summary": {"covered_lines": 0, "num_statements": 1, "percent_covered": 0.0, "percent_covered_display": "0", "missing_lines": 1, "excluded_lines": 0, "percent_statements_covered": 0.0, "percent_statements_covered_display": "0"}, "missing_lines": [605], "excluded_lines": [], "start_line": 594}, "LifecycleEmitterAdapter._build_coroutine": {"executed_lines": [], "summary": {"covered_lines": 0, "num_statements": 17, "percent_covered": 0.0, "percent_covered_display": "0", "missing_lines": 17, "excluded_lines": 0, "percent_statements_covered": 0.0, "percent_statements_covered_display": "0"}, "missing_lines": [621, 622, 623, 629, 631, 633, 634, 643, 644, 651, 652, 663, 664, 670, 671, 679, 685], "excluded_lines": [], "start_line": 611}, "LifecycleEmitterAdapter._schedule": {"executed_lines": [], "summary": {"covered_lines": 0, "num_statements": 14, "percent_covered": 0.0, "percent_covered_display": "0", "missing_lines": 14, "excluded_lines": 0, "percent_statements_covered": 0.0, "percent_statements_covered_display": "0"}, "missing_lines": [701, 702, 703, 704, 705, 706, 708, 709, 711, 712, 715, 716, 717, 718], "excluded_lines": [], "start_line": 691}, "LifecycleEmitterAdapter._safe_run": {"executed_lines": [], "summary": {"covered_lines": 0, "num_statements": 6, "percent_covered": 0.0, "percent_covered_display": "0", "missing_lines": 6, "excluded_lines": 0, "percent_statements_covered": 0.0, "percent_statements_covered_display": "0"}, "missing_lines": [728, 729, 730, 731, 732, 733], "excluded_lines": [], "start_line": 726}, "_async_tasks_reducer": {"executed_lines": [822, 823, 824, 825, 826, 827], "summary": {"covered_lines": 6, "num_statements": 6, "percent_covered": 100.0, "percent_covered_display": "100", "missing_lines": 0, "excluded_lines": 0, "percent_statements_covered": 100.0, "percent_statements_covered_display": "100"}, "missing_lines": [], "excluded_lines": [], "start_line": 793}, "_extract_launch_payload": {"executed_lines": [894, 895, 896, 897, 898, 900, 901, 902, 903, 904, 905, 906, 907, 908, 909, 910, 916, 917, 919], "summary": {"covered_lines": 19, "num_statements": 20, "percent_covered": 95.0, "percent_covered_display": "95", "missing_lines": 1, "excluded_lines": 0, "percent_statements_covered": 95.0, "percent_statements_covered_display": "95"}, "missing_lines": [918], "excluded_lines": [], "start_line": 872}, "_build_snapshot": {"executed_lines": [958, 959, 960, 961, 974], "summary": {"covered_lines": 5, "num_statements": 5, "percent_covered": 100.0, "percent_covered_display": "100", "missing_lines": 0, "excluded_lines": 0, "percent_statements_covered": 100.0, "percent_statements_covered_display": "100"}, "missing_lines": [], "excluded_lines": [], "start_line": 922}, "_snapshot_update": {"executed_lines": [979], "summary": {"covered_lines": 1, "num_statements": 1, "percent_covered": 100.0, "percent_covered_display": "100", "missing_lines": 0, "excluded_lines": 0, "percent_statements_covered": 100.0, "percent_statements_covered_display": "100"}, "missing_lines": [], "excluded_lines": [], "start_line": 977}, "_node_starting": {"executed_lines": [996, 997, 998], "summary": {"covered_lines": 3, "num_statements": 3, "percent_covered": 100.0, "percent_covered_display": "100", "missing_lines": 0, "excluded_lines": 0, "percent_statements_covered": 100.0, "percent_statements_covered_display": "100"}, "missing_lines": [], "excluded_lines": [], "start_line": 994}, "_node_planning_waves": {"executed_lines": [1003, 1004, 1005], "summary": {"covered_lines": 3, "num_statements": 3, "percent_covered": 100.0, "percent_covered_display": "100", "missing_lines": 0, "excluded_lines": 0, "percent_statements_covered": 100.0, "percent_statements_covered_display": "100"}, "missing_lines": [], "excluded_lines": [], "start_line": 1001}, "_resolve_guardkit_path": {"executed_lines": [], "summary": {"covered_lines": 0, "num_statements": 11, "percent_covered": 0.0, "percent_covered_display": "0", "missing_lines": 11, "excluded_lines": 0, "percent_statements_covered": 0.0, "percent_statements_covered_display": "0"}, "missing_lines": [1068, 1069, 1070, 1071, 1072, 1073, 1080, 1081, 1082, 1084, 1089], "excluded_lines": [], "start_line": 1053}, "_load_filesystem_allowlist": {"executed_lines": [], "summary": {"covered_lines": 0, "num_statements": 19, "percent_covered": 0.0, "percent_covered_display": "0", "missing_lines": 19, "excluded_lines": 0, "percent_statements_covered": 0.0, "percent_statements_covered_display": "0"}, "missing_lines": [1107, 1108, 1109, 1110, 1111, 1113, 1114, 1115, 1116, 1118, 1120, 1121, 1122, 1127, 1128, 1129, 1130, 1131, 1132], "excluded_lines": [], "start_line": 1092}, "_resolve_repo_path": {"executed_lines": [1160, 1161, 1170, 1171, 1179, 1180, 1181, 1183, 1184, 1191], "summary": {"covered_lines": 10, "num_statements": 29, "percent_covered": 34.48275862068966, "percent_covered_display": "34", "missing_lines": 19, "excluded_lines": 0, "percent_statements_covered": 34.48275862068966, "percent_statements_covered_display": "34"}, "missing_lines": [1162, 1166, 1172, 1177, 1193, 1194, 1200, 1202, 1203, 1204, 1210, 1217, 1218, 1219, 1222, 1224, 1225, 1231, 1233], "excluded_lines": [], "start_line": 1135}, "_resolve_autobuild_timeout_seconds": {"executed_lines": [1245, 1246, 1247, 1248, 1249, 1258, 1260], "summary": {"covered_lines": 7, "num_statements": 11, "percent_covered": 63.63636363636363, "percent_covered_display": "64", "missing_lines": 4, "excluded_lines": 0, "percent_statements_covered": 63.63636363636363, "percent_statements_covered_display": "64"}, "missing_lines": [1250, 1251, 1257, 1259], "excluded_lines": [], "start_line": 1236}, "_build_failed_snapshot": {"executed_lines": [1282, 1283], "summary": {"covered_lines": 2, "num_statements": 2, "percent_covered": 100.0, "percent_covered_display": "100", "missing_lines": 0, "excluded_lines": 0, "percent_statements_covered": 100.0, "percent_statements_covered_display": "100"}, "missing_lines": [], "excluded_lines": [], "start_line": 1263}, "_node_running_wave": {"executed_lines": [1321, 1323, 1324, 1328, 1330, 1331, 1335, 1336, 1344, 1345, 1346, 1354, 1355, 1364, 1371, 1372, 1387, 1389, 1402, 1403, 1404, 1408, 1409, 1410, 1416, 1417, 1420, 1421, 1422, 1423, 1430, 1432, 1433, 1438, 1444, 1445, 1453], "summary": {"covered_lines": 37, "num_statements": 43, "percent_covered": 86.04651162790698, "percent_covered_display": "86", "missing_lines": 6, "excluded_lines": 0, "percent_statements_covered": 86.04651162790698, "percent_statements_covered_display": "86"}, "missing_lines": [1325, 1337, 1379, 1380, 1418, 1419], "excluded_lines": [], "start_line": 1293}, "_node_running_wave._drain_stdout": {"executed_lines": [1391, 1393, 1394, 1395, 1396, 1397, 1398, 1399, 1400], "summary": {"covered_lines": 9, "num_statements": 10, "percent_covered": 90.0, "percent_covered_display": "90", "missing_lines": 1, "excluded_lines": 0, "percent_statements_covered": 90.0, "percent_statements_covered_display": "90"}, "missing_lines": [1392], "excluded_lines": [], "start_line": 1389}, "_node_completed": {"executed_lines": [1458, 1459, 1466], "summary": {"covered_lines": 3, "num_statements": 3, "percent_covered": 100.0, "percent_covered_display": "100", "missing_lines": 0, "excluded_lines": 0, "percent_statements_covered": 100.0, "percent_statements_covered_display": "100"}, "missing_lines": [], "excluded_lines": [], "start_line": 1456}, "_node_failed": {"executed_lines": [1480, 1483, 1490, 1491, 1499], "summary": {"covered_lines": 5, "num_statements": 5, "percent_covered": 100.0, "percent_covered_display": "100", "missing_lines": 0, "excluded_lines": 0, "percent_statements_covered": 100.0, "percent_statements_covered_display": "100"}, "missing_lines": [], "excluded_lines": [], "start_line": 1469}, "_route_after_running_wave": {"executed_lines": [1510, 1511, 1512, 1513, 1514, 1517, 1518, 1519], "summary": {"covered_lines": 8, "num_statements": 8, "percent_covered": 100.0, "percent_covered_display": "100", "missing_lines": 0, "excluded_lines": 0, "percent_statements_covered": 100.0, "percent_statements_covered_display": "100"}, "missing_lines": [], "excluded_lines": [], "start_line": 1502}, "_build_runner_graph": {"executed_lines": [1558, 1559, 1561, 1562, 1563, 1564, 1565, 1566, 1567, 1568, 1569, 1574, 1579, 1580, 1581], "summary": {"covered_lines": 15, "num_statements": 18, "percent_covered": 83.33333333333333, "percent_covered_display": "83", "missing_lines": 3, "excluded_lines": 0, "percent_statements_covered": 83.33333333333333, "percent_statements_covered_display": "83"}, "missing_lines": [1582, 1583, 1589], "excluded_lines": [], "start_line": 1527}, "_build_placeholder_graph": {"executed_lines": [], "summary": {"covered_lines": 0, "num_statements": 6, "percent_covered": 0.0, "percent_covered_display": "0", "missing_lines": 6, "excluded_lines": 0, "percent_statements_covered": 0.0, "percent_statements_covered_display": "0"}, "missing_lines": [1600, 1602, 1603, 1604, 1605, 1606], "excluded_lines": [], "start_line": 1592}, "": {"executed_lines": [73, 75, 76, 77, 78, 79, 80, 81, 82, 83, 84, 86, 87, 88, 93, 105, 120, 127, 133, 141, 184, 187, 188, 189, 192, 193, 194, 195, 196, 197, 198, 199, 202, 203, 206, 209, 212, 213, 216, 219, 222, 230, 231, 246, 247, 263, 273, 276, 287, 291, 332, 423, 472, 484, 522, 545, 594, 611, 691, 726, 793, 830, 850, 851, 866, 872, 922, 977, 994, 1001, 1023, 1028, 1032, 1036, 1042, 1047, 1053, 1092, 1135, 1236, 1263, 1293, 1456, 1469, 1502, 1527, 1592, 1613, 1616], "summary": {"covered_lines": 89, "num_statements": 89, "percent_covered": 100.0, "percent_covered_display": "100", "missing_lines": 0, "excluded_lines": 9, "percent_statements_covered": 100.0, "percent_statements_covered_display": "100"}, "missing_lines": [], "excluded_lines": [90, 91, 242, 244, 245, 254, 256, 257, 258], "start_line": 1}}, "classes": {"AutobuildState": {"executed_lines": [], "summary": {"covered_lines": 0, "num_statements": 0, "percent_covered": 100.0, "percent_covered_display": "100", "missing_lines": 0, "excluded_lines": 0, "percent_statements_covered": 100.0, "percent_statements_covered_display": "100"}, "missing_lines": [], "excluded_lines": [], "start_line": 141}, "SubagentEmitter": {"executed_lines": [], "summary": {"covered_lines": 0, "num_statements": 0, "percent_covered": 100.0, "percent_covered_display": "100", "missing_lines": 0, "excluded_lines": 1, "percent_statements_covered": 100.0, "percent_statements_covered_display": "100"}, "missing_lines": [], "excluded_lines": [243], "start_line": 231}, "StateChannelWriter": {"executed_lines": [], "summary": {"covered_lines": 0, "num_statements": 0, "percent_covered": 100.0, "percent_covered_display": "100", "missing_lines": 0, "excluded_lines": 1, "percent_statements_covered": 100.0, "percent_statements_covered_display": "100"}, "missing_lines": [], "excluded_lines": [255], "start_line": 247}, "_NullStateWriter": {"executed_lines": [274, 279], "summary": {"covered_lines": 2, "num_statements": 2, "percent_covered": 100.0, "percent_covered_display": "100", "missing_lines": 0, "excluded_lines": 0, "percent_statements_covered": 100.0, "percent_statements_covered_display": "100"}, "missing_lines": [], "excluded_lines": [], "start_line": 263}, "WorktreeConfinementError": {"executed_lines": [], "summary": {"covered_lines": 0, "num_statements": 0, "percent_covered": 100.0, "percent_covered_display": "100", "missing_lines": 0, "excluded_lines": 0, "percent_statements_covered": 100.0, "percent_statements_covered_display": "100"}, "missing_lines": [], "excluded_lines": [], "start_line": 287}, "LifecycleEmitterAdapter": {"executed_lines": [], "summary": {"covered_lines": 0, "num_statements": 59, "percent_covered": 0.0, "percent_covered_display": "0", "missing_lines": 59, "excluded_lines": 0, "percent_statements_covered": 0.0, "percent_statements_covered_display": "0"}, "missing_lines": [529, 530, 531, 537, 539, 556, 557, 560, 565, 566, 570, 571, 573, 575, 579, 581, 582, 583, 585, 586, 587, 605, 621, 622, 623, 629, 631, 633, 634, 643, 644, 651, 652, 663, 664, 670, 671, 679, 685, 701, 702, 703, 704, 705, 706, 708, 709, 711, 712, 715, 716, 717, 718, 728, 729, 730, 731, 732, 733], "excluded_lines": [], "start_line": 484}, "AutobuildRunnerState": {"executed_lines": [], "summary": {"covered_lines": 0, "num_statements": 0, "percent_covered": 100.0, "percent_covered_display": "100", "missing_lines": 0, "excluded_lines": 0, "percent_statements_covered": 100.0, "percent_statements_covered_display": "100"}, "missing_lines": [], "excluded_lines": [], "start_line": 830}, "": {"executed_lines": [73, 75, 76, 77, 78, 79, 80, 81, 82, 83, 84, 86, 87, 88, 93, 105, 120, 127, 133, 141, 184, 187, 188, 189, 192, 193, 194, 195, 196, 197, 198, 199, 202, 203, 206, 209, 212, 213, 216, 219, 222, 230, 231, 246, 247, 263, 273, 276, 287, 291, 311, 312, 316, 317, 318, 319, 320, 321, 324, 332, 376, 377, 382, 386, 387, 389, 395, 396, 403, 404, 405, 406, 415, 423, 472, 484, 522, 545, 594, 611, 691, 726, 793, 822, 823, 824, 825, 826, 827, 830, 850, 851, 866, 872, 894, 895, 896, 897, 898, 900, 901, 902, 903, 904, 905, 906, 907, 908, 909, 910, 916, 917, 919, 922, 958, 959, 960, 961, 974, 977, 979, 994, 996, 997, 998, 1001, 1003, 1004, 1005, 1023, 1028, 1032, 1036, 1042, 1047, 1053, 1092, 1135, 1160, 1161, 1170, 1171, 1179, 1180, 1181, 1183, 1184, 1191, 1236, 1245, 1246, 1247, 1248, 1249, 1258, 1260, 1263, 1282, 1283, 1293, 1321, 1323, 1324, 1328, 1330, 1331, 1335, 1336, 1344, 1345, 1346, 1354, 1355, 1364, 1371, 1372, 1387, 1389, 1391, 1393, 1394, 1395, 1396, 1397, 1398, 1399, 1400, 1402, 1403, 1404, 1408, 1409, 1410, 1416, 1417, 1420, 1421, 1422, 1423, 1430, 1432, 1433, 1438, 1444, 1445, 1453, 1456, 1458, 1459, 1466, 1469, 1480, 1483, 1490, 1491, 1499, 1502, 1510, 1511, 1512, 1513, 1514, 1517, 1518, 1519, 1527, 1558, 1559, 1561, 1562, 1563, 1564, 1565, 1566, 1567, 1568, 1569, 1574, 1579, 1580, 1581, 1592, 1613, 1616], "summary": {"covered_lines": 244, "num_statements": 317, "percent_covered": 76.97160883280758, "percent_covered_display": "77", "missing_lines": 73, "excluded_lines": 9, "percent_statements_covered": 76.97160883280758, "percent_statements_covered_display": "77"}, "missing_lines": [444, 445, 449, 918, 1068, 1069, 1070, 1071, 1072, 1073, 1080, 1081, 1082, 1084, 1089, 1107, 1108, 1109, 1110, 1111, 1113, 1114, 1115, 1116, 1118, 1120, 1121, 1122, 1127, 1128, 1129, 1130, 1131, 1132, 1162, 1166, 1172, 1177, 1193, 1194, 1200, 1202, 1203, 1204, 1210, 1217, 1218, 1219, 1222, 1224, 1225, 1231, 1233, 1250, 1251, 1257, 1259, 1325, 1337, 1379, 1380, 1392, 1418, 1419, 1582, 1583, 1589, 1600, 1602, 1603, 1604, 1605, 1606], "excluded_lines": [90, 91, 242, 244, 245, 254, 256, 257, 258], "start_line": 1}}}}, "totals": {"covered_lines": 246, "num_statements": 378, "percent_covered": 65.07936507936508, "percent_covered_display": "65", "missing_lines": 132, "excluded_lines": 11, "percent_statements_covered": 65.07936507936508, "percent_statements_covered_display": "65"}}