{"meta": {"format": 3, "version": "7.13.5", "timestamp": "2026-05-07T13:54:51.746427", "branch_coverage": false, "show_contexts": false}, "files": {"src/forge/cli/_serve_handlers.py": {"executed_lines": [60, 62, 63, 65, 67, 70, 76, 77, 101, 102, 103, 104, 107, 135, 136, 140, 144, 149, 163, 165, 166, 168, 170, 179], "summary": {"covered_lines": 24, "num_statements": 24, "percent_covered": 100.0, "percent_covered_display": "100", "missing_lines": 0, "excluded_lines": 0, "percent_statements_covered": 100.0, "percent_statements_covered_display": "100"}, "missing_lines": [], "excluded_lines": [], "functions": {"cancel_via_bridge": {"executed_lines": [135, 136, 140, 144, 149, 163, 165, 166, 168, 170, 179], "summary": {"covered_lines": 11, "num_statements": 11, "percent_covered": 100.0, "percent_covered_display": "100", "missing_lines": 0, "excluded_lines": 0, "percent_statements_covered": 100.0, "percent_statements_covered_display": "100"}, "missing_lines": [], "excluded_lines": [], "start_line": 107}, "": {"executed_lines": [60, 62, 63, 65, 67, 70, 76, 77, 101, 102, 103, 104, 107], "summary": {"covered_lines": 13, "num_statements": 13, "percent_covered": 100.0, "percent_covered_display": "100", "missing_lines": 0, "excluded_lines": 0, "percent_statements_covered": 100.0, "percent_statements_covered_display": "100"}, "missing_lines": [], "excluded_lines": [], "start_line": 1}}, "classes": {"CancelHandlerOutcome": {"executed_lines": [], "summary": {"covered_lines": 0, "num_statements": 0, "percent_covered": 100.0, "percent_covered_display": "100", "missing_lines": 0, "excluded_lines": 0, "percent_statements_covered": 100.0, "percent_statements_covered_display": "100"}, "missing_lines": [], "excluded_lines": [], "start_line": 77}, "": {"executed_lines": [60, 62, 63, 65, 67, 70, 76, 77, 101, 102, 103, 104, 107, 135, 136, 140, 144, 149, 163, 165, 166, 168, 170, 179], "summary": {"covered_lines": 24, "num_statements": 24, "percent_covered": 100.0, "percent_covered_display": "100", "missing_lines": 0, "excluded_lines": 0, "percent_statements_covered": 100.0, "percent_statements_covered_display": "100"}, "missing_lines": [], "excluded_lines": [], "start_line": 1}}}, "src/forge/lifecycle_bridge/__init__.py": {"executed_lines": [10, 12, 18], "summary": {"covered_lines": 3, "num_statements": 3, "percent_covered": 100.0, "percent_covered_display": "100", "missing_lines": 0, "excluded_lines": 0, "percent_statements_covered": 100.0, "percent_statements_covered_display": "100"}, "missing_lines": [], "excluded_lines": [], "functions": {"": {"executed_lines": [10, 12, 18], "summary": {"covered_lines": 3, "num_statements": 3, "percent_covered": 100.0, "percent_covered_display": "100", "missing_lines": 0, "excluded_lines": 0, "percent_statements_covered": 100.0, "percent_statements_covered_display": "100"}, "missing_lines": [], "excluded_lines": [], "start_line": 1}}, "classes": {"": {"executed_lines": [10, 12, 18], "summary": {"covered_lines": 3, "num_statements": 3, "percent_covered": 100.0, "percent_covered_display": "100", "missing_lines": 0, "excluded_lines": 0, "percent_statements_covered": 100.0, "percent_statements_covered_display": "100"}, "missing_lines": [], "excluded_lines": [], "start_line": 1}}}, "src/forge/lifecycle_bridge/bridge.py": {"executed_lines": [44, 46, 47, 48, 49, 51, 52, 57, 60, 75, 76, 94, 95, 96, 97, 98, 101, 102, 126, 127, 128, 129, 130, 139, 157, 171, 172, 183, 191, 215, 222, 233, 234, 235, 238, 242, 250, 256, 278, 283, 289, 290, 305, 306, 307, 320, 337, 341, 346, 347, 350, 351, 361, 387, 392, 393, 399, 405, 449, 450, 460, 461, 466, 477, 478, 480, 485, 486, 491, 497, 498, 509, 510, 518, 519, 524, 529, 530, 534, 536, 548, 560, 561, 562, 563], "summary": {"covered_lines": 85, "num_statements": 91, "percent_covered": 93.4065934065934, "percent_covered_display": "93", "missing_lines": 6, "excluded_lines": 13, "percent_statements_covered": 93.4065934065934, "percent_statements_covered_display": "93"}, "missing_lines": [223, 279, 284, 338, 342, 388], "excluded_lines": [148, 149, 150, 151, 152, 153, 154, 155, 156, 167, 168, 169, 170], "functions": {"RunsCancelClient.cancel": {"executed_lines": [], "summary": {"covered_lines": 0, "num_statements": 0, "percent_covered": 100.0, "percent_covered_display": "100", "missing_lines": 0, "excluded_lines": 1, "percent_statements_covered": 100.0, "percent_statements_covered_display": "100"}, "missing_lines": [], "excluded_lines": [154], "start_line": 148}, "LangGraphCancelClient.runs": {"executed_lines": [], "summary": {"covered_lines": 0, "num_statements": 0, "percent_covered": 100.0, "percent_covered_display": "100", "missing_lines": 0, "excluded_lines": 1, "percent_statements_covered": 100.0, "percent_statements_covered_display": "100"}, "missing_lines": [], "excluded_lines": [168], "start_line": 168}, "LifecycleBridge.__init__": {"executed_lines": [222, 233, 234, 235, 238, 242, 250], "summary": {"covered_lines": 7, "num_statements": 8, "percent_covered": 87.5, "percent_covered_display": "88", "missing_lines": 1, "excluded_lines": 0, "percent_statements_covered": 87.5, "percent_statements_covered_display": "88"}, "missing_lines": [223], "excluded_lines": [], "start_line": 215}, "LifecycleBridge.attach": {"executed_lines": [278, 283, 289, 290, 305, 306, 307], "summary": {"covered_lines": 7, "num_statements": 9, "percent_covered": 77.77777777777777, "percent_covered_display": "78", "missing_lines": 2, "excluded_lines": 0, "percent_statements_covered": 77.77777777777777, "percent_statements_covered_display": "78"}, "missing_lines": [279, 284], "excluded_lines": [], "start_line": 256}, "LifecycleBridge.detach": {"executed_lines": [337, 341, 346, 347, 350, 351], "summary": {"covered_lines": 6, "num_statements": 8, "percent_covered": 75.0, "percent_covered_display": "75", "missing_lines": 2, "excluded_lines": 0, "percent_statements_covered": 75.0, "percent_statements_covered_display": "75"}, "missing_lines": [338, 342], "excluded_lines": [], "start_line": 320}, "LifecycleBridge.recover_in_flight": {"executed_lines": [387, 392, 393, 399], "summary": {"covered_lines": 4, "num_statements": 5, "percent_covered": 80.0, "percent_covered_display": "80", "missing_lines": 1, "excluded_lines": 0, "percent_statements_covered": 80.0, "percent_statements_covered_display": "80"}, "missing_lines": [388], "excluded_lines": [], "start_line": 361}, "LifecycleBridge.request_cancel": {"executed_lines": [449, 450, 460, 461, 466, 477, 478, 480, 485, 486, 491, 497, 498, 509, 510, 518, 519, 524, 529, 530, 534, 536], "summary": {"covered_lines": 22, "num_statements": 22, "percent_covered": 100.0, "percent_covered_display": "100", "missing_lines": 0, "excluded_lines": 0, "percent_statements_covered": 100.0, "percent_statements_covered_display": "100"}, "missing_lines": [], "excluded_lines": [], "start_line": 405}, "LifecycleBridge.shutdown": {"executed_lines": [560, 561, 562, 563], "summary": {"covered_lines": 4, "num_statements": 4, "percent_covered": 100.0, "percent_covered_display": "100", "missing_lines": 0, "excluded_lines": 0, "percent_statements_covered": 100.0, "percent_statements_covered_display": "100"}, "missing_lines": [], "excluded_lines": [], "start_line": 548}, "": {"executed_lines": [44, 46, 47, 48, 49, 51, 52, 57, 60, 75, 76, 94, 95, 96, 97, 98, 101, 102, 126, 127, 128, 129, 130, 139, 157, 171, 172, 183, 191, 215, 256, 320, 361, 405, 548], "summary": {"covered_lines": 35, "num_statements": 35, "percent_covered": 100.0, "percent_covered_display": "100", "missing_lines": 0, "excluded_lines": 11, "percent_statements_covered": 100.0, "percent_statements_covered_display": "100"}, "missing_lines": [], "excluded_lines": [148, 149, 150, 151, 152, 153, 155, 156, 167, 169, 170], "start_line": 1}}, "classes": {"BuildContext": {"executed_lines": [], "summary": {"covered_lines": 0, "num_statements": 0, "percent_covered": 100.0, "percent_covered_display": "100", "missing_lines": 0, "excluded_lines": 0, "percent_statements_covered": 100.0, "percent_statements_covered_display": "100"}, "missing_lines": [], "excluded_lines": [], "start_line": 76}, "CancelResult": {"executed_lines": [], "summary": {"covered_lines": 0, "num_statements": 0, "percent_covered": 100.0, "percent_covered_display": "100", "missing_lines": 0, "excluded_lines": 0, "percent_statements_covered": 100.0, "percent_statements_covered_display": "100"}, "missing_lines": [], "excluded_lines": [], "start_line": 102}, "RunsCancelClient": {"executed_lines": [], "summary": {"covered_lines": 0, "num_statements": 0, "percent_covered": 100.0, "percent_covered_display": "100", "missing_lines": 0, "excluded_lines": 1, "percent_statements_covered": 100.0, "percent_statements_covered_display": "100"}, "missing_lines": [], "excluded_lines": [154], "start_line": 139}, "LangGraphCancelClient": {"executed_lines": [], "summary": {"covered_lines": 0, "num_statements": 0, "percent_covered": 100.0, "percent_covered_display": "100", "missing_lines": 0, "excluded_lines": 1, "percent_statements_covered": 100.0, "percent_statements_covered_display": "100"}, "missing_lines": [], "excluded_lines": [168], "start_line": 157}, "AckHandle": {"executed_lines": [], "summary": {"covered_lines": 0, "num_statements": 0, "percent_covered": 100.0, "percent_covered_display": "100", "missing_lines": 0, "excluded_lines": 0, "percent_statements_covered": 100.0, "percent_statements_covered_display": "100"}, "missing_lines": [], "excluded_lines": [], "start_line": 172}, "LifecycleBridge": {"executed_lines": [222, 233, 234, 235, 238, 242, 250, 278, 283, 289, 290, 305, 306, 307, 337, 341, 346, 347, 350, 351, 387, 392, 393, 399, 449, 450, 460, 461, 466, 477, 478, 480, 485, 486, 491, 497, 498, 509, 510, 518, 519, 524, 529, 530, 534, 536, 560, 561, 562, 563], "summary": {"covered_lines": 50, "num_statements": 56, "percent_covered": 89.28571428571429, "percent_covered_display": "89", "missing_lines": 6, "excluded_lines": 0, "percent_statements_covered": 89.28571428571429, "percent_statements_covered_display": "89"}, "missing_lines": [223, 279, 284, 338, 342, 388], "excluded_lines": [], "start_line": 191}, "": {"executed_lines": [44, 46, 47, 48, 49, 51, 52, 57, 60, 75, 76, 94, 95, 96, 97, 98, 101, 102, 126, 127, 128, 129, 130, 139, 157, 171, 172, 183, 191, 215, 256, 320, 361, 405, 548], "summary": {"covered_lines": 35, "num_statements": 35, "percent_covered": 100.0, "percent_covered_display": "100", "missing_lines": 0, "excluded_lines": 11, "percent_statements_covered": 100.0, "percent_statements_covered_display": "100"}, "missing_lines": [], "excluded_lines": [148, 149, 150, 151, 152, 153, 155, 156, 167, 169, 170], "start_line": 1}}}, "src/forge/lifecycle_bridge/coexistence.py": {"executed_lines": [56, 58, 59, 60, 61, 62, 64, 67, 81, 88, 93, 102, 113, 114, 134, 135, 136, 137, 140, 160, 161, 166, 167, 168, 175, 178, 209, 210, 211, 215, 216, 217, 223, 257, 258, 261, 262, 265, 266, 270, 271, 272, 273, 281, 286, 287, 288, 296, 304, 310, 331, 335, 341, 348, 350, 369, 373, 378, 386, 392, 393, 402, 413], "summary": {"covered_lines": 63, "num_statements": 77, "percent_covered": 81.81818181818181, "percent_covered_display": "82", "missing_lines": 14, "excluded_lines": 2, "percent_statements_covered": 81.81818181818181, "percent_statements_covered_display": "82"}, "missing_lines": [169, 170, 173, 282, 283, 284, 332, 336, 370, 374, 387, 395, 415, 416], "excluded_lines": [417, 418], "functions": {"apply_migration": {"executed_lines": [160, 161, 166, 167, 168, 175], "summary": {"covered_lines": 6, "num_statements": 9, "percent_covered": 66.66666666666667, "percent_covered_display": "67", "missing_lines": 3, "excluded_lines": 0, "percent_statements_covered": 66.66666666666667, "percent_statements_covered_display": "67"}, "missing_lines": [169, 170, 173], "excluded_lines": [], "start_line": 140}, "TerminalPublishLedger.__init__": {"executed_lines": [210, 211, 215, 216, 217], "summary": {"covered_lines": 5, "num_statements": 5, "percent_covered": 100.0, "percent_covered_display": "100", "missing_lines": 0, "excluded_lines": 0, "percent_statements_covered": 100.0, "percent_statements_covered_display": "100"}, "missing_lines": [], "excluded_lines": [], "start_line": 209}, "TerminalPublishLedger.claim": {"executed_lines": [257, 258, 261, 262, 265, 266, 270, 271, 272, 273, 281, 286, 287, 288, 296, 304], "summary": {"covered_lines": 16, "num_statements": 19, "percent_covered": 84.21052631578948, "percent_covered_display": "84", "missing_lines": 3, "excluded_lines": 0, "percent_statements_covered": 84.21052631578948, "percent_statements_covered_display": "84"}, "missing_lines": [282, 283, 284], "excluded_lines": [], "start_line": 223}, "TerminalPublishLedger.is_claimed": {"executed_lines": [331, 335, 341, 348], "summary": {"covered_lines": 4, "num_statements": 6, "percent_covered": 66.66666666666667, "percent_covered_display": "67", "missing_lines": 2, "excluded_lines": 0, "percent_statements_covered": 66.66666666666667, "percent_statements_covered_display": "67"}, "missing_lines": [332, 336], "excluded_lines": [], "start_line": 310}, "TerminalPublishLedger.get": {"executed_lines": [369, 373, 378, 386, 392, 393, 402], "summary": {"covered_lines": 7, "num_statements": 11, "percent_covered": 63.63636363636363, "percent_covered_display": "64", "missing_lines": 4, "excluded_lines": 0, "percent_statements_covered": 63.63636363636363, "percent_statements_covered_display": "64"}, "missing_lines": [370, 374, 387, 395], "excluded_lines": [], "start_line": 350}, "TerminalPublishLedger._safe_rollback": {"executed_lines": [], "summary": {"covered_lines": 0, "num_statements": 2, "percent_covered": 0.0, "percent_covered_display": "0", "missing_lines": 2, "excluded_lines": 2, "percent_statements_covered": 0.0, "percent_statements_covered_display": "0"}, "missing_lines": [415, 416], "excluded_lines": [417, 418], "start_line": 413}, "": {"executed_lines": [56, 58, 59, 60, 61, 62, 64, 67, 81, 88, 93, 102, 113, 114, 134, 135, 136, 137, 140, 178, 209, 223, 310, 350, 413], "summary": {"covered_lines": 25, "num_statements": 25, "percent_covered": 100.0, "percent_covered_display": "100", "missing_lines": 0, "excluded_lines": 0, "percent_statements_covered": 100.0, "percent_statements_covered_display": "100"}, "missing_lines": [], "excluded_lines": [], "start_line": 1}}, "classes": {"TerminalPublishClaim": {"executed_lines": [], "summary": {"covered_lines": 0, "num_statements": 0, "percent_covered": 100.0, "percent_covered_display": "100", "missing_lines": 0, "excluded_lines": 0, "percent_statements_covered": 100.0, "percent_statements_covered_display": "100"}, "missing_lines": [], "excluded_lines": [], "start_line": 114}, "TerminalPublishLedger": {"executed_lines": [210, 211, 215, 216, 217, 257, 258, 261, 262, 265, 266, 270, 271, 272, 273, 281, 286, 287, 288, 296, 304, 331, 335, 341, 348, 369, 373, 378, 386, 392, 393, 402], "summary": {"covered_lines": 32, "num_statements": 43, "percent_covered": 74.4186046511628, "percent_covered_display": "74", "missing_lines": 11, "excluded_lines": 2, "percent_statements_covered": 74.4186046511628, "percent_statements_covered_display": "74"}, "missing_lines": [282, 283, 284, 332, 336, 370, 374, 387, 395, 415, 416], "excluded_lines": [417, 418], "start_line": 178}, "": {"executed_lines": [56, 58, 59, 60, 61, 62, 64, 67, 81, 88, 93, 102, 113, 114, 134, 135, 136, 137, 140, 160, 161, 166, 167, 168, 175, 178, 209, 223, 310, 350, 413], "summary": {"covered_lines": 31, "num_statements": 34, "percent_covered": 91.17647058823529, "percent_covered_display": "91", "missing_lines": 3, "excluded_lines": 0, "percent_statements_covered": 91.17647058823529, "percent_statements_covered_display": "91"}, "missing_lines": [169, 170, 173], "excluded_lines": [], "start_line": 1}}}, "src/forge/lifecycle_bridge/translation.py": {"executed_lines": [50, 52, 53, 54, 55, 57, 58, 68, 70, 73, 86, 95, 106, 116, 140, 148, 149, 161, 162, 163, 164, 165, 166, 167, 168, 169, 170, 178, 179, 182, 207, 208, 210, 211, 212, 213, 214, 216, 222, 232, 236, 237, 238, 239, 240, 241, 242, 246, 249, 251, 252, 289, 310, 318, 319, 321, 322, 323, 329, 359, 361, 362, 366, 372, 374, 375, 383, 384, 387, 392, 394, 400, 422, 425, 426, 435, 438, 439, 442, 445, 448, 451, 456, 459, 462, 466, 475, 478, 484, 485, 490, 491, 493, 494, 495, 499, 500, 512, 513, 515, 520, 521, 522, 524, 527, 528, 535, 536, 538, 541, 550, 551, 552, 564, 565, 575, 582, 583, 601, 602, 603, 604, 605, 611, 612, 621, 622, 623], "summary": {"covered_lines": 128, "num_statements": 150, "percent_covered": 85.33333333333333, "percent_covered_display": "85", "missing_lines": 22, "excluded_lines": 0, "percent_statements_covered": 85.33333333333333, "percent_statements_covered_display": "85"}, "missing_lines": [233, 244, 247, 274, 275, 281, 376, 381, 385, 523, 525, 624, 625, 626, 627, 629, 630, 631, 632, 633, 634, 635], "excluded_lines": [], "functions": {"attach_correlation_id_to_v1_payload": {"executed_lines": [140], "summary": {"covered_lines": 1, "num_statements": 1, "percent_covered": 100.0, "percent_covered_display": "100", "missing_lines": 0, "excluded_lines": 0, "percent_statements_covered": 100.0, "percent_statements_covered_display": "100"}, "missing_lines": [], "excluded_lines": [], "start_line": 116}, "_extract_error_metadata": {"executed_lines": [207, 208, 210, 211, 212, 213, 214, 216], "summary": {"covered_lines": 8, "num_statements": 8, "percent_covered": 100.0, "percent_covered_display": "100", "missing_lines": 0, "excluded_lines": 0, "percent_statements_covered": 100.0, "percent_statements_covered_display": "100"}, "missing_lines": [], "excluded_lines": [], "start_line": 182}, "_extract_state": {"executed_lines": [232, 236, 237, 238, 239, 240, 241, 242, 246, 249, 251, 252], "summary": {"covered_lines": 12, "num_statements": 18, "percent_covered": 66.66666666666667, "percent_covered_display": "67", "missing_lines": 6, "excluded_lines": 0, "percent_statements_covered": 66.66666666666667, "percent_statements_covered_display": "67"}, "missing_lines": [233, 244, 247, 274, 275, 281], "excluded_lines": [], "start_line": 222}, "StreamEventTranslator.__init__": {"executed_lines": [318, 319], "summary": {"covered_lines": 2, "num_statements": 2, "percent_covered": 100.0, "percent_covered_display": "100", "missing_lines": 0, "excluded_lines": 0, "percent_statements_covered": 100.0, "percent_statements_covered_display": "100"}, "missing_lines": [], "excluded_lines": [], "start_line": 310}, "StreamEventTranslator._default_clock": {"executed_lines": [323], "summary": {"covered_lines": 1, "num_statements": 1, "percent_covered": 100.0, "percent_covered_display": "100", "missing_lines": 0, "excluded_lines": 0, "percent_statements_covered": 100.0, "percent_statements_covered_display": "100"}, "missing_lines": [], "excluded_lines": [], "start_line": 322}, "StreamEventTranslator.translate": {"executed_lines": [359, 361, 362, 366, 372, 374, 375, 383, 384, 387, 392, 394], "summary": {"covered_lines": 12, "num_statements": 15, "percent_covered": 80.0, "percent_covered_display": "80", "missing_lines": 3, "excluded_lines": 0, "percent_statements_covered": 80.0, "percent_statements_covered_display": "80"}, "missing_lines": [376, 381, 385], "excluded_lines": [], "start_line": 329}, "StreamEventTranslator._dispatch": {"executed_lines": [422, 425, 426, 435, 438, 439, 442, 445, 448, 451, 456, 459, 462, 466, 475, 478], "summary": {"covered_lines": 16, "num_statements": 16, "percent_covered": 100.0, "percent_covered_display": "100", "missing_lines": 0, "excluded_lines": 0, "percent_statements_covered": 100.0, "percent_statements_covered_display": "100"}, "missing_lines": [], "excluded_lines": [], "start_line": 400}, "StreamEventTranslator._build_started": {"executed_lines": [485, 490, 491], "summary": {"covered_lines": 3, "num_statements": 3, "percent_covered": 100.0, "percent_covered_display": "100", "missing_lines": 0, "excluded_lines": 0, "percent_statements_covered": 100.0, "percent_statements_covered_display": "100"}, "missing_lines": [], "excluded_lines": [], "start_line": 484}, "StreamEventTranslator._build_complete": {"executed_lines": [494, 495, 499, 500, 512, 513], "summary": {"covered_lines": 6, "num_statements": 6, "percent_covered": 100.0, "percent_covered_display": "100", "missing_lines": 0, "excluded_lines": 0, "percent_statements_covered": 100.0, "percent_statements_covered_display": "100"}, "missing_lines": [], "excluded_lines": [], "start_line": 493}, "StreamEventTranslator._build_failed": {"executed_lines": [520, 521, 522, 524, 527, 528, 535, 536], "summary": {"covered_lines": 8, "num_statements": 10, "percent_covered": 80.0, "percent_covered_display": "80", "missing_lines": 2, "excluded_lines": 0, "percent_statements_covered": 80.0, "percent_statements_covered_display": "80"}, "missing_lines": [523, 525], "excluded_lines": [], "start_line": 515}, "StreamEventTranslator._build_cancelled": {"executed_lines": [541], "summary": {"covered_lines": 1, "num_statements": 1, "percent_covered": 100.0, "percent_covered_display": "100", "missing_lines": 0, "excluded_lines": 0, "percent_statements_covered": 100.0, "percent_statements_covered_display": "100"}, "missing_lines": [], "excluded_lines": [], "start_line": 538}, "StreamEventTranslator._build_paused": {"executed_lines": [551, 552], "summary": {"covered_lines": 2, "num_statements": 2, "percent_covered": 100.0, "percent_covered_display": "100", "missing_lines": 0, "excluded_lines": 0, "percent_statements_covered": 100.0, "percent_statements_covered_display": "100"}, "missing_lines": [], "excluded_lines": [], "start_line": 550}, "StreamEventTranslator._build_resumed": {"executed_lines": [565], "summary": {"covered_lines": 1, "num_statements": 1, "percent_covered": 100.0, "percent_covered_display": "100", "missing_lines": 0, "excluded_lines": 0, "percent_statements_covered": 100.0, "percent_statements_covered_display": "100"}, "missing_lines": [], "excluded_lines": [], "start_line": 564}, "StreamEventTranslator._build_stage_complete": {"executed_lines": [582, 583], "summary": {"covered_lines": 2, "num_statements": 2, "percent_covered": 100.0, "percent_covered_display": "100", "missing_lines": 0, "excluded_lines": 0, "percent_statements_covered": 100.0, "percent_statements_covered_display": "100"}, "missing_lines": [], "excluded_lines": [], "start_line": 575}, "StreamEventTranslator._require_correlation_id": {"executed_lines": [603, 604, 605], "summary": {"covered_lines": 3, "num_statements": 3, "percent_covered": 100.0, "percent_covered_display": "100", "missing_lines": 0, "excluded_lines": 0, "percent_statements_covered": 100.0, "percent_statements_covered_display": "100"}, "missing_lines": [], "excluded_lines": [], "start_line": 602}, "StreamEventTranslator._infer_feature_id": {"executed_lines": [621, 622, 623], "summary": {"covered_lines": 3, "num_statements": 14, "percent_covered": 21.428571428571427, "percent_covered_display": "21", "missing_lines": 11, "excluded_lines": 0, "percent_statements_covered": 21.428571428571427, "percent_statements_covered_display": "21"}, "missing_lines": [624, 625, 626, 627, 629, 630, 631, 632, 633, 634, 635], "excluded_lines": [], "start_line": 612}, "": {"executed_lines": [50, 52, 53, 54, 55, 57, 58, 68, 70, 73, 86, 95, 106, 116, 148, 149, 161, 162, 163, 164, 165, 166, 167, 168, 169, 170, 178, 179, 182, 222, 289, 310, 321, 322, 329, 400, 484, 493, 515, 538, 550, 564, 575, 601, 602, 611, 612], "summary": {"covered_lines": 47, "num_statements": 47, "percent_covered": 100.0, "percent_covered_display": "100", "missing_lines": 0, "excluded_lines": 0, "percent_statements_covered": 100.0, "percent_statements_covered_display": "100"}, "missing_lines": [], "excluded_lines": [], "start_line": 1}}, "classes": {"MissingCorrelationIdError": {"executed_lines": [], "summary": {"covered_lines": 0, "num_statements": 0, "percent_covered": 100.0, "percent_covered_display": "100", "missing_lines": 0, "excluded_lines": 0, "percent_statements_covered": 100.0, "percent_statements_covered_display": "100"}, "missing_lines": [], "excluded_lines": [], "start_line": 106}, "_Snapshot": {"executed_lines": [], "summary": {"covered_lines": 0, "num_statements": 0, "percent_covered": 100.0, "percent_covered_display": "100", "missing_lines": 0, "excluded_lines": 0, "percent_statements_covered": 100.0, "percent_statements_covered_display": "100"}, "missing_lines": [], "excluded_lines": [], "start_line": 149}, "StreamEventTranslator": {"executed_lines": [318, 319, 323, 359, 361, 362, 366, 372, 374, 375, 383, 384, 387, 392, 394, 422, 425, 426, 435, 438, 439, 442, 445, 448, 451, 456, 459, 462, 466, 475, 478, 485, 490, 491, 494, 495, 499, 500, 512, 513, 520, 521, 522, 524, 527, 528, 535, 536, 541, 551, 552, 565, 582, 583, 603, 604, 605, 621, 622, 623], "summary": {"covered_lines": 60, "num_statements": 76, "percent_covered": 78.94736842105263, "percent_covered_display": "79", "missing_lines": 16, "excluded_lines": 0, "percent_statements_covered": 78.94736842105263, "percent_statements_covered_display": "79"}, "missing_lines": [376, 381, 385, 523, 525, 624, 625, 626, 627, 629, 630, 631, 632, 633, 634, 635], "excluded_lines": [], "start_line": 289}, "": {"executed_lines": [50, 52, 53, 54, 55, 57, 58, 68, 70, 73, 86, 95, 106, 116, 140, 148, 149, 161, 162, 163, 164, 165, 166, 167, 168, 169, 170, 178, 179, 182, 207, 208, 210, 211, 212, 213, 214, 216, 222, 232, 236, 237, 238, 239, 240, 241, 242, 246, 249, 251, 252, 289, 310, 321, 322, 329, 400, 484, 493, 515, 538, 550, 564, 575, 601, 602, 611, 612], "summary": {"covered_lines": 68, "num_statements": 74, "percent_covered": 91.89189189189189, "percent_covered_display": "92", "missing_lines": 6, "excluded_lines": 0, "percent_statements_covered": 91.89189189189189, "percent_statements_covered_display": "92"}, "missing_lines": [233, 244, 247, 274, 275, 281], "excluded_lines": [], "start_line": 1}}}, "src/forge/lifecycle_bridge/version_check.py": {"executed_lines": [39, 41, 42, 43, 44, 45, 46, 47, 49, 50, 52, 55, 70, 76, 83, 86, 102, 103, 104, 105, 116, 164, 213, 218, 219, 222, 223, 224, 234, 241, 244, 245, 246, 247, 253, 260, 263, 264, 265, 271, 273, 279, 282], "summary": {"covered_lines": 43, "num_statements": 57, "percent_covered": 75.43859649122807, "percent_covered_display": "75", "missing_lines": 14, "excluded_lines": 0, "percent_statements_covered": 75.43859649122807, "percent_statements_covered_display": "75"}, "missing_lines": [140, 141, 142, 143, 145, 146, 147, 149, 150, 151, 152, 153, 154, 214], "excluded_lines": [], "functions": {"LangGraphVersionMismatchError.__init__": {"executed_lines": [103, 104, 105], "summary": {"covered_lines": 3, "num_statements": 3, "percent_covered": 100.0, "percent_covered_display": "100", "missing_lines": 0, "excluded_lines": 0, "percent_statements_covered": 100.0, "percent_statements_covered_display": "100"}, "missing_lines": [], "excluded_lines": [], "start_line": 102}, "_default_fetch": {"executed_lines": [], "summary": {"covered_lines": 0, "num_statements": 13, "percent_covered": 0.0, "percent_covered_display": "0", "missing_lines": 13, "excluded_lines": 0, "percent_statements_covered": 0.0, "percent_statements_covered_display": "0"}, "missing_lines": [140, 141, 142, 143, 145, 146, 147, 149, 150, 151, 152, 153, 154], "excluded_lines": [], "start_line": 116}, "check_langgraph_runner_version": {"executed_lines": [213, 218, 219, 222, 223, 224, 234, 241, 244, 245, 246, 247, 253, 260, 263, 264, 265, 271, 273, 279, 282], "summary": {"covered_lines": 21, "num_statements": 22, "percent_covered": 95.45454545454545, "percent_covered_display": "95", "missing_lines": 1, "excluded_lines": 0, "percent_statements_covered": 95.45454545454545, "percent_statements_covered_display": "95"}, "missing_lines": [214], "excluded_lines": [], "start_line": 164}, "": {"executed_lines": [39, 41, 42, 43, 44, 45, 46, 47, 49, 50, 52, 55, 70, 76, 83, 86, 102, 116, 164], "summary": {"covered_lines": 19, "num_statements": 19, "percent_covered": 100.0, "percent_covered_display": "100", "missing_lines": 0, "excluded_lines": 0, "percent_statements_covered": 100.0, "percent_statements_covered_display": "100"}, "missing_lines": [], "excluded_lines": [], "start_line": 1}}, "classes": {"LangGraphVersionMismatchError": {"executed_lines": [103, 104, 105], "summary": {"covered_lines": 3, "num_statements": 3, "percent_covered": 100.0, "percent_covered_display": "100", "missing_lines": 0, "excluded_lines": 0, "percent_statements_covered": 100.0, "percent_statements_covered_display": "100"}, "missing_lines": [], "excluded_lines": [], "start_line": 86}, "": {"executed_lines": [39, 41, 42, 43, 44, 45, 46, 47, 49, 50, 52, 55, 70, 76, 83, 86, 102, 116, 164, 213, 218, 219, 222, 223, 224, 234, 241, 244, 245, 246, 247, 253, 260, 263, 264, 265, 271, 273, 279, 282], "summary": {"covered_lines": 40, "num_statements": 54, "percent_covered": 74.07407407407408, "percent_covered_display": "74", "missing_lines": 14, "excluded_lines": 0, "percent_statements_covered": 74.07407407407408, "percent_statements_covered_display": "74"}, "missing_lines": [140, 141, 142, 143, 145, 146, 147, 149, 150, 151, 152, 153, 154, 214], "excluded_lines": [], "start_line": 1}}}, "src/forge/lifecycle_bridge/wireup.py": {"executed_lines": [64, 66, 67, 68, 69, 70, 72, 82, 83, 88, 92, 94, 97, 110, 116, 123, 135, 151, 162, 170, 171, 174, 214, 217, 237, 290, 304, 309, 315, 321, 325, 330, 331, 332, 333, 334, 339, 340, 343, 346, 349, 353, 357, 361, 367, 403, 404, 409, 410, 414, 415, 419, 430, 431, 432, 433, 440, 450, 453, 454, 458, 468, 469, 475, 479, 480, 493, 525, 526, 527, 528, 529, 531, 536, 537, 538, 539, 540, 545, 551, 552, 553, 554, 555, 556, 557, 558, 561, 571, 582, 584, 590, 625, 626, 632, 650, 651, 659, 660, 668, 669, 670, 671, 677, 678, 679, 689, 695, 715, 716, 717, 718, 726, 727, 728, 742, 751, 752, 753, 763, 764, 779, 797, 798, 799, 800, 801, 802, 803, 817, 818, 819, 820, 829, 837, 839, 846, 852, 853, 854, 856, 857, 867], "summary": {"covered_lines": 143, "num_statements": 172, "percent_covered": 83.13953488372093, "percent_covered_display": "83", "missing_lines": 29, "excluded_lines": 11, "percent_statements_covered": 83.13953488372093, "percent_statements_covered_display": "83"}, "missing_lines": [226, 227, 229, 305, 310, 316, 322, 326, 420, 596, 602, 609, 610, 615, 652, 658, 661, 667, 729, 730, 754, 755, 762, 765, 766, 767, 773, 807, 808], "excluded_lines": [189, 190, 191, 192, 193, 194, 195, 196, 197, 198, 199], "functions": {"_subject_for_payload_type": {"executed_lines": [170, 171], "summary": {"covered_lines": 2, "num_statements": 2, "percent_covered": 100.0, "percent_covered_display": "100", "missing_lines": 0, "excluded_lines": 0, "percent_statements_covered": 100.0, "percent_statements_covered_display": "100"}, "missing_lines": [], "excluded_lines": [], "start_line": 162}, "StreamSource.__call__": {"executed_lines": [], "summary": {"covered_lines": 0, "num_statements": 0, "percent_covered": 100.0, "percent_covered_display": "100", "missing_lines": 0, "excluded_lines": 1, "percent_statements_covered": 100.0, "percent_statements_covered_display": "100"}, "missing_lines": [], "excluded_lines": [196], "start_line": 189}, "_default_identity_provider": {"executed_lines": [], "summary": {"covered_lines": 0, "num_statements": 2, "percent_covered": 0.0, "percent_covered_display": "0", "missing_lines": 2, "excluded_lines": 0, "percent_statements_covered": 0.0, "percent_statements_covered_display": "0"}, "missing_lines": [226, 229], "excluded_lines": [], "start_line": 217}, "_default_identity_provider._provider": {"executed_lines": [], "summary": {"covered_lines": 0, "num_statements": 1, "percent_covered": 0.0, "percent_covered_display": "0", "missing_lines": 1, "excluded_lines": 0, "percent_statements_covered": 0.0, "percent_statements_covered_display": "0"}, "missing_lines": [227], "excluded_lines": [], "start_line": 226}, "LifecycleBridgeWireup.__init__": {"executed_lines": [304, 309, 315, 321, 325, 330, 331, 332, 333, 334, 339, 340, 343, 346, 349, 353, 357, 361], "summary": {"covered_lines": 18, "num_statements": 23, "percent_covered": 78.26086956521739, "percent_covered_display": "78", "missing_lines": 5, "excluded_lines": 0, "percent_statements_covered": 78.26086956521739, "percent_statements_covered_display": "78"}, "missing_lines": [305, 310, 316, 322, 326], "excluded_lines": [], "start_line": 290}, "LifecycleBridgeWireup.register_ack_handle": {"executed_lines": [403, 404, 409, 410, 414, 415, 419, 430, 431, 432, 433, 440, 450, 453, 454, 458, 468, 469, 475, 479, 480], "summary": {"covered_lines": 21, "num_statements": 22, "percent_covered": 95.45454545454545, "percent_covered_display": "95", "missing_lines": 1, "excluded_lines": 0, "percent_statements_covered": 95.45454545454545, "percent_statements_covered_display": "95"}, "missing_lines": [420], "excluded_lines": [], "start_line": 367}, "LifecycleBridgeWireup._observer_loop": {"executed_lines": [525, 526, 527, 528, 529, 531, 536, 537, 538, 539, 540, 545, 551, 552, 553, 554, 555, 556, 557, 558, 561, 571, 582, 584, 590, 625, 626], "summary": {"covered_lines": 27, "num_statements": 32, "percent_covered": 84.375, "percent_covered_display": "84", "missing_lines": 5, "excluded_lines": 0, "percent_statements_covered": 84.375, "percent_statements_covered_display": "84"}, "missing_lines": [596, 602, 609, 610, 615], "excluded_lines": [], "start_line": 493}, "LifecycleBridgeWireup._publish_event": {"executed_lines": [650, 651, 659, 660, 668, 669, 670, 671, 677, 678, 679, 689], "summary": {"covered_lines": 12, "num_statements": 16, "percent_covered": 75.0, "percent_covered_display": "75", "missing_lines": 4, "excluded_lines": 0, "percent_statements_covered": 75.0, "percent_statements_covered_display": "75"}, "missing_lines": [652, 658, 661, 667], "excluded_lines": [], "start_line": 632}, "LifecycleBridgeWireup._on_terminal": {"executed_lines": [715, 716, 717, 718, 726, 727, 728], "summary": {"covered_lines": 7, "num_statements": 9, "percent_covered": 77.77777777777777, "percent_covered_display": "78", "missing_lines": 2, "excluded_lines": 0, "percent_statements_covered": 77.77777777777777, "percent_statements_covered_display": "78"}, "missing_lines": [729, 730], "excluded_lines": [], "start_line": 695}, "LifecycleBridgeWireup._wait_for_identity": {"executed_lines": [751, 752, 753, 763, 764], "summary": {"covered_lines": 5, "num_statements": 12, "percent_covered": 41.666666666666664, "percent_covered_display": "42", "missing_lines": 7, "excluded_lines": 0, "percent_statements_covered": 41.666666666666664, "percent_statements_covered_display": "42"}, "missing_lines": [754, 755, 762, 765, 766, 767, 773], "excluded_lines": [], "start_line": 742}, "LifecycleBridgeWireup.shutdown": {"executed_lines": [797, 798, 799, 800, 801, 802, 803, 817, 818, 819, 820], "summary": {"covered_lines": 11, "num_statements": 13, "percent_covered": 84.61538461538461, "percent_covered_display": "85", "missing_lines": 2, "excluded_lines": 0, "percent_statements_covered": 84.61538461538461, "percent_statements_covered_display": "85"}, "missing_lines": [807, 808], "excluded_lines": [], "start_line": 779}, "LifecycleBridgeWireup.active_observer_count": {"executed_lines": [837], "summary": {"covered_lines": 1, "num_statements": 1, "percent_covered": 100.0, "percent_covered_display": "100", "missing_lines": 0, "excluded_lines": 0, "percent_statements_covered": 100.0, "percent_statements_covered_display": "100"}, "missing_lines": [], "excluded_lines": [], "start_line": 829}, "LifecycleBridgeWireup.get_observer_task": {"executed_lines": [846], "summary": {"covered_lines": 1, "num_statements": 1, "percent_covered": 100.0, "percent_covered_display": "100", "missing_lines": 0, "excluded_lines": 0, "percent_statements_covered": 100.0, "percent_statements_covered_display": "100"}, "missing_lines": [], "excluded_lines": [], "start_line": 839}, "LifecycleBridgeWireup._default_clock": {"executed_lines": [854], "summary": {"covered_lines": 1, "num_statements": 1, "percent_covered": 100.0, "percent_covered_display": "100", "missing_lines": 0, "excluded_lines": 0, "percent_statements_covered": 100.0, "percent_statements_covered_display": "100"}, "missing_lines": [], "excluded_lines": [], "start_line": 853}, "LifecycleBridgeWireup._mint_ack_handle_token": {"executed_lines": [867], "summary": {"covered_lines": 1, "num_statements": 1, "percent_covered": 100.0, "percent_covered_display": "100", "missing_lines": 0, "excluded_lines": 0, "percent_statements_covered": 100.0, "percent_statements_covered_display": "100"}, "missing_lines": [], "excluded_lines": [], "start_line": 857}, "": {"executed_lines": [64, 66, 67, 68, 69, 70, 72, 82, 83, 88, 92, 94, 97, 110, 116, 123, 135, 151, 162, 174, 214, 217, 237, 290, 367, 493, 632, 695, 742, 779, 829, 839, 852, 853, 856, 857], "summary": {"covered_lines": 36, "num_statements": 36, "percent_covered": 100.0, "percent_covered_display": "100", "missing_lines": 0, "excluded_lines": 10, "percent_statements_covered": 100.0, "percent_statements_covered_display": "100"}, "missing_lines": [], "excluded_lines": [189, 190, 191, 192, 193, 194, 195, 197, 198, 199], "start_line": 1}}, "classes": {"StreamSource": {"executed_lines": [], "summary": {"covered_lines": 0, "num_statements": 0, "percent_covered": 100.0, "percent_covered_display": "100", "missing_lines": 0, "excluded_lines": 1, "percent_statements_covered": 100.0, "percent_statements_covered_display": "100"}, "missing_lines": [], "excluded_lines": [196], "start_line": 174}, "LifecycleBridgeWireup": {"executed_lines": [304, 309, 315, 321, 325, 330, 331, 332, 333, 334, 339, 340, 343, 346, 349, 353, 357, 361, 403, 404, 409, 410, 414, 415, 419, 430, 431, 432, 433, 440, 450, 453, 454, 458, 468, 469, 475, 479, 480, 525, 526, 527, 528, 529, 531, 536, 537, 538, 539, 540, 545, 551, 552, 553, 554, 555, 556, 557, 558, 561, 571, 582, 584, 590, 625, 626, 650, 651, 659, 660, 668, 669, 670, 671, 677, 678, 679, 689, 715, 716, 717, 718, 726, 727, 728, 751, 752, 753, 763, 764, 797, 798, 799, 800, 801, 802, 803, 817, 818, 819, 820, 837, 846, 854, 867], "summary": {"covered_lines": 105, "num_statements": 131, "percent_covered": 80.1526717557252, "percent_covered_display": "80", "missing_lines": 26, "excluded_lines": 0, "percent_statements_covered": 80.1526717557252, "percent_statements_covered_display": "80"}, "missing_lines": [305, 310, 316, 322, 326, 420, 596, 602, 609, 610, 615, 652, 658, 661, 667, 729, 730, 754, 755, 762, 765, 766, 767, 773, 807, 808], "excluded_lines": [], "start_line": 237}, "": {"executed_lines": [64, 66, 67, 68, 69, 70, 72, 82, 83, 88, 92, 94, 97, 110, 116, 123, 135, 151, 162, 170, 171, 174, 214, 217, 237, 290, 367, 493, 632, 695, 742, 779, 829, 839, 852, 853, 856, 857], "summary": {"covered_lines": 38, "num_statements": 41, "percent_covered": 92.6829268292683, "percent_covered_display": "93", "missing_lines": 3, "excluded_lines": 10, "percent_statements_covered": 92.6829268292683, "percent_statements_covered_display": "93"}, "missing_lines": [226, 227, 229], "excluded_lines": [189, 190, 191, 192, 193, 194, 195, 197, 198, 199], "start_line": 1}}}}, "totals": {"covered_lines": 489, "num_statements": 574, "percent_covered": 85.19163763066202, "percent_covered_display": "85", "missing_lines": 85, "excluded_lines": 26, "percent_statements_covered": 85.19163763066202, "percent_statements_covered_display": "85"}}