{"meta": {"format": 3, "version": "7.13.4", "timestamp": "2026-04-26T09:23:07.168211", "branch_coverage": false, "show_contexts": false}, "files": {"src/forge/__init__.py": {"executed_lines": [], "summary": {"covered_lines": 0, "num_statements": 0, "percent_covered": 100.0, "percent_covered_display": "100", "missing_lines": 0, "excluded_lines": 0, "percent_statements_covered": 100.0, "percent_statements_covered_display": "100"}, "missing_lines": [], "excluded_lines": [], "functions": {"": {"executed_lines": [], "summary": {"covered_lines": 0, "num_statements": 0, "percent_covered": 100.0, "percent_covered_display": "100", "missing_lines": 0, "excluded_lines": 0, "percent_statements_covered": 100.0, "percent_statements_covered_display": "100"}, "missing_lines": [], "excluded_lines": [], "start_line": 1}}, "classes": {"": {"executed_lines": [], "summary": {"covered_lines": 0, "num_statements": 0, "percent_covered": 100.0, "percent_covered_display": "100", "missing_lines": 0, "excluded_lines": 0, "percent_statements_covered": 100.0, "percent_statements_covered_display": "100"}, "missing_lines": [], "excluded_lines": [], "start_line": 1}}}, "src/forge/adapters/__init__.py": {"executed_lines": [], "summary": {"covered_lines": 0, "num_statements": 0, "percent_covered": 100.0, "percent_covered_display": "100", "missing_lines": 0, "excluded_lines": 0, "percent_statements_covered": 100.0, "percent_statements_covered_display": "100"}, "missing_lines": [], "excluded_lines": [], "functions": {"": {"executed_lines": [], "summary": {"covered_lines": 0, "num_statements": 0, "percent_covered": 100.0, "percent_covered_display": "100", "missing_lines": 0, "excluded_lines": 0, "percent_statements_covered": 100.0, "percent_statements_covered_display": "100"}, "missing_lines": [], "excluded_lines": [], "start_line": 1}}, "classes": {"": {"executed_lines": [], "summary": {"covered_lines": 0, "num_statements": 0, "percent_covered": 100.0, "percent_covered_display": "100", "missing_lines": 0, "excluded_lines": 0, "percent_statements_covered": 100.0, "percent_statements_covered_display": "100"}, "missing_lines": [], "excluded_lines": [], "start_line": 1}}}, "src/forge/adapters/gh/__init__.py": {"executed_lines": [13, 15], "summary": {"covered_lines": 2, "num_statements": 2, "percent_covered": 100.0, "percent_covered_display": "100", "missing_lines": 0, "excluded_lines": 0, "percent_statements_covered": 100.0, "percent_statements_covered_display": "100"}, "missing_lines": [], "excluded_lines": [], "functions": {"": {"executed_lines": [13, 15], "summary": {"covered_lines": 2, "num_statements": 2, "percent_covered": 100.0, "percent_covered_display": "100", "missing_lines": 0, "excluded_lines": 0, "percent_statements_covered": 100.0, "percent_statements_covered_display": "100"}, "missing_lines": [], "excluded_lines": [], "start_line": 1}}, "classes": {"": {"executed_lines": [13, 15], "summary": {"covered_lines": 2, "num_statements": 2, "percent_covered": 100.0, "percent_covered_display": "100", "missing_lines": 0, "excluded_lines": 0, "percent_statements_covered": 100.0, "percent_statements_covered_display": "100"}, "missing_lines": [], "excluded_lines": [], "start_line": 1}}}, "src/forge/adapters/gh/operations.py": {"executed_lines": [37, 39, 40, 41, 42, 43, 45, 47, 52, 55, 56, 59, 105, 117, 128, 129, 130, 133, 136, 143, 175, 176, 177, 179, 181, 182, 186, 191, 194, 199, 202, 203, 205, 206, 209, 217, 218, 219, 222], "summary": {"covered_lines": 39, "num_statements": 50, "percent_covered": 78.0, "percent_covered_display": "78", "missing_lines": 11, "excluded_lines": 0, "percent_statements_covered": 78.0, "percent_statements_covered_display": "78"}, "missing_lines": [83, 89, 90, 94, 95, 96, 97, 99, 100, 101, 102], "excluded_lines": [], "functions": {"_execute": {"executed_lines": [], "summary": {"covered_lines": 0, "num_statements": 11, "percent_covered": 0.0, "percent_covered_display": "0", "missing_lines": 11, "excluded_lines": 0, "percent_statements_covered": 0.0, "percent_statements_covered_display": "0"}, "missing_lines": [83, 89, 90, 94, 95, 96, 97, 99, 100, 101, 102], "excluded_lines": [], "start_line": 59}, "_build_command": {"executed_lines": [117, 128, 129, 130], "summary": {"covered_lines": 4, "num_statements": 4, "percent_covered": 100.0, "percent_covered_display": "100", "missing_lines": 0, "excluded_lines": 0, "percent_statements_covered": 100.0, "percent_statements_covered_display": "100"}, "missing_lines": [], "excluded_lines": [], "start_line": 105}, "_missing_credentials_result": {"executed_lines": [136], "summary": {"covered_lines": 1, "num_statements": 1, "percent_covered": 100.0, "percent_covered_display": "100", "missing_lines": 0, "excluded_lines": 0, "percent_statements_covered": 100.0, "percent_statements_covered_display": "100"}, "missing_lines": [], "excluded_lines": [], "start_line": 133}, "create_pr": {"executed_lines": [175, 176, 177, 179, 181, 182, 186, 191, 194, 199, 202, 203, 205, 206, 209, 217, 218, 219], "summary": {"covered_lines": 18, "num_statements": 18, "percent_covered": 100.0, "percent_covered_display": "100", "missing_lines": 0, "excluded_lines": 0, "percent_statements_covered": 100.0, "percent_statements_covered_display": "100"}, "missing_lines": [], "excluded_lines": [], "start_line": 143}, "": {"executed_lines": [37, 39, 40, 41, 42, 43, 45, 47, 52, 55, 56, 59, 105, 133, 143, 222], "summary": {"covered_lines": 16, "num_statements": 16, "percent_covered": 100.0, "percent_covered_display": "100", "missing_lines": 0, "excluded_lines": 0, "percent_statements_covered": 100.0, "percent_statements_covered_display": "100"}, "missing_lines": [], "excluded_lines": [], "start_line": 1}}, "classes": {"": {"executed_lines": [37, 39, 40, 41, 42, 43, 45, 47, 52, 55, 56, 59, 105, 117, 128, 129, 130, 133, 136, 143, 175, 176, 177, 179, 181, 182, 186, 191, 194, 199, 202, 203, 205, 206, 209, 217, 218, 219, 222], "summary": {"covered_lines": 39, "num_statements": 50, "percent_covered": 78.0, "percent_covered_display": "78", "missing_lines": 11, "excluded_lines": 0, "percent_statements_covered": 78.0, "percent_statements_covered_display": "78"}, "missing_lines": [83, 89, 90, 94, 95, 96, 97, 99, 100, 101, 102], "excluded_lines": [], "start_line": 1}}}, "src/forge/adapters/git/__init__.py": {"executed_lines": [17, 19], "summary": {"covered_lines": 2, "num_statements": 2, "percent_covered": 100.0, "percent_covered_display": "100", "missing_lines": 0, "excluded_lines": 0, "percent_statements_covered": 100.0, "percent_statements_covered_display": "100"}, "missing_lines": [], "excluded_lines": [], "functions": {"": {"executed_lines": [17, 19], "summary": {"covered_lines": 2, "num_statements": 2, "percent_covered": 100.0, "percent_covered_display": "100", "missing_lines": 0, "excluded_lines": 0, "percent_statements_covered": 100.0, "percent_statements_covered_display": "100"}, "missing_lines": [], "excluded_lines": [], "start_line": 1}}, "classes": {"": {"executed_lines": [17, 19], "summary": {"covered_lines": 2, "num_statements": 2, "percent_covered": 100.0, "percent_covered_display": "100", "missing_lines": 0, "excluded_lines": 0, "percent_statements_covered": 100.0, "percent_statements_covered_display": "100"}, "missing_lines": [], "excluded_lines": [], "start_line": 1}}}, "src/forge/adapters/git/models.py": {"executed_lines": [27, 29, 31, 34, 51, 52, 59, 63, 67, 71, 77, 95, 96, 100, 104, 111], "summary": {"covered_lines": 16, "num_statements": 16, "percent_covered": 100.0, "percent_covered_display": "100", "missing_lines": 0, "excluded_lines": 0, "percent_statements_covered": 100.0, "percent_statements_covered_display": "100"}, "missing_lines": [], "excluded_lines": [], "functions": {"": {"executed_lines": [27, 29, 31, 34, 51, 52, 59, 63, 67, 71, 77, 95, 96, 100, 104, 111], "summary": {"covered_lines": 16, "num_statements": 16, "percent_covered": 100.0, "percent_covered_display": "100", "missing_lines": 0, "excluded_lines": 0, "percent_statements_covered": 100.0, "percent_statements_covered_display": "100"}, "missing_lines": [], "excluded_lines": [], "start_line": 1}}, "classes": {"GitOpResult": {"executed_lines": [], "summary": {"covered_lines": 0, "num_statements": 0, "percent_covered": 100.0, "percent_covered_display": "100", "missing_lines": 0, "excluded_lines": 0, "percent_statements_covered": 100.0, "percent_statements_covered_display": "100"}, "missing_lines": [], "excluded_lines": [], "start_line": 34}, "PRResult": {"executed_lines": [], "summary": {"covered_lines": 0, "num_statements": 0, "percent_covered": 100.0, "percent_covered_display": "100", "missing_lines": 0, "excluded_lines": 0, "percent_statements_covered": 100.0, "percent_statements_covered_display": "100"}, "missing_lines": [], "excluded_lines": [], "start_line": 77}, "": {"executed_lines": [27, 29, 31, 34, 51, 52, 59, 63, 67, 71, 77, 95, 96, 100, 104, 111], "summary": {"covered_lines": 16, "num_statements": 16, "percent_covered": 100.0, "percent_covered_display": "100", "missing_lines": 0, "excluded_lines": 0, "percent_statements_covered": 100.0, "percent_statements_covered_display": "100"}, "missing_lines": [], "excluded_lines": [], "start_line": 1}}}, "src/forge/adapters/git/operations.py": {"executed_lines": [46, 48, 49, 50, 51, 52, 54, 56, 64, 65, 72, 73, 74, 77, 92, 110, 116, 117, 120, 132, 133, 136, 144, 145, 146, 147, 151, 157, 170, 189, 190, 191, 192, 196, 197, 203, 209, 210, 213, 216, 237, 238, 239, 240, 241, 242, 249, 250, 251, 258, 259, 266, 267, 273, 274, 275, 278, 293, 294, 295, 299, 300, 305, 311, 312, 313, 316, 338, 339, 342, 343, 347, 348, 354, 355, 363, 369, 370, 375, 378], "summary": {"covered_lines": 80, "num_statements": 83, "percent_covered": 96.3855421686747, "percent_covered_display": "96", "missing_lines": 3, "excluded_lines": 1, "percent_statements_covered": 96.3855421686747, "percent_statements_covered_display": "96"}, "missing_lines": [119, 148, 260], "excluded_lines": [78], "functions": {"_default_execute": {"executed_lines": [110, 116, 117, 120], "summary": {"covered_lines": 4, "num_statements": 5, "percent_covered": 80.0, "percent_covered_display": "80", "missing_lines": 1, "excluded_lines": 0, "percent_statements_covered": 80.0, "percent_statements_covered_display": "80"}, "missing_lines": [119], "excluded_lines": [], "start_line": 92}, "_failure_stderr": {"executed_lines": [144, 145, 146, 147], "summary": {"covered_lines": 4, "num_statements": 5, "percent_covered": 80.0, "percent_covered_display": "80", "missing_lines": 1, "excluded_lines": 0, "percent_statements_covered": 80.0, "percent_statements_covered_display": "80"}, "missing_lines": [148], "excluded_lines": [], "start_line": 136}, "_exception_failure": {"executed_lines": [157], "summary": {"covered_lines": 1, "num_statements": 1, "percent_covered": 100.0, "percent_covered_display": "100", "missing_lines": 0, "excluded_lines": 0, "percent_statements_covered": 100.0, "percent_statements_covered_display": "100"}, "missing_lines": [], "excluded_lines": [], "start_line": 151}, "prepare_worktree": {"executed_lines": [189, 190, 191, 192, 196, 197, 203, 209, 210, 213], "summary": {"covered_lines": 10, "num_statements": 10, "percent_covered": 100.0, "percent_covered_display": "100", "missing_lines": 0, "excluded_lines": 0, "percent_statements_covered": 100.0, "percent_statements_covered_display": "100"}, "missing_lines": [], "excluded_lines": [], "start_line": 170}, "commit_all": {"executed_lines": [237, 238, 239, 240, 241, 242, 249, 250, 251, 258, 259, 266, 267, 273, 274, 275], "summary": {"covered_lines": 16, "num_statements": 17, "percent_covered": 94.11764705882354, "percent_covered_display": "94", "missing_lines": 1, "excluded_lines": 0, "percent_statements_covered": 94.11764705882354, "percent_statements_covered_display": "94"}, "missing_lines": [260], "excluded_lines": [], "start_line": 216}, "push": {"executed_lines": [293, 294, 295, 299, 300, 305, 311, 312, 313], "summary": {"covered_lines": 9, "num_statements": 9, "percent_covered": 100.0, "percent_covered_display": "100", "missing_lines": 0, "excluded_lines": 0, "percent_statements_covered": 100.0, "percent_statements_covered_display": "100"}, "missing_lines": [], "excluded_lines": [], "start_line": 278}, "cleanup_worktree": {"executed_lines": [338, 339, 342, 343, 347, 348, 354, 355, 363, 369, 370, 375], "summary": {"covered_lines": 12, "num_statements": 12, "percent_covered": 100.0, "percent_covered_display": "100", "missing_lines": 0, "excluded_lines": 0, "percent_statements_covered": 100.0, "percent_statements_covered_display": "100"}, "missing_lines": [], "excluded_lines": [], "start_line": 316}, "": {"executed_lines": [46, 48, 49, 50, 51, 52, 54, 56, 64, 65, 72, 73, 74, 77, 92, 132, 133, 136, 151, 170, 216, 278, 316, 378], "summary": {"covered_lines": 24, "num_statements": 24, "percent_covered": 100.0, "percent_covered_display": "100", "missing_lines": 0, "excluded_lines": 1, "percent_statements_covered": 100.0, "percent_statements_covered_display": "100"}, "missing_lines": [], "excluded_lines": [78], "start_line": 1}}, "classes": {"ExecuteResult": {"executed_lines": [], "summary": {"covered_lines": 0, "num_statements": 0, "percent_covered": 100.0, "percent_covered_display": "100", "missing_lines": 0, "excluded_lines": 0, "percent_statements_covered": 100.0, "percent_statements_covered_display": "100"}, "missing_lines": [], "excluded_lines": [], "start_line": 65}, "": {"executed_lines": [46, 48, 49, 50, 51, 52, 54, 56, 64, 65, 72, 73, 74, 77, 92, 110, 116, 117, 120, 132, 133, 136, 144, 145, 146, 147, 151, 157, 170, 189, 190, 191, 192, 196, 197, 203, 209, 210, 213, 216, 237, 238, 239, 240, 241, 242, 249, 250, 251, 258, 259, 266, 267, 273, 274, 275, 278, 293, 294, 295, 299, 300, 305, 311, 312, 313, 316, 338, 339, 342, 343, 347, 348, 354, 355, 363, 369, 370, 375, 378], "summary": {"covered_lines": 80, "num_statements": 83, "percent_covered": 96.3855421686747, "percent_covered_display": "96", "missing_lines": 3, "excluded_lines": 1, "percent_statements_covered": 96.3855421686747, "percent_statements_covered_display": "96"}, "missing_lines": [119, 148, 260], "excluded_lines": [78], "start_line": 1}}}, "src/forge/adapters/guardkit/__init__.py": {"executed_lines": [19, 20, 22], "summary": {"covered_lines": 3, "num_statements": 3, "percent_covered": 100.0, "percent_covered_display": "100", "missing_lines": 0, "excluded_lines": 0, "percent_statements_covered": 100.0, "percent_statements_covered_display": "100"}, "missing_lines": [], "excluded_lines": [], "functions": {"": {"executed_lines": [19, 20, 22], "summary": {"covered_lines": 3, "num_statements": 3, "percent_covered": 100.0, "percent_covered_display": "100", "missing_lines": 0, "excluded_lines": 0, "percent_statements_covered": 100.0, "percent_statements_covered_display": "100"}, "missing_lines": [], "excluded_lines": [], "start_line": 1}}, "classes": {"": {"executed_lines": [19, 20, 22], "summary": {"covered_lines": 3, "num_statements": 3, "percent_covered": 100.0, "percent_covered_display": "100", "missing_lines": 0, "excluded_lines": 0, "percent_statements_covered": 100.0, "percent_statements_covered_display": "100"}, "missing_lines": [], "excluded_lines": [], "start_line": 1}}}, "src/forge/adapters/guardkit/context_resolver.py": {"executed_lines": [26, 28, 29, 30, 31, 32, 34, 36, 38, 49, 66, 74, 75, 83, 84, 92, 93, 94, 102, 139, 140, 146, 147, 148, 150, 152, 153, 154, 157, 167, 172, 173, 174, 175, 176, 178, 179, 185, 186, 187, 191, 196, 197, 199, 200, 201, 202, 205, 206, 208, 209, 211, 214, 215, 217, 218, 219, 225, 226, 232, 234, 235, 239, 240, 241, 256, 257, 258, 272, 273, 274, 278, 279, 291, 292, 293, 295, 296, 297, 299, 307, 316, 317, 318, 319, 320, 331, 333, 336, 353, 354, 356, 357, 370, 372, 373, 386, 388, 391, 398, 399, 404], "summary": {"covered_lines": 102, "num_statements": 116, "percent_covered": 87.93103448275862, "percent_covered_display": "88", "missing_lines": 14, "excluded_lines": 0, "percent_statements_covered": 87.93103448275862, "percent_statements_covered_display": "88"}, "missing_lines": [177, 203, 207, 210, 216, 224, 233, 321, 322, 323, 330, 332, 400, 401], "excluded_lines": [], "functions": {"resolve_context_flags": {"executed_lines": [139, 140, 146, 147, 148, 150, 152, 153, 154, 157, 167, 172, 173, 174, 175, 176, 178, 179, 185, 186, 187, 191, 196, 197, 199, 200, 201, 202, 205, 206, 208, 209, 211, 214, 215, 217, 218, 219, 225, 226, 232, 234, 235, 239, 240, 241, 256, 257, 258, 272, 273, 274, 278, 279, 291, 292, 293, 295, 296, 297, 299], "summary": {"covered_lines": 61, "num_statements": 68, "percent_covered": 89.70588235294117, "percent_covered_display": "90", "missing_lines": 7, "excluded_lines": 0, "percent_statements_covered": 89.70588235294117, "percent_statements_covered_display": "90"}, "missing_lines": [177, 203, 207, 210, 216, 224, 233], "excluded_lines": [], "start_line": 102}, "_load_manifest": {"executed_lines": [316, 317, 318, 319, 320, 331, 333], "summary": {"covered_lines": 7, "num_statements": 12, "percent_covered": 58.333333333333336, "percent_covered_display": "58", "missing_lines": 5, "excluded_lines": 0, "percent_statements_covered": 58.333333333333336, "percent_statements_covered_display": "58"}, "missing_lines": [321, 322, 323, 330, 332], "excluded_lines": [], "start_line": 307}, "_validate_doc_path": {"executed_lines": [353, 354, 356, 357, 370, 372, 373, 386, 388], "summary": {"covered_lines": 9, "num_statements": 9, "percent_covered": 100.0, "percent_covered_display": "100", "missing_lines": 0, "excluded_lines": 0, "percent_statements_covered": 100.0, "percent_statements_covered_display": "100"}, "missing_lines": [], "excluded_lines": [], "start_line": 336}, "_is_within": {"executed_lines": [398, 399], "summary": {"covered_lines": 2, "num_statements": 4, "percent_covered": 50.0, "percent_covered_display": "50", "missing_lines": 2, "excluded_lines": 0, "percent_statements_covered": 50.0, "percent_statements_covered_display": "50"}, "missing_lines": [400, 401], "excluded_lines": [], "start_line": 391}, "": {"executed_lines": [26, 28, 29, 30, 31, 32, 34, 36, 38, 49, 66, 74, 75, 83, 84, 92, 93, 94, 102, 307, 336, 391, 404], "summary": {"covered_lines": 23, "num_statements": 23, "percent_covered": 100.0, "percent_covered_display": "100", "missing_lines": 0, "excluded_lines": 0, "percent_statements_covered": 100.0, "percent_statements_covered_display": "100"}, "missing_lines": [], "excluded_lines": [], "start_line": 1}}, "classes": {"ResolvedContext": {"executed_lines": [], "summary": {"covered_lines": 0, "num_statements": 0, "percent_covered": 100.0, "percent_covered_display": "100", "missing_lines": 0, "excluded_lines": 0, "percent_statements_covered": 100.0, "percent_statements_covered_display": "100"}, "missing_lines": [], "excluded_lines": [], "start_line": 84}, "": {"executed_lines": [26, 28, 29, 30, 31, 32, 34, 36, 38, 49, 66, 74, 75, 83, 84, 92, 93, 94, 102, 139, 140, 146, 147, 148, 150, 152, 153, 154, 157, 167, 172, 173, 174, 175, 176, 178, 179, 185, 186, 187, 191, 196, 197, 199, 200, 201, 202, 205, 206, 208, 209, 211, 214, 215, 217, 218, 219, 225, 226, 232, 234, 235, 239, 240, 241, 256, 257, 258, 272, 273, 274, 278, 279, 291, 292, 293, 295, 296, 297, 299, 307, 316, 317, 318, 319, 320, 331, 333, 336, 353, 354, 356, 357, 370, 372, 373, 386, 388, 391, 398, 399, 404], "summary": {"covered_lines": 102, "num_statements": 116, "percent_covered": 87.93103448275862, "percent_covered_display": "88", "missing_lines": 14, "excluded_lines": 0, "percent_statements_covered": 87.93103448275862, "percent_statements_covered_display": "88"}, "missing_lines": [177, 203, 207, 210, 216, 224, 233, 321, 322, 323, 330, 332, 400, 401], "excluded_lines": [], "start_line": 1}}}, "src/forge/adapters/guardkit/models.py": {"executed_lines": [19, 21, 23, 26, 35, 36, 37, 40, 57, 58, 59, 60, 61, 62, 63, 64, 65, 66, 67, 70], "summary": {"covered_lines": 20, "num_statements": 20, "percent_covered": 100.0, "percent_covered_display": "100", "missing_lines": 0, "excluded_lines": 0, "percent_statements_covered": 100.0, "percent_statements_covered_display": "100"}, "missing_lines": [], "excluded_lines": [], "functions": {"": {"executed_lines": [19, 21, 23, 26, 35, 36, 37, 40, 57, 58, 59, 60, 61, 62, 63, 64, 65, 66, 67, 70], "summary": {"covered_lines": 20, "num_statements": 20, "percent_covered": 100.0, "percent_covered_display": "100", "missing_lines": 0, "excluded_lines": 0, "percent_statements_covered": 100.0, "percent_statements_covered_display": "100"}, "missing_lines": [], "excluded_lines": [], "start_line": 1}}, "classes": {"GuardKitWarning": {"executed_lines": [], "summary": {"covered_lines": 0, "num_statements": 0, "percent_covered": 100.0, "percent_covered_display": "100", "missing_lines": 0, "excluded_lines": 0, "percent_statements_covered": 100.0, "percent_statements_covered_display": "100"}, "missing_lines": [], "excluded_lines": [], "start_line": 26}, "GuardKitResult": {"executed_lines": [], "summary": {"covered_lines": 0, "num_statements": 0, "percent_covered": 100.0, "percent_covered_display": "100", "missing_lines": 0, "excluded_lines": 0, "percent_statements_covered": 100.0, "percent_statements_covered_display": "100"}, "missing_lines": [], "excluded_lines": [], "start_line": 40}, "": {"executed_lines": [19, 21, 23, 26, 35, 36, 37, 40, 57, 58, 59, 60, 61, 62, 63, 64, 65, 66, 67, 70], "summary": {"covered_lines": 20, "num_statements": 20, "percent_covered": 100.0, "percent_covered_display": "100", "missing_lines": 0, "excluded_lines": 0, "percent_statements_covered": 100.0, "percent_statements_covered_display": "100"}, "missing_lines": [], "excluded_lines": [], "start_line": 1}}}, "src/forge/adapters/guardkit/parser.py": {"executed_lines": [24, 26, 27, 28, 30, 32, 37, 41, 42, 46, 50, 54, 58, 64, 105, 106, 109, 110, 111, 112, 114, 116, 117, 118, 119, 123, 124, 125, 130, 131, 136, 137, 142, 143, 144, 147, 148, 150, 170, 179, 180, 181, 182, 185, 187, 188, 189, 190, 191, 194, 196, 197, 198, 199, 202, 204, 205, 206, 207, 208, 209, 210, 214, 216, 217, 220, 221, 224, 226, 227, 228, 229, 230, 231, 233, 234, 238, 239, 240, 244, 246, 260], "summary": {"covered_lines": 82, "num_statements": 88, "percent_covered": 93.18181818181819, "percent_covered_display": "93", "missing_lines": 6, "excluded_lines": 9, "percent_statements_covered": 93.18181818181819, "percent_statements_covered_display": "93"}, "missing_lines": [215, 218, 219, 232, 235, 241], "excluded_lines": [126, 127, 128, 132, 133, 134, 138, 139, 140], "functions": {"parse_guardkit_output": {"executed_lines": [105, 106, 109, 110, 111, 112, 114, 116, 117, 118, 119, 123, 124, 125, 130, 131, 136, 137, 142, 143, 144, 147, 148, 150], "summary": {"covered_lines": 24, "num_statements": 24, "percent_covered": 100.0, "percent_covered_display": "100", "missing_lines": 0, "excluded_lines": 9, "percent_statements_covered": 100.0, "percent_statements_covered_display": "100"}, "missing_lines": [], "excluded_lines": [126, 127, 128, 132, 133, 134, 138, 139, 140], "start_line": 64}, "_tail_bytes": {"executed_lines": [179, 180, 181, 182], "summary": {"covered_lines": 4, "num_statements": 4, "percent_covered": 100.0, "percent_covered_display": "100", "missing_lines": 0, "excluded_lines": 0, "percent_statements_covered": 100.0, "percent_statements_covered_display": "100"}, "missing_lines": [], "excluded_lines": [], "start_line": 170}, "_extract_artefacts": {"executed_lines": [187, 188, 189, 190, 191], "summary": {"covered_lines": 5, "num_statements": 5, "percent_covered": 100.0, "percent_covered_display": "100", "missing_lines": 0, "excluded_lines": 0, "percent_statements_covered": 100.0, "percent_statements_covered_display": "100"}, "missing_lines": [], "excluded_lines": [], "start_line": 185}, "_extract_coach_score": {"executed_lines": [196, 197, 198, 199], "summary": {"covered_lines": 4, "num_statements": 4, "percent_covered": 100.0, "percent_covered_display": "100", "missing_lines": 0, "excluded_lines": 0, "percent_statements_covered": 100.0, "percent_statements_covered_display": "100"}, "missing_lines": [], "excluded_lines": [], "start_line": 194}, "_extract_criterion_breakdown": {"executed_lines": [204, 205, 206, 207, 208, 209, 210, 214, 216, 217, 220, 221], "summary": {"covered_lines": 12, "num_statements": 15, "percent_covered": 80.0, "percent_covered_display": "80", "missing_lines": 3, "excluded_lines": 0, "percent_statements_covered": 80.0, "percent_statements_covered_display": "80"}, "missing_lines": [215, 218, 219], "excluded_lines": [], "start_line": 202}, "_extract_detection_findings": {"executed_lines": [226, 227, 228, 229, 230, 231, 233, 234, 238, 239, 240], "summary": {"covered_lines": 11, "num_statements": 14, "percent_covered": 78.57142857142857, "percent_covered_display": "79", "missing_lines": 3, "excluded_lines": 0, "percent_statements_covered": 78.57142857142857, "percent_statements_covered_display": "79"}, "missing_lines": [232, 235, 241], "excluded_lines": [], "start_line": 224}, "_unrecognised_shape_warning": {"executed_lines": [246], "summary": {"covered_lines": 1, "num_statements": 1, "percent_covered": 100.0, "percent_covered_display": "100", "missing_lines": 0, "excluded_lines": 0, "percent_statements_covered": 100.0, "percent_statements_covered_display": "100"}, "missing_lines": [], "excluded_lines": [], "start_line": 244}, "": {"executed_lines": [24, 26, 27, 28, 30, 32, 37, 41, 42, 46, 50, 54, 58, 64, 170, 185, 194, 202, 224, 244, 260], "summary": {"covered_lines": 21, "num_statements": 21, "percent_covered": 100.0, "percent_covered_display": "100", "missing_lines": 0, "excluded_lines": 0, "percent_statements_covered": 100.0, "percent_statements_covered_display": "100"}, "missing_lines": [], "excluded_lines": [], "start_line": 1}}, "classes": {"": {"executed_lines": [24, 26, 27, 28, 30, 32, 37, 41, 42, 46, 50, 54, 58, 64, 105, 106, 109, 110, 111, 112, 114, 116, 117, 118, 119, 123, 124, 125, 130, 131, 136, 137, 142, 143, 144, 147, 148, 150, 170, 179, 180, 181, 182, 185, 187, 188, 189, 190, 191, 194, 196, 197, 198, 199, 202, 204, 205, 206, 207, 208, 209, 210, 214, 216, 217, 220, 221, 224, 226, 227, 228, 229, 230, 231, 233, 234, 238, 239, 240, 244, 246, 260], "summary": {"covered_lines": 82, "num_statements": 88, "percent_covered": 93.18181818181819, "percent_covered_display": "93", "missing_lines": 6, "excluded_lines": 9, "percent_statements_covered": 93.18181818181819, "percent_statements_covered_display": "93"}, "missing_lines": [215, 218, 219, 232, 235, 241], "excluded_lines": [126, 127, 128, 132, 133, 134, 138, 139, 140], "start_line": 1}}}, "src/forge/adapters/guardkit/progress.py": {"executed_lines": [26, 28, 31, 42, 46, 50, 54, 58, 62, 66], "summary": {"covered_lines": 10, "num_statements": 10, "percent_covered": 100.0, "percent_covered_display": "100", "missing_lines": 0, "excluded_lines": 0, "percent_statements_covered": 100.0, "percent_statements_covered_display": "100"}, "missing_lines": [], "excluded_lines": [], "functions": {"": {"executed_lines": [26, 28, 31, 42, 46, 50, 54, 58, 62, 66], "summary": {"covered_lines": 10, "num_statements": 10, "percent_covered": 100.0, "percent_covered_display": "100", "missing_lines": 0, "excluded_lines": 0, "percent_statements_covered": 100.0, "percent_statements_covered_display": "100"}, "missing_lines": [], "excluded_lines": [], "start_line": 1}}, "classes": {"GuardKitProgressEvent": {"executed_lines": [], "summary": {"covered_lines": 0, "num_statements": 0, "percent_covered": 100.0, "percent_covered_display": "100", "missing_lines": 0, "excluded_lines": 0, "percent_statements_covered": 100.0, "percent_statements_covered_display": "100"}, "missing_lines": [], "excluded_lines": [], "start_line": 31}, "": {"executed_lines": [26, 28, 31, 42, 46, 50, 54, 58, 62, 66], "summary": {"covered_lines": 10, "num_statements": 10, "percent_covered": 100.0, "percent_covered_display": "100", "missing_lines": 0, "excluded_lines": 0, "percent_statements_covered": 100.0, "percent_statements_covered_display": "100"}, "missing_lines": [], "excluded_lines": [], "start_line": 1}}}, "src/forge/adapters/guardkit/progress_subscriber.py": {"executed_lines": [40, 42, 43, 44, 45, 46, 56, 57, 59, 61, 71, 78, 83, 88, 96, 97, 113, 114, 115, 116, 119, 120, 131, 132, 152, 174, 176, 177, 178, 179, 180, 181, 187, 194, 195, 196, 197, 198, 199, 201, 214, 227, 230, 231, 232, 233, 235, 242, 243, 244, 245, 247, 248, 250, 258, 270, 271, 272, 273, 274, 282, 283, 327, 328, 337, 343, 344, 346, 348, 355, 356, 357, 358, 364, 370, 371, 376, 377, 378, 379, 385, 391, 392, 397, 398, 400, 401, 402, 406, 415], "summary": {"covered_lines": 90, "num_statements": 90, "percent_covered": 100.0, "percent_covered_display": "100", "missing_lines": 0, "excluded_lines": 12, "percent_statements_covered": 100.0, "percent_statements_covered_display": "100"}, "missing_lines": [], "excluded_lines": [127, 128, 129, 130, 140, 141, 142, 143, 144, 145, 146, 147], "functions": {"_SubscriptionLike.unsubscribe": {"executed_lines": [], "summary": {"covered_lines": 0, "num_statements": 0, "percent_covered": 100.0, "percent_covered_display": "100", "missing_lines": 0, "excluded_lines": 1, "percent_statements_covered": 100.0, "percent_statements_covered_display": "100"}, "missing_lines": [], "excluded_lines": [128], "start_line": 127}, "_NATSSubscribeClient.subscribe": {"executed_lines": [], "summary": {"covered_lines": 0, "num_statements": 0, "percent_covered": 100.0, "percent_covered_display": "100", "missing_lines": 0, "excluded_lines": 1, "percent_statements_covered": 100.0, "percent_statements_covered_display": "100"}, "missing_lines": [], "excluded_lines": [144], "start_line": 140}, "ProgressSink.__init__": {"executed_lines": [177, 178, 179, 180, 181], "summary": {"covered_lines": 5, "num_statements": 5, "percent_covered": 100.0, "percent_covered_display": "100", "missing_lines": 0, "excluded_lines": 0, "percent_statements_covered": 100.0, "percent_statements_covered_display": "100"}, "missing_lines": [], "excluded_lines": [], "start_line": 176}, "ProgressSink.record": {"executed_lines": [194, 195, 196, 197, 198, 199], "summary": {"covered_lines": 6, "num_statements": 6, "percent_covered": 100.0, "percent_covered_display": "100", "missing_lines": 0, "excluded_lines": 0, "percent_statements_covered": 100.0, "percent_statements_covered_display": "100"}, "missing_lines": [], "excluded_lines": [], "start_line": 187}, "ProgressSink.warn": {"executed_lines": [214], "summary": {"covered_lines": 1, "num_statements": 1, "percent_covered": 100.0, "percent_covered_display": "100", "missing_lines": 0, "excluded_lines": 0, "percent_statements_covered": 100.0, "percent_statements_covered_display": "100"}, "missing_lines": [], "excluded_lines": [], "start_line": 201}, "ProgressSink.latest": {"executed_lines": [230, 231, 232, 233], "summary": {"covered_lines": 4, "num_statements": 4, "percent_covered": 100.0, "percent_covered_display": "100", "missing_lines": 0, "excluded_lines": 0, "percent_statements_covered": 100.0, "percent_statements_covered_display": "100"}, "missing_lines": [], "excluded_lines": [], "start_line": 227}, "ProgressSink.all_for": {"executed_lines": [242, 243, 244, 245], "summary": {"covered_lines": 4, "num_statements": 4, "percent_covered": 100.0, "percent_covered_display": "100", "missing_lines": 0, "excluded_lines": 0, "percent_statements_covered": 100.0, "percent_statements_covered_display": "100"}, "missing_lines": [], "excluded_lines": [], "start_line": 235}, "ProgressSink.warnings": {"executed_lines": [250], "summary": {"covered_lines": 1, "num_statements": 1, "percent_covered": 100.0, "percent_covered_display": "100", "missing_lines": 0, "excluded_lines": 0, "percent_statements_covered": 100.0, "percent_statements_covered_display": "100"}, "missing_lines": [], "excluded_lines": [], "start_line": 248}, "subject_for": {"executed_lines": [270, 271, 272, 273, 274], "summary": {"covered_lines": 5, "num_statements": 5, "percent_covered": 100.0, "percent_covered_display": "100", "missing_lines": 0, "excluded_lines": 0, "percent_statements_covered": 100.0, "percent_statements_covered_display": "100"}, "missing_lines": [], "excluded_lines": [], "start_line": 258}, "subscribe_progress": {"executed_lines": [327, 328, 337, 343, 344, 346, 348, 376, 377, 378, 379, 385, 391, 392, 397, 398, 400, 401, 402, 406], "summary": {"covered_lines": 20, "num_statements": 20, "percent_covered": 100.0, "percent_covered_display": "100", "missing_lines": 0, "excluded_lines": 0, "percent_statements_covered": 100.0, "percent_statements_covered_display": "100"}, "missing_lines": [], "excluded_lines": [], "start_line": 283}, "subscribe_progress._on_envelope": {"executed_lines": [355, 356, 357, 358, 364, 370, 371], "summary": {"covered_lines": 7, "num_statements": 7, "percent_covered": 100.0, "percent_covered_display": "100", "missing_lines": 0, "excluded_lines": 0, "percent_statements_covered": 100.0, "percent_statements_covered_display": "100"}, "missing_lines": [], "excluded_lines": [], "start_line": 348}, "": {"executed_lines": [40, 42, 43, 44, 45, 46, 56, 57, 59, 61, 71, 78, 83, 88, 96, 97, 113, 114, 115, 116, 119, 120, 131, 132, 152, 174, 176, 187, 201, 227, 235, 247, 248, 258, 282, 283, 415], "summary": {"covered_lines": 37, "num_statements": 37, "percent_covered": 100.0, "percent_covered_display": "100", "missing_lines": 0, "excluded_lines": 10, "percent_statements_covered": 100.0, "percent_statements_covered_display": "100"}, "missing_lines": [], "excluded_lines": [127, 129, 130, 140, 141, 142, 143, 145, 146, 147], "start_line": 1}}, "classes": {"ProgressSinkWarning": {"executed_lines": [], "summary": {"covered_lines": 0, "num_statements": 0, "percent_covered": 100.0, "percent_covered_display": "100", "missing_lines": 0, "excluded_lines": 0, "percent_statements_covered": 100.0, "percent_statements_covered_display": "100"}, "missing_lines": [], "excluded_lines": [], "start_line": 97}, "_SubscriptionLike": {"executed_lines": [], "summary": {"covered_lines": 0, "num_statements": 0, "percent_covered": 100.0, "percent_covered_display": "100", "missing_lines": 0, "excluded_lines": 1, "percent_statements_covered": 100.0, "percent_statements_covered_display": "100"}, "missing_lines": [], "excluded_lines": [128], "start_line": 120}, "_NATSSubscribeClient": {"executed_lines": [], "summary": {"covered_lines": 0, "num_statements": 0, "percent_covered": 100.0, "percent_covered_display": "100", "missing_lines": 0, "excluded_lines": 1, "percent_statements_covered": 100.0, "percent_statements_covered_display": "100"}, "missing_lines": [], "excluded_lines": [144], "start_line": 132}, "ProgressSink": {"executed_lines": [177, 178, 179, 180, 181, 194, 195, 196, 197, 198, 199, 214, 230, 231, 232, 233, 242, 243, 244, 245, 250], "summary": {"covered_lines": 21, "num_statements": 21, "percent_covered": 100.0, "percent_covered_display": "100", "missing_lines": 0, "excluded_lines": 0, "percent_statements_covered": 100.0, "percent_statements_covered_display": "100"}, "missing_lines": [], "excluded_lines": [], "start_line": 152}, "": {"executed_lines": [40, 42, 43, 44, 45, 46, 56, 57, 59, 61, 71, 78, 83, 88, 96, 97, 113, 114, 115, 116, 119, 120, 131, 132, 152, 174, 176, 187, 201, 227, 235, 247, 248, 258, 270, 271, 272, 273, 274, 282, 283, 327, 328, 337, 343, 344, 346, 348, 355, 356, 357, 358, 364, 370, 371, 376, 377, 378, 379, 385, 391, 392, 397, 398, 400, 401, 402, 406, 415], "summary": {"covered_lines": 69, "num_statements": 69, "percent_covered": 100.0, "percent_covered_display": "100", "missing_lines": 0, "excluded_lines": 10, "percent_statements_covered": 100.0, "percent_statements_covered_display": "100"}, "missing_lines": [], "excluded_lines": [127, 129, 130, 140, 141, 142, 143, 145, 146, 147], "start_line": 1}}}, "src/forge/adapters/langgraph/__init__.py": {"executed_lines": [41, 43, 45, 51, 54, 127, 128, 136, 137, 141, 142, 144, 150], "summary": {"covered_lines": 13, "num_statements": 14, "percent_covered": 92.85714285714286, "percent_covered_display": "93", "missing_lines": 1, "excluded_lines": 0, "percent_statements_covered": 92.85714285714286, "percent_statements_covered_display": "93"}, "missing_lines": [143], "excluded_lines": [], "functions": {"resume_value_as": {"executed_lines": [127, 128, 136, 137, 141, 142, 144], "summary": {"covered_lines": 7, "num_statements": 8, "percent_covered": 87.5, "percent_covered_display": "88", "missing_lines": 1, "excluded_lines": 0, "percent_statements_covered": 87.5, "percent_statements_covered_display": "88"}, "missing_lines": [143], "excluded_lines": [], "start_line": 54}, "": {"executed_lines": [41, 43, 45, 51, 54, 150], "summary": {"covered_lines": 6, "num_statements": 6, "percent_covered": 100.0, "percent_covered_display": "100", "missing_lines": 0, "excluded_lines": 0, "percent_statements_covered": 100.0, "percent_statements_covered_display": "100"}, "missing_lines": [], "excluded_lines": [], "start_line": 1}}, "classes": {"": {"executed_lines": [41, 43, 45, 51, 54, 127, 128, 136, 137, 141, 142, 144, 150], "summary": {"covered_lines": 13, "num_statements": 14, "percent_covered": 92.85714285714286, "percent_covered_display": "93", "missing_lines": 1, "excluded_lines": 0, "percent_statements_covered": 92.85714285714286, "percent_statements_covered_display": "93"}, "missing_lines": [143], "excluded_lines": [], "start_line": 1}}}, "src/forge/adapters/nats/__init__.py": {"executed_lines": [17, 22, 31, 35, 40], "summary": {"covered_lines": 5, "num_statements": 5, "percent_covered": 100.0, "percent_covered_display": "100", "missing_lines": 0, "excluded_lines": 0, "percent_statements_covered": 100.0, "percent_statements_covered_display": "100"}, "missing_lines": [], "excluded_lines": [], "functions": {"": {"executed_lines": [17, 22, 31, 35, 40], "summary": {"covered_lines": 5, "num_statements": 5, "percent_covered": 100.0, "percent_covered_display": "100", "missing_lines": 0, "excluded_lines": 0, "percent_statements_covered": 100.0, "percent_statements_covered_display": "100"}, "missing_lines": [], "excluded_lines": [], "start_line": 1}}, "classes": {"": {"executed_lines": [17, 22, 31, 35, 40], "summary": {"covered_lines": 5, "num_statements": 5, "percent_covered": 100.0, "percent_covered_display": "100", "missing_lines": 0, "excluded_lines": 0, "percent_statements_covered": 100.0, "percent_statements_covered_display": "100"}, "missing_lines": [], "excluded_lines": [], "start_line": 1}}}, "src/forge/adapters/nats/approval_publisher.py": {"executed_lines": [34, 36, 37, 39, 41, 46, 51, 55, 59, 64, 67, 83, 98, 99, 100, 101, 109, 149, 179, 211, 213, 214, 215, 216, 217, 218, 219, 220, 221, 225, 230, 238, 257, 263, 264, 270, 285, 290, 291, 292, 298, 324, 325, 326, 334, 335, 336, 341, 343, 346, 348, 349, 350, 356, 361, 363], "summary": {"covered_lines": 56, "num_statements": 58, "percent_covered": 96.55172413793103, "percent_covered_display": "97", "missing_lines": 2, "excluded_lines": 2, "percent_statements_covered": 96.55172413793103, "percent_statements_covered_display": "97"}, "missing_lines": [327, 332], "excluded_lines": [43, 44], "functions": {"ApprovalPublishError.__init__": {"executed_lines": [99, 100, 101], "summary": {"covered_lines": 3, "num_statements": 3, "percent_covered": 100.0, "percent_covered_display": "100", "missing_lines": 0, "excluded_lines": 0, "percent_statements_covered": 100.0, "percent_statements_covered_display": "100"}, "missing_lines": [], "excluded_lines": [], "start_line": 98}, "_build_approval_details": {"executed_lines": [149], "summary": {"covered_lines": 1, "num_statements": 1, "percent_covered": 100.0, "percent_covered_display": "100", "missing_lines": 0, "excluded_lines": 0, "percent_statements_covered": 100.0, "percent_statements_covered_display": "100"}, "missing_lines": [], "excluded_lines": [], "start_line": 109}, "_derive_risk_level": {"executed_lines": [211, 213, 214, 215, 216, 217, 218, 219, 220, 221, 225, 230], "summary": {"covered_lines": 12, "num_statements": 12, "percent_covered": 100.0, "percent_covered_display": "100", "missing_lines": 0, "excluded_lines": 0, "percent_statements_covered": 100.0, "percent_statements_covered_display": "100"}, "missing_lines": [], "excluded_lines": [], "start_line": 179}, "ApprovalPublisher.__init__": {"executed_lines": [263, 264], "summary": {"covered_lines": 2, "num_statements": 2, "percent_covered": 100.0, "percent_covered_display": "100", "missing_lines": 0, "excluded_lines": 0, "percent_statements_covered": 100.0, "percent_statements_covered_display": "100"}, "missing_lines": [], "excluded_lines": [], "start_line": 257}, "ApprovalPublisher._subject_for": {"executed_lines": [285, 290, 291, 292], "summary": {"covered_lines": 4, "num_statements": 4, "percent_covered": 100.0, "percent_covered_display": "100", "missing_lines": 0, "excluded_lines": 0, "percent_statements_covered": 100.0, "percent_statements_covered_display": "100"}, "missing_lines": [], "excluded_lines": [], "start_line": 270}, "ApprovalPublisher.publish_request": {"executed_lines": [324, 325, 326, 334, 335, 336, 341, 343, 346, 348, 349, 350, 356, 361, 363], "summary": {"covered_lines": 15, "num_statements": 17, "percent_covered": 88.23529411764706, "percent_covered_display": "88", "missing_lines": 2, "excluded_lines": 0, "percent_statements_covered": 88.23529411764706, "percent_statements_covered_display": "88"}, "missing_lines": [327, 332], "excluded_lines": [], "start_line": 298}, "": {"executed_lines": [34, 36, 37, 39, 41, 46, 51, 55, 59, 64, 67, 83, 98, 109, 179, 238, 257, 270, 298], "summary": {"covered_lines": 19, "num_statements": 19, "percent_covered": 100.0, "percent_covered_display": "100", "missing_lines": 0, "excluded_lines": 2, "percent_statements_covered": 100.0, "percent_statements_covered_display": "100"}, "missing_lines": [], "excluded_lines": [43, 44], "start_line": 1}}, "classes": {"ApprovalPublishError": {"executed_lines": [99, 100, 101], "summary": {"covered_lines": 3, "num_statements": 3, "percent_covered": 100.0, "percent_covered_display": "100", "missing_lines": 0, "excluded_lines": 0, "percent_statements_covered": 100.0, "percent_statements_covered_display": "100"}, "missing_lines": [], "excluded_lines": [], "start_line": 83}, "ApprovalPublisher": {"executed_lines": [263, 264, 285, 290, 291, 292, 324, 325, 326, 334, 335, 336, 341, 343, 346, 348, 349, 350, 356, 361, 363], "summary": {"covered_lines": 21, "num_statements": 23, "percent_covered": 91.30434782608695, "percent_covered_display": "91", "missing_lines": 2, "excluded_lines": 0, "percent_statements_covered": 91.30434782608695, "percent_statements_covered_display": "91"}, "missing_lines": [327, 332], "excluded_lines": [], "start_line": 238}, "": {"executed_lines": [34, 36, 37, 39, 41, 46, 51, 55, 59, 64, 67, 83, 98, 109, 149, 179, 211, 213, 214, 215, 216, 217, 218, 219, 220, 221, 225, 230, 238, 257, 270, 298], "summary": {"covered_lines": 32, "num_statements": 32, "percent_covered": 100.0, "percent_covered_display": "100", "missing_lines": 0, "excluded_lines": 2, "percent_statements_covered": 100.0, "percent_statements_covered_display": "100"}, "missing_lines": [], "excluded_lines": [43, 44], "start_line": 1}}}, "src/forge/adapters/nats/approval_subscriber.py": {"executed_lines": [43, 45, 46, 47, 48, 49, 50, 52, 53, 54, 55, 57, 58, 60, 69, 74, 78, 85, 86, 93, 94, 106, 109, 110, 113, 114, 121, 122, 144, 155, 162, 166, 167, 168, 176, 177, 210, 211, 212, 213, 214, 215, 216, 224, 238, 239, 244, 250, 255, 261, 262, 276, 277, 278, 279, 280, 281, 287, 300, 301, 302, 303, 304, 305, 306, 308, 315, 316, 317, 323, 367, 368, 369, 370, 371, 372, 376, 381, 383, 389, 390, 392, 393, 394, 396, 397, 399, 401, 402, 403, 404, 405, 406, 413, 415, 416, 417, 418, 419, 421, 422, 429, 437, 438, 443, 444, 445, 448, 456, 462, 473, 478, 480, 481, 482, 497, 522, 523, 524, 525, 526, 528, 529, 530, 531, 538, 546, 552, 553, 554, 563, 566, 567, 568, 575, 578, 579, 586, 592, 594, 597], "summary": {"covered_lines": 141, "num_statements": 143, "percent_covered": 98.6013986013986, "percent_covered_display": "99", "missing_lines": 2, "excluded_lines": 17, "percent_statements_covered": 98.6013986013986, "percent_statements_covered_display": "99"}, "missing_lines": [483, 487], "excluded_lines": [102, 103, 104, 105, 117, 118, 119, 120, 131, 132, 133, 134, 135, 136, 137, 138, 139], "functions": {"Clock.monotonic": {"executed_lines": [], "summary": {"covered_lines": 0, "num_statements": 0, "percent_covered": 100.0, "percent_covered_display": "100", "missing_lines": 0, "excluded_lines": 1, "percent_statements_covered": 100.0, "percent_statements_covered_display": "100"}, "missing_lines": [], "excluded_lines": [103], "start_line": 102}, "_MonotonicClock.monotonic": {"executed_lines": [110], "summary": {"covered_lines": 1, "num_statements": 1, "percent_covered": 100.0, "percent_covered_display": "100", "missing_lines": 0, "excluded_lines": 0, "percent_statements_covered": 100.0, "percent_statements_covered_display": "100"}, "missing_lines": [], "excluded_lines": [], "start_line": 109}, "_SubscriptionLike.unsubscribe": {"executed_lines": [], "summary": {"covered_lines": 0, "num_statements": 0, "percent_covered": 100.0, "percent_covered_display": "100", "missing_lines": 0, "excluded_lines": 1, "percent_statements_covered": 100.0, "percent_statements_covered_display": "100"}, "missing_lines": [], "excluded_lines": [118], "start_line": 117}, "_NATSSubscribeClient.subscribe": {"executed_lines": [], "summary": {"covered_lines": 0, "num_statements": 0, "percent_covered": 100.0, "percent_covered_display": "100", "missing_lines": 0, "excluded_lines": 1, "percent_statements_covered": 100.0, "percent_statements_covered_display": "100"}, "missing_lines": [], "excluded_lines": [136], "start_line": 131}, "InvalidDecisionError.__init__": {"executed_lines": [162, 166, 167, 168], "summary": {"covered_lines": 4, "num_statements": 4, "percent_covered": 100.0, "percent_covered_display": "100", "missing_lines": 0, "excluded_lines": 0, "percent_statements_covered": 100.0, "percent_statements_covered_display": "100"}, "missing_lines": [], "excluded_lines": [], "start_line": 155}, "ApprovalSubscriber.__init__": {"executed_lines": [239, 244, 250, 255], "summary": {"covered_lines": 4, "num_statements": 4, "percent_covered": 100.0, "percent_covered_display": "100", "missing_lines": 0, "excluded_lines": 0, "percent_statements_covered": 100.0, "percent_statements_covered_display": "100"}, "missing_lines": [], "excluded_lines": [], "start_line": 238}, "ApprovalSubscriber._subject_for": {"executed_lines": [276, 277, 278, 279, 280, 281], "summary": {"covered_lines": 6, "num_statements": 6, "percent_covered": 100.0, "percent_covered_display": "100", "missing_lines": 0, "excluded_lines": 0, "percent_statements_covered": 100.0, "percent_statements_covered_display": "100"}, "missing_lines": [], "excluded_lines": [], "start_line": 262}, "ApprovalSubscriber._check_and_record": {"executed_lines": [300, 301, 302, 303, 304, 305, 306], "summary": {"covered_lines": 7, "num_statements": 7, "percent_covered": 100.0, "percent_covered_display": "100", "missing_lines": 0, "excluded_lines": 0, "percent_statements_covered": 100.0, "percent_statements_covered_display": "100"}, "missing_lines": [], "excluded_lines": [], "start_line": 287}, "ApprovalSubscriber._evict_expired": {"executed_lines": [315, 316, 317], "summary": {"covered_lines": 3, "num_statements": 3, "percent_covered": 100.0, "percent_covered_display": "100", "missing_lines": 0, "excluded_lines": 0, "percent_statements_covered": 100.0, "percent_statements_covered_display": "100"}, "missing_lines": [], "excluded_lines": [], "start_line": 308}, "ApprovalSubscriber.await_response": {"executed_lines": [367, 368, 369, 370, 371, 372, 376, 381, 383, 389, 390, 392, 393, 394, 396, 399, 401, 402, 403, 404, 405, 406, 413, 415, 416, 417, 418, 419, 421, 422, 429, 437, 438, 443, 444, 445, 448, 456, 462, 473, 478, 480, 481, 482], "summary": {"covered_lines": 44, "num_statements": 46, "percent_covered": 95.65217391304348, "percent_covered_display": "96", "missing_lines": 2, "excluded_lines": 0, "percent_statements_covered": 95.65217391304348, "percent_statements_covered_display": "96"}, "missing_lines": [483, 487], "excluded_lines": [], "start_line": 323}, "ApprovalSubscriber.await_response._callback": {"executed_lines": [397], "summary": {"covered_lines": 1, "num_statements": 1, "percent_covered": 100.0, "percent_covered_display": "100", "missing_lines": 0, "excluded_lines": 0, "percent_statements_covered": 100.0, "percent_statements_covered_display": "100"}, "missing_lines": [], "excluded_lines": [], "start_line": 396}, "ApprovalSubscriber._on_envelope": {"executed_lines": [522, 523, 524, 525, 526, 528, 529, 530, 531, 538, 546, 552, 553, 554, 563, 566, 567, 568, 575, 578, 579, 586, 592, 594], "summary": {"covered_lines": 24, "num_statements": 24, "percent_covered": 100.0, "percent_covered_display": "100", "missing_lines": 0, "excluded_lines": 0, "percent_statements_covered": 100.0, "percent_statements_covered_display": "100"}, "missing_lines": [], "excluded_lines": [], "start_line": 497}, "": {"executed_lines": [43, 45, 46, 47, 48, 49, 50, 52, 53, 54, 55, 57, 58, 60, 69, 74, 78, 85, 86, 93, 94, 106, 109, 113, 114, 121, 122, 144, 155, 176, 177, 210, 211, 212, 213, 214, 215, 216, 224, 238, 261, 262, 287, 308, 323, 497, 597], "summary": {"covered_lines": 47, "num_statements": 47, "percent_covered": 100.0, "percent_covered_display": "100", "missing_lines": 0, "excluded_lines": 14, "percent_statements_covered": 100.0, "percent_statements_covered_display": "100"}, "missing_lines": [], "excluded_lines": [102, 104, 105, 117, 119, 120, 131, 132, 133, 134, 135, 137, 138, 139], "start_line": 1}}, "classes": {"Clock": {"executed_lines": [], "summary": {"covered_lines": 0, "num_statements": 0, "percent_covered": 100.0, "percent_covered_display": "100", "missing_lines": 0, "excluded_lines": 1, "percent_statements_covered": 100.0, "percent_statements_covered_display": "100"}, "missing_lines": [], "excluded_lines": [103], "start_line": 94}, "_MonotonicClock": {"executed_lines": [110], "summary": {"covered_lines": 1, "num_statements": 1, "percent_covered": 100.0, "percent_covered_display": "100", "missing_lines": 0, "excluded_lines": 0, "percent_statements_covered": 100.0, "percent_statements_covered_display": "100"}, "missing_lines": [], "excluded_lines": [], "start_line": 106}, "_SubscriptionLike": {"executed_lines": [], "summary": {"covered_lines": 0, "num_statements": 0, "percent_covered": 100.0, "percent_covered_display": "100", "missing_lines": 0, "excluded_lines": 1, "percent_statements_covered": 100.0, "percent_statements_covered_display": "100"}, "missing_lines": [], "excluded_lines": [118], "start_line": 114}, "_NATSSubscribeClient": {"executed_lines": [], "summary": {"covered_lines": 0, "num_statements": 0, "percent_covered": 100.0, "percent_covered_display": "100", "missing_lines": 0, "excluded_lines": 1, "percent_statements_covered": 100.0, "percent_statements_covered_display": "100"}, "missing_lines": [], "excluded_lines": [136], "start_line": 122}, "InvalidDecisionError": {"executed_lines": [162, 166, 167, 168], "summary": {"covered_lines": 4, "num_statements": 4, "percent_covered": 100.0, "percent_covered_display": "100", "missing_lines": 0, "excluded_lines": 0, "percent_statements_covered": 100.0, "percent_statements_covered_display": "100"}, "missing_lines": [], "excluded_lines": [], "start_line": 144}, "ApprovalSubscriberDeps": {"executed_lines": [], "summary": {"covered_lines": 0, "num_statements": 0, "percent_covered": 100.0, "percent_covered_display": "100", "missing_lines": 0, "excluded_lines": 0, "percent_statements_covered": 100.0, "percent_statements_covered_display": "100"}, "missing_lines": [], "excluded_lines": [], "start_line": 177}, "ApprovalSubscriber": {"executed_lines": [239, 244, 250, 255, 276, 277, 278, 279, 280, 281, 300, 301, 302, 303, 304, 305, 306, 315, 316, 317, 367, 368, 369, 370, 371, 372, 376, 381, 383, 389, 390, 392, 393, 394, 396, 397, 399, 401, 402, 403, 404, 405, 406, 413, 415, 416, 417, 418, 419, 421, 422, 429, 437, 438, 443, 444, 445, 448, 456, 462, 473, 478, 480, 481, 482, 522, 523, 524, 525, 526, 528, 529, 530, 531, 538, 546, 552, 553, 554, 563, 566, 567, 568, 575, 578, 579, 586, 592, 594], "summary": {"covered_lines": 89, "num_statements": 91, "percent_covered": 97.8021978021978, "percent_covered_display": "98", "missing_lines": 2, "excluded_lines": 0, "percent_statements_covered": 97.8021978021978, "percent_statements_covered_display": "98"}, "missing_lines": [483, 487], "excluded_lines": [], "start_line": 224}, "": {"executed_lines": [43, 45, 46, 47, 48, 49, 50, 52, 53, 54, 55, 57, 58, 60, 69, 74, 78, 85, 86, 93, 94, 106, 109, 113, 114, 121, 122, 144, 155, 176, 177, 210, 211, 212, 213, 214, 215, 216, 224, 238, 261, 262, 287, 308, 323, 497, 597], "summary": {"covered_lines": 47, "num_statements": 47, "percent_covered": 100.0, "percent_covered_display": "100", "missing_lines": 0, "excluded_lines": 14, "percent_statements_covered": 100.0, "percent_statements_covered_display": "100"}, "missing_lines": [], "excluded_lines": [102, 104, 105, 117, 119, 120, 131, 132, 133, 134, 135, 137, 138, 139], "start_line": 1}}}, "src/forge/adapters/nats/fleet_publisher.py": {"executed_lines": [27, 29, 30, 31, 32, 34, 36, 37, 42, 47, 51, 53, 71, 72, 81, 85, 89, 94, 95, 103, 107, 112, 120, 122, 124, 126, 134, 164, 165, 167, 181, 198, 201, 218, 219, 220, 223, 230, 266, 267, 269, 275, 277, 278, 283, 284, 287, 291, 292, 297, 302, 303, 305, 313, 334, 335, 337, 338, 350, 351, 352, 353, 354, 356, 362], "summary": {"covered_lines": 65, "num_statements": 71, "percent_covered": 91.54929577464789, "percent_covered_display": "92", "missing_lines": 6, "excluded_lines": 14, "percent_statements_covered": 91.54929577464789, "percent_statements_covered_display": "92"}, "missing_lines": [342, 346, 347, 348, 357, 358], "excluded_lines": [39, 40, 83, 84, 87, 88, 91, 92, 93, 105, 106, 109, 110, 111], "functions": {"StatusProvider.get_current_status": {"executed_lines": [], "summary": {"covered_lines": 0, "num_statements": 0, "percent_covered": 100.0, "percent_covered_display": "100", "missing_lines": 0, "excluded_lines": 1, "percent_statements_covered": 100.0, "percent_statements_covered_display": "100"}, "missing_lines": [], "excluded_lines": [83], "start_line": 81}, "StatusProvider.get_active_tasks": {"executed_lines": [], "summary": {"covered_lines": 0, "num_statements": 0, "percent_covered": 100.0, "percent_covered_display": "100", "missing_lines": 0, "excluded_lines": 1, "percent_statements_covered": 100.0, "percent_statements_covered_display": "100"}, "missing_lines": [], "excluded_lines": [87], "start_line": 85}, "StatusProvider.get_queue_depth": {"executed_lines": [], "summary": {"covered_lines": 0, "num_statements": 0, "percent_covered": 100.0, "percent_covered_display": "100", "missing_lines": 0, "excluded_lines": 1, "percent_statements_covered": 100.0, "percent_statements_covered_display": "100"}, "missing_lines": [], "excluded_lines": [91], "start_line": 89}, "Clock.monotonic": {"executed_lines": [], "summary": {"covered_lines": 0, "num_statements": 0, "percent_covered": 100.0, "percent_covered_display": "100", "missing_lines": 0, "excluded_lines": 1, "percent_statements_covered": 100.0, "percent_statements_covered_display": "100"}, "missing_lines": [], "excluded_lines": [105], "start_line": 103}, "Clock.sleep": {"executed_lines": [], "summary": {"covered_lines": 0, "num_statements": 0, "percent_covered": 100.0, "percent_covered_display": "100", "missing_lines": 0, "excluded_lines": 1, "percent_statements_covered": 100.0, "percent_statements_covered_display": "100"}, "missing_lines": [], "excluded_lines": [109], "start_line": 107}, "MonotonicClock.monotonic": {"executed_lines": [122], "summary": {"covered_lines": 1, "num_statements": 1, "percent_covered": 100.0, "percent_covered_display": "100", "missing_lines": 0, "excluded_lines": 0, "percent_statements_covered": 100.0, "percent_statements_covered_display": "100"}, "missing_lines": [], "excluded_lines": [], "start_line": 120}, "MonotonicClock.sleep": {"executed_lines": [126], "summary": {"covered_lines": 1, "num_statements": 1, "percent_covered": 100.0, "percent_covered_display": "100", "missing_lines": 0, "excluded_lines": 0, "percent_statements_covered": 100.0, "percent_statements_covered_display": "100"}, "missing_lines": [], "excluded_lines": [], "start_line": 124}, "build_heartbeat_payload": {"executed_lines": [164, 165, 167], "summary": {"covered_lines": 3, "num_statements": 3, "percent_covered": 100.0, "percent_covered_display": "100", "missing_lines": 0, "excluded_lines": 0, "percent_statements_covered": 100.0, "percent_statements_covered_display": "100"}, "missing_lines": [], "excluded_lines": [], "start_line": 134}, "register_on_boot": {"executed_lines": [198], "summary": {"covered_lines": 1, "num_statements": 1, "percent_covered": 100.0, "percent_covered_display": "100", "missing_lines": 0, "excluded_lines": 0, "percent_statements_covered": 100.0, "percent_statements_covered_display": "100"}, "missing_lines": [], "excluded_lines": [], "start_line": 181}, "deregister": {"executed_lines": [218, 219, 220, 223], "summary": {"covered_lines": 4, "num_statements": 4, "percent_covered": 100.0, "percent_covered_display": "100", "missing_lines": 0, "excluded_lines": 0, "percent_statements_covered": 100.0, "percent_statements_covered_display": "100"}, "missing_lines": [], "excluded_lines": [], "start_line": 201}, "heartbeat_loop": {"executed_lines": [266, 267, 269, 275, 277, 278, 283, 284, 287, 291, 292, 297, 302, 303, 305], "summary": {"covered_lines": 15, "num_statements": 15, "percent_covered": 100.0, "percent_covered_display": "100", "missing_lines": 0, "excluded_lines": 0, "percent_statements_covered": 100.0, "percent_statements_covered_display": "100"}, "missing_lines": [], "excluded_lines": [], "start_line": 230}, "_sleep_or_cancel": {"executed_lines": [334, 335, 337, 338, 350, 351, 352, 353, 354, 356, 362], "summary": {"covered_lines": 11, "num_statements": 17, "percent_covered": 64.70588235294117, "percent_covered_display": "65", "missing_lines": 6, "excluded_lines": 0, "percent_statements_covered": 64.70588235294117, "percent_statements_covered_display": "65"}, "missing_lines": [342, 346, 347, 348, 357, 358], "excluded_lines": [], "start_line": 313}, "": {"executed_lines": [27, 29, 30, 31, 32, 34, 36, 37, 42, 47, 51, 53, 71, 72, 81, 85, 89, 94, 95, 103, 107, 112, 120, 124, 134, 181, 201, 230, 313], "summary": {"covered_lines": 29, "num_statements": 29, "percent_covered": 100.0, "percent_covered_display": "100", "missing_lines": 0, "excluded_lines": 9, "percent_statements_covered": 100.0, "percent_statements_covered_display": "100"}, "missing_lines": [], "excluded_lines": [39, 40, 84, 88, 92, 93, 106, 110, 111], "start_line": 1}}, "classes": {"StatusProvider": {"executed_lines": [], "summary": {"covered_lines": 0, "num_statements": 0, "percent_covered": 100.0, "percent_covered_display": "100", "missing_lines": 0, "excluded_lines": 3, "percent_statements_covered": 100.0, "percent_statements_covered_display": "100"}, "missing_lines": [], "excluded_lines": [83, 87, 91], "start_line": 72}, "Clock": {"executed_lines": [], "summary": {"covered_lines": 0, "num_statements": 0, "percent_covered": 100.0, "percent_covered_display": "100", "missing_lines": 0, "excluded_lines": 2, "percent_statements_covered": 100.0, "percent_statements_covered_display": "100"}, "missing_lines": [], "excluded_lines": [105, 109], "start_line": 95}, "MonotonicClock": {"executed_lines": [122, 126], "summary": {"covered_lines": 2, "num_statements": 2, "percent_covered": 100.0, "percent_covered_display": "100", "missing_lines": 0, "excluded_lines": 0, "percent_statements_covered": 100.0, "percent_statements_covered_display": "100"}, "missing_lines": [], "excluded_lines": [], "start_line": 112}, "": {"executed_lines": [27, 29, 30, 31, 32, 34, 36, 37, 42, 47, 51, 53, 71, 72, 81, 85, 89, 94, 95, 103, 107, 112, 120, 124, 134, 164, 165, 167, 181, 198, 201, 218, 219, 220, 223, 230, 266, 267, 269, 275, 277, 278, 283, 284, 287, 291, 292, 297, 302, 303, 305, 313, 334, 335, 337, 338, 350, 351, 352, 353, 354, 356, 362], "summary": {"covered_lines": 63, "num_statements": 69, "percent_covered": 91.30434782608695, "percent_covered_display": "91", "missing_lines": 6, "excluded_lines": 9, "percent_statements_covered": 91.30434782608695, "percent_statements_covered_display": "91"}, "missing_lines": [342, 346, 347, 348, 357, 358], "excluded_lines": [39, 40, 84, 88, 92, 93, 106, 110, 111], "start_line": 1}}}, "src/forge/adapters/nats/fleet_watcher.py": {"executed_lines": [42, 44, 45, 46, 48, 49, 50, 51, 52, 54, 55, 57, 65, 71, 76, 84, 85, 98, 103, 104, 124, 144, 150, 151, 153, 159, 174, 175, 176, 177, 178, 179, 181, 185, 186, 204, 214, 215, 216, 217, 223, 225, 226, 229, 231, 232, 242, 253, 254, 256, 257, 268, 269, 271, 277, 293, 294, 295, 299, 305, 306, 307, 308, 313, 321, 342, 343, 354, 380, 381, 382, 384, 385, 388, 390, 391, 392, 399, 407, 408, 419, 420, 427, 430, 457, 458, 459, 468, 471], "summary": {"covered_lines": 89, "num_statements": 113, "percent_covered": 78.76106194690266, "percent_covered_display": "79", "missing_lines": 24, "excluded_lines": 16, "percent_statements_covered": 78.76106194690266, "percent_statements_covered_display": "79"}, "missing_lines": [191, 192, 193, 196, 233, 234, 235, 236, 258, 259, 260, 261, 266, 270, 302, 409, 410, 411, 412, 417, 460, 461, 462, 463], "excluded_lines": [100, 101, 102, 107, 108, 109, 110, 111, 112, 113, 114, 115, 116, 117, 118, 119], "functions": {"SnapshotReader.snapshot": {"executed_lines": [], "summary": {"covered_lines": 0, "num_statements": 0, "percent_covered": 100.0, "percent_covered_display": "100", "missing_lines": 0, "excluded_lines": 1, "percent_statements_covered": 100.0, "percent_statements_covered_display": "100"}, "missing_lines": [], "excluded_lines": [100], "start_line": 98}, "_NATSClientLike.watch_fleet": {"executed_lines": [], "summary": {"covered_lines": 0, "num_statements": 0, "percent_covered": 100.0, "percent_covered_display": "100", "missing_lines": 0, "excluded_lines": 1, "percent_statements_covered": 100.0, "percent_statements_covered_display": "100"}, "missing_lines": [], "excluded_lines": [110], "start_line": 107}, "_NATSClientLike.subscribe": {"executed_lines": [], "summary": {"covered_lines": 0, "num_statements": 0, "percent_covered": 100.0, "percent_covered_display": "100", "missing_lines": 0, "excluded_lines": 1, "percent_statements_covered": 100.0, "percent_statements_covered_display": "100"}, "missing_lines": [], "excluded_lines": [116], "start_line": 112}, "FleetWatcher.__init__": {"executed_lines": [150, 151, 153], "summary": {"covered_lines": 3, "num_statements": 3, "percent_covered": 100.0, "percent_covered_display": "100", "missing_lines": 0, "excluded_lines": 0, "percent_statements_covered": 100.0, "percent_statements_covered_display": "100"}, "missing_lines": [], "excluded_lines": [], "start_line": 144}, "FleetWatcher.on_fleet_change": {"executed_lines": [174, 175, 176, 177, 178, 179, 181, 185, 186], "summary": {"covered_lines": 9, "num_statements": 13, "percent_covered": 69.23076923076923, "percent_covered_display": "69", "missing_lines": 4, "excluded_lines": 0, "percent_statements_covered": 69.23076923076923, "percent_statements_covered_display": "69"}, "missing_lines": [191, 192, 193, 196], "excluded_lines": [], "start_line": 159}, "FleetWatcher.on_heartbeat": {"executed_lines": [214, 215, 216, 217, 223, 225, 226, 229, 231, 232], "summary": {"covered_lines": 10, "num_statements": 14, "percent_covered": 71.42857142857143, "percent_covered_display": "71", "missing_lines": 4, "excluded_lines": 0, "percent_statements_covered": 71.42857142857143, "percent_statements_covered_display": "71"}, "missing_lines": [233, 234, 235, 236], "excluded_lines": [], "start_line": 204}, "FleetWatcher._previous_status": {"executed_lines": [253, 254, 256, 257, 268, 269, 271], "summary": {"covered_lines": 7, "num_statements": 13, "percent_covered": 53.84615384615385, "percent_covered_display": "54", "missing_lines": 6, "excluded_lines": 0, "percent_statements_covered": 53.84615384615385, "percent_statements_covered_display": "54"}, "missing_lines": [258, 259, 260, 261, 266, 270], "excluded_lines": [], "start_line": 242}, "FleetWatcher.run": {"executed_lines": [293, 294, 295, 299, 305, 306, 307, 308, 313], "summary": {"covered_lines": 9, "num_statements": 10, "percent_covered": 90.0, "percent_covered_display": "90", "missing_lines": 1, "excluded_lines": 0, "percent_statements_covered": 90.0, "percent_statements_covered_display": "90"}, "missing_lines": [302], "excluded_lines": [], "start_line": 277}, "watch": {"executed_lines": [342, 343], "summary": {"covered_lines": 2, "num_statements": 2, "percent_covered": 100.0, "percent_covered_display": "100", "missing_lines": 0, "excluded_lines": 0, "percent_statements_covered": 100.0, "percent_statements_covered_display": "100"}, "missing_lines": [], "excluded_lines": [], "start_line": 321}, "run_one_sweep": {"executed_lines": [380, 381, 382, 384, 385, 388, 390, 391, 392, 399, 407, 408, 419, 420, 427], "summary": {"covered_lines": 15, "num_statements": 20, "percent_covered": 75.0, "percent_covered_display": "75", "missing_lines": 5, "excluded_lines": 0, "percent_statements_covered": 75.0, "percent_statements_covered_display": "75"}, "missing_lines": [409, 410, 411, 412, 417], "excluded_lines": [], "start_line": 354}, "stale_sweeper": {"executed_lines": [457, 458, 459, 468], "summary": {"covered_lines": 4, "num_statements": 8, "percent_covered": 50.0, "percent_covered_display": "50", "missing_lines": 4, "excluded_lines": 0, "percent_statements_covered": 50.0, "percent_statements_covered_display": "50"}, "missing_lines": [460, 461, 462, 463], "excluded_lines": [], "start_line": 430}, "": {"executed_lines": [42, 44, 45, 46, 48, 49, 50, 51, 52, 54, 55, 57, 65, 71, 76, 84, 85, 98, 103, 104, 124, 144, 159, 204, 242, 277, 321, 354, 430, 471], "summary": {"covered_lines": 30, "num_statements": 30, "percent_covered": 100.0, "percent_covered_display": "100", "missing_lines": 0, "excluded_lines": 13, "percent_statements_covered": 100.0, "percent_statements_covered_display": "100"}, "missing_lines": [], "excluded_lines": [101, 102, 107, 108, 109, 111, 112, 113, 114, 115, 117, 118, 119], "start_line": 1}}, "classes": {"SnapshotReader": {"executed_lines": [], "summary": {"covered_lines": 0, "num_statements": 0, "percent_covered": 100.0, "percent_covered_display": "100", "missing_lines": 0, "excluded_lines": 1, "percent_statements_covered": 100.0, "percent_statements_covered_display": "100"}, "missing_lines": [], "excluded_lines": [100], "start_line": 85}, "_NATSClientLike": {"executed_lines": [], "summary": {"covered_lines": 0, "num_statements": 0, "percent_covered": 100.0, "percent_covered_display": "100", "missing_lines": 0, "excluded_lines": 2, "percent_statements_covered": 100.0, "percent_statements_covered_display": "100"}, "missing_lines": [], "excluded_lines": [110, 116], "start_line": 104}, "FleetWatcher": {"executed_lines": [150, 151, 153, 174, 175, 176, 177, 178, 179, 181, 185, 186, 214, 215, 216, 217, 223, 225, 226, 229, 231, 232, 253, 254, 256, 257, 268, 269, 271, 293, 294, 295, 299, 305, 306, 307, 308, 313], "summary": {"covered_lines": 38, "num_statements": 53, "percent_covered": 71.69811320754717, "percent_covered_display": "72", "missing_lines": 15, "excluded_lines": 0, "percent_statements_covered": 71.69811320754717, "percent_statements_covered_display": "72"}, "missing_lines": [191, 192, 193, 196, 233, 234, 235, 236, 258, 259, 260, 261, 266, 270, 302], "excluded_lines": [], "start_line": 124}, "": {"executed_lines": [42, 44, 45, 46, 48, 49, 50, 51, 52, 54, 55, 57, 65, 71, 76, 84, 85, 98, 103, 104, 124, 144, 159, 204, 242, 277, 321, 342, 343, 354, 380, 381, 382, 384, 385, 388, 390, 391, 392, 399, 407, 408, 419, 420, 427, 430, 457, 458, 459, 468, 471], "summary": {"covered_lines": 51, "num_statements": 60, "percent_covered": 85.0, "percent_covered_display": "85", "missing_lines": 9, "excluded_lines": 13, "percent_statements_covered": 85.0, "percent_statements_covered_display": "85"}, "missing_lines": [409, 410, 411, 412, 417, 460, 461, 462, 463], "excluded_lines": [101, 102, 107, 108, 109, 111, 112, 113, 114, 115, 117, 118, 119], "start_line": 1}}}, "src/forge/adapters/nats/pipeline_consumer.py": {"executed_lines": [38, 40, 41, 42, 43, 45, 46, 47, 48, 54, 56, 58, 67, 71, 75, 79, 83, 86, 90, 98, 99, 100, 107, 108, 110, 111, 115, 116, 118, 119, 123, 124, 131, 142, 143, 151, 152, 153, 154, 162, 171, 182, 206, 219, 220, 226, 227, 228, 231, 232, 233, 236, 249, 263, 291, 292, 293, 294, 299, 300, 308, 310, 311, 312, 316, 317, 323, 324, 332, 335, 336, 337, 338, 344, 345, 353, 356, 357, 358, 364, 365, 373, 376, 377, 383, 384, 387, 388, 395, 398, 408, 410, 411, 412, 416, 417, 418, 420, 423, 432, 433, 434, 435, 436, 448, 456, 462, 469, 472, 473, 499, 500, 501, 502, 503, 508, 509, 515, 516, 523, 524, 526, 527, 529, 532, 535, 536, 540, 541, 555, 556, 557, 558, 559, 560, 561, 564, 565, 591, 592, 593, 594, 595, 596, 597, 600, 647, 652, 653, 658, 659, 660, 661, 662, 663, 669, 670, 671, 672, 673, 676, 678, 688, 691, 709, 710, 711, 712, 713, 718, 719, 720, 722, 723, 724, 726, 729, 730, 736, 737, 738, 741, 742, 749, 750, 751, 754, 755, 756, 774, 780, 781, 784, 785, 788, 791, 792, 800, 806, 807, 808, 809, 828], "summary": {"covered_lines": 203, "num_statements": 216, "percent_covered": 93.98148148148148, "percent_covered_display": "94", "missing_lines": 13, "excluded_lines": 5, "percent_statements_covered": 93.98148148148148, "percent_statements_covered_display": "94"}, "missing_lines": [193, 221, 224, 229, 230, 437, 763, 770, 771, 772, 817, 824, 825], "excluded_lines": [133, 134, 135, 136, 137], "functions": {"_MsgLike.ack": {"executed_lines": [], "summary": {"covered_lines": 0, "num_statements": 0, "percent_covered": 100.0, "percent_covered_display": "100", "missing_lines": 0, "excluded_lines": 1, "percent_statements_covered": 100.0, "percent_statements_covered_display": "100"}, "missing_lines": [], "excluded_lines": [134], "start_line": 133}, "build_consumer_config": {"executed_lines": [171], "summary": {"covered_lines": 1, "num_statements": 1, "percent_covered": 100.0, "percent_covered_display": "100", "missing_lines": 0, "excluded_lines": 0, "percent_statements_covered": 100.0, "percent_statements_covered_display": "100"}, "missing_lines": [], "excluded_lines": [], "start_line": 162}, "start_pipeline_consumer": {"executed_lines": [], "summary": {"covered_lines": 0, "num_statements": 1, "percent_covered": 0.0, "percent_covered_display": "0", "missing_lines": 1, "excluded_lines": 0, "percent_statements_covered": 0.0, "percent_statements_covered_display": "0"}, "missing_lines": [193], "excluded_lines": [], "start_line": 182}, "_path_inside_allowlist": {"executed_lines": [219, 220, 226, 227, 228, 231, 232, 233], "summary": {"covered_lines": 8, "num_statements": 12, "percent_covered": 66.66666666666667, "percent_covered_display": "67", "missing_lines": 4, "excluded_lines": 0, "percent_statements_covered": 66.66666666666667, "percent_statements_covered_display": "67"}, "missing_lines": [221, 224, 229, 230], "excluded_lines": [], "start_line": 206}, "_failure_payload": {"executed_lines": [249], "summary": {"covered_lines": 1, "num_statements": 1, "percent_covered": 100.0, "percent_covered_display": "100", "missing_lines": 0, "excluded_lines": 0, "percent_statements_covered": 100.0, "percent_statements_covered_display": "100"}, "missing_lines": [], "excluded_lines": [], "start_line": 236}, "handle_message": {"executed_lines": [291, 292, 293, 294, 299, 300, 308, 310, 311, 312, 316, 317, 323, 324, 332, 335, 336, 337, 338, 344, 345, 353, 356, 357, 358, 364, 365, 373, 376, 377, 383, 384, 387, 388, 395], "summary": {"covered_lines": 35, "num_statements": 35, "percent_covered": 100.0, "percent_covered_display": "100", "missing_lines": 0, "excluded_lines": 0, "percent_statements_covered": 100.0, "percent_statements_covered_display": "100"}, "missing_lines": [], "excluded_lines": [], "start_line": 263}, "_build_ack_callback": {"executed_lines": [408, 410, 420], "summary": {"covered_lines": 3, "num_statements": 3, "percent_covered": 100.0, "percent_covered_display": "100", "missing_lines": 0, "excluded_lines": 0, "percent_statements_covered": 100.0, "percent_statements_covered_display": "100"}, "missing_lines": [], "excluded_lines": [], "start_line": 398}, "_build_ack_callback._ack": {"executed_lines": [411, 412, 416, 417, 418], "summary": {"covered_lines": 5, "num_statements": 5, "percent_covered": 100.0, "percent_covered_display": "100", "missing_lines": 0, "excluded_lines": 0, "percent_statements_covered": 100.0, "percent_statements_covered_display": "100"}, "missing_lines": [], "excluded_lines": [], "start_line": 410}, "_safe_envelope_feature": {"executed_lines": [432, 433, 434, 435, 436], "summary": {"covered_lines": 5, "num_statements": 6, "percent_covered": 83.33333333333333, "percent_covered_display": "83", "missing_lines": 1, "excluded_lines": 0, "percent_statements_covered": 83.33333333333333, "percent_statements_covered_display": "83"}, "missing_lines": [437], "excluded_lines": [], "start_line": 423}, "reconcile_on_boot": {"executed_lines": [647, 652, 653, 658, 659, 660, 661, 662, 663, 669, 670, 671, 672, 673, 676, 678, 688], "summary": {"covered_lines": 17, "num_statements": 17, "percent_covered": 100.0, "percent_covered_display": "100", "missing_lines": 0, "excluded_lines": 0, "percent_statements_covered": 100.0, "percent_statements_covered_display": "100"}, "missing_lines": [], "excluded_lines": [], "start_line": 600}, "_reconcile_one_redelivery": {"executed_lines": [709, 710, 711, 712, 713, 718, 719, 720, 722, 723, 724, 726, 729, 730, 736, 737, 738, 741, 742, 749, 750, 751, 754, 755, 756, 774, 780, 781, 784, 785, 788, 791, 792, 800, 806, 807, 808, 809], "summary": {"covered_lines": 38, "num_statements": 45, "percent_covered": 84.44444444444444, "percent_covered_display": "84", "missing_lines": 7, "excluded_lines": 0, "percent_statements_covered": 84.44444444444444, "percent_statements_covered_display": "84"}, "missing_lines": [763, 770, 771, 772, 817, 824, 825], "excluded_lines": [], "start_line": 691}, "": {"executed_lines": [38, 40, 41, 42, 43, 45, 46, 47, 48, 54, 56, 58, 67, 71, 75, 79, 83, 86, 90, 98, 99, 100, 107, 108, 110, 111, 115, 116, 118, 119, 123, 124, 131, 142, 143, 151, 152, 153, 154, 162, 182, 206, 236, 263, 398, 423, 448, 456, 462, 469, 472, 473, 499, 500, 501, 502, 503, 508, 509, 515, 516, 523, 524, 526, 527, 529, 532, 535, 536, 540, 541, 555, 556, 557, 558, 559, 560, 561, 564, 565, 591, 592, 593, 594, 595, 596, 597, 600, 691, 828], "summary": {"covered_lines": 90, "num_statements": 90, "percent_covered": 100.0, "percent_covered_display": "100", "missing_lines": 0, "excluded_lines": 4, "percent_statements_covered": 100.0, "percent_statements_covered_display": "100"}, "missing_lines": [], "excluded_lines": [133, 135, 136, 137], "start_line": 1}}, "classes": {"_MsgLike": {"executed_lines": [], "summary": {"covered_lines": 0, "num_statements": 0, "percent_covered": 100.0, "percent_covered_display": "100", "missing_lines": 0, "excluded_lines": 1, "percent_statements_covered": 100.0, "percent_statements_covered_display": "100"}, "missing_lines": [], "excluded_lines": [134], "start_line": 124}, "PipelineConsumerDeps": {"executed_lines": [], "summary": {"covered_lines": 0, "num_statements": 0, "percent_covered": 100.0, "percent_covered_display": "100", "missing_lines": 0, "excluded_lines": 0, "percent_statements_covered": 100.0, "percent_statements_covered_display": "100"}, "missing_lines": [], "excluded_lines": [], "start_line": 143}, "PausedBuildSnapshot": {"executed_lines": [], "summary": {"covered_lines": 0, "num_statements": 0, "percent_covered": 100.0, "percent_covered_display": "100", "missing_lines": 0, "excluded_lines": 0, "percent_statements_covered": 100.0, "percent_statements_covered_display": "100"}, "missing_lines": [], "excluded_lines": [], "start_line": 473}, "ReconcileDeps": {"executed_lines": [], "summary": {"covered_lines": 0, "num_statements": 0, "percent_covered": 100.0, "percent_covered_display": "100", "missing_lines": 0, "excluded_lines": 0, "percent_statements_covered": 100.0, "percent_statements_covered_display": "100"}, "missing_lines": [], "excluded_lines": [], "start_line": 541}, "ReconcileReport": {"executed_lines": [], "summary": {"covered_lines": 0, "num_statements": 0, "percent_covered": 100.0, "percent_covered_display": "100", "missing_lines": 0, "excluded_lines": 0, "percent_statements_covered": 100.0, "percent_statements_covered_display": "100"}, "missing_lines": [], "excluded_lines": [], "start_line": 565}, "": {"executed_lines": [38, 40, 41, 42, 43, 45, 46, 47, 48, 54, 56, 58, 67, 71, 75, 79, 83, 86, 90, 98, 99, 100, 107, 108, 110, 111, 115, 116, 118, 119, 123, 124, 131, 142, 143, 151, 152, 153, 154, 162, 171, 182, 206, 219, 220, 226, 227, 228, 231, 232, 233, 236, 249, 263, 291, 292, 293, 294, 299, 300, 308, 310, 311, 312, 316, 317, 323, 324, 332, 335, 336, 337, 338, 344, 345, 353, 356, 357, 358, 364, 365, 373, 376, 377, 383, 384, 387, 388, 395, 398, 408, 410, 411, 412, 416, 417, 418, 420, 423, 432, 433, 434, 435, 436, 448, 456, 462, 469, 472, 473, 499, 500, 501, 502, 503, 508, 509, 515, 516, 523, 524, 526, 527, 529, 532, 535, 536, 540, 541, 555, 556, 557, 558, 559, 560, 561, 564, 565, 591, 592, 593, 594, 595, 596, 597, 600, 647, 652, 653, 658, 659, 660, 661, 662, 663, 669, 670, 671, 672, 673, 676, 678, 688, 691, 709, 710, 711, 712, 713, 718, 719, 720, 722, 723, 724, 726, 729, 730, 736, 737, 738, 741, 742, 749, 750, 751, 754, 755, 756, 774, 780, 781, 784, 785, 788, 791, 792, 800, 806, 807, 808, 809, 828], "summary": {"covered_lines": 203, "num_statements": 216, "percent_covered": 93.98148148148148, "percent_covered_display": "94", "missing_lines": 13, "excluded_lines": 4, "percent_statements_covered": 93.98148148148148, "percent_statements_covered_display": "94"}, "missing_lines": [193, 221, 224, 229, 230, 437, 763, 770, 771, 772, 817, 824, 825], "excluded_lines": [133, 135, 136, 137], "start_line": 1}}}, "src/forge/adapters/nats/pipeline_publisher.py": {"executed_lines": [39, 41, 42, 44, 46, 47, 61, 64, 67, 69, 72, 84, 85, 86, 87, 90, 109, 120, 121, 127, 128, 139, 145, 162, 163, 176, 178, 180, 186, 188, 189, 190, 193, 198, 203, 204, 210, 216, 218, 224, 226, 232, 234, 240, 242, 248, 250, 256, 258, 264, 266, 272, 274], "summary": {"covered_lines": 53, "num_statements": 55, "percent_covered": 96.36363636363636, "percent_covered_display": "96", "missing_lines": 2, "excluded_lines": 2, "percent_statements_covered": 96.36363636363636, "percent_statements_covered_display": "96"}, "missing_lines": [167, 171], "excluded_lines": [58, 59], "functions": {"PublishFailure.__init__": {"executed_lines": [85, 86, 87], "summary": {"covered_lines": 3, "num_statements": 3, "percent_covered": 100.0, "percent_covered_display": "100", "missing_lines": 0, "excluded_lines": 0, "percent_statements_covered": 100.0, "percent_statements_covered_display": "100"}, "missing_lines": [], "excluded_lines": [], "start_line": 84}, "PipelinePublisher.__init__": {"executed_lines": [121], "summary": {"covered_lines": 1, "num_statements": 1, "percent_covered": 100.0, "percent_covered_display": "100", "missing_lines": 0, "excluded_lines": 0, "percent_statements_covered": 100.0, "percent_statements_covered_display": "100"}, "missing_lines": [], "excluded_lines": [], "start_line": 120}, "PipelinePublisher._subject_for": {"executed_lines": [139], "summary": {"covered_lines": 1, "num_statements": 1, "percent_covered": 100.0, "percent_covered_display": "100", "missing_lines": 0, "excluded_lines": 0, "percent_statements_covered": 10
[...]
, 235, 246, 247, 248, 249, 250, 252, 253, 258, 259, 260, 261, 262, 264, 265, 275, 276, 278, 279, 280, 282, 283, 284, 285, 286, 287, 288, 289, 290, 291, 293, 294, 295, 297, 298, 299, 301, 302, 303, 305, 306, 307, 309, 310, 320, 321, 323, 324, 325, 327, 328, 329, 331, 332, 333, 335, 336, 341, 342, 344, 345, 350, 351, 352, 353, 354, 355, 356, 358, 359, 360], "start_line": 1}}, "classes": {"GateOutcome": {"executed_lines": [], "summary": {"covered_lines": 0, "num_statements": 0, "percent_covered": 100.0, "percent_covered_display": "100", "missing_lines": 0, "excluded_lines": 0, "percent_statements_covered": 100.0, "percent_statements_covered_display": "100"}, "missing_lines": [], "excluded_lines": [], "start_line": 139}, "PausedBuildSnapshot": {"executed_lines": [], "summary": {"covered_lines": 0, "num_statements": 0, "percent_covered": 100.0, "percent_covered_display": "100", "missing_lines": 0, "excluded_lines": 0, "percent_statements_covered": 100.0, "percent_statements_covered_display": "100"}, "missing_lines": [], "excluded_lines": [], "start_line": 176}, "PriorsReader": {"executed_lines": [], "summary": {"covered_lines": 0, "num_statements": 0, "percent_covered": 100.0, "percent_covered_display": "100", "missing_lines": 0, "excluded_lines": 1, "percent_statements_covered": 100.0, "percent_statements_covered_display": "100"}, "missing_lines": [], "excluded_lines": [233], "start_line": 219}, "AdjustmentsReader": {"executed_lines": [], "summary": {"covered_lines": 0, "num_statements": 0, "percent_covered": 100.0, "percent_covered_display": "100", "missing_lines": 0, "excluded_lines": 1, "percent_statements_covered": 100.0, "percent_statements_covered_display": "100"}, "missing_lines": [], "excluded_lines": [251], "start_line": 237}, "RulesReader": {"executed_lines": [], "summary": {"covered_lines": 0, "num_statements": 0, "percent_covered": 100.0, "percent_covered_display": "100", "missing_lines": 0, "excluded_lines": 1, "percent_statements_covered": 100.0, "percent_statements_covered_display": "100"}, "missing_lines": [], "excluded_lines": [263], "start_line": 255}, "GateRepository": {"executed_lines": [], "summary": {"covered_lines": 0, "num_statements": 0, "percent_covered": 100.0, "percent_covered_display": "100", "missing_lines": 0, "excluded_lines": 7, "percent_statements_covered": 100.0, "percent_statements_covered_display": "100"}, "missing_lines": [], "excluded_lines": [277, 281, 292, 296, 300, 304, 308], "start_line": 267}, "StateMachine": {"executed_lines": [], "summary": {"covered_lines": 0, "num_statements": 0, "percent_covered": 100.0, "percent_covered_display": "100", "missing_lines": 0, "excluded_lines": 4, "percent_statements_covered": 100.0, "percent_statements_covered_display": "100"}, "missing_lines": [], "excluded_lines": [322, 326, 330, 334], "start_line": 312}, "ApprovalPublisherProto": {"executed_lines": [], "summary": {"covered_lines": 0, "num_statements": 0, "percent_covered": 100.0, "percent_covered_display": "100", "missing_lines": 0, "excluded_lines": 1, "percent_statements_covered": 100.0, "percent_statements_covered_display": "100"}, "missing_lines": [], "excluded_lines": [343], "start_line": 338}, "ApprovalSubscriberProto": {"executed_lines": [], "summary": {"covered_lines": 0, "num_statements": 0, "percent_covered": 100.0, "percent_covered_display": "100", "missing_lines": 0, "excluded_lines": 1, "percent_statements_covered": 100.0, "percent_statements_covered_display": "100"}, "missing_lines": [], "excluded_lines": [357], "start_line": 347}, "GateCheckDeps": {"executed_lines": [], "summary": {"covered_lines": 0, "num_statements": 0, "percent_covered": 100.0, "percent_covered_display": "100", "missing_lines": 0, "excluded_lines": 0, "percent_statements_covered": 100.0, "percent_statements_covered_display": "100"}, "missing_lines": [], "excluded_lines": [], "start_line": 366}, "": {"executed_lines": [79, 81, 82, 83, 84, 85, 86, 88, 89, 90, 105, 113, 114, 116, 120, 125, 126, 127, 128, 129, 130, 131, 139, 162, 163, 164, 165, 166, 167, 175, 176, 202, 203, 204, 205, 206, 207, 208, 209, 210, 218, 219, 236, 237, 254, 255, 266, 267, 311, 312, 337, 338, 346, 347, 365, 366, 390, 391, 392, 393, 394, 395, 396, 397, 398, 399, 400, 408, 469, 471, 473, 479, 487, 493, 499, 515, 516, 517, 518, 519, 528, 530, 531, 533, 534, 537, 540, 546, 556, 563, 568, 571, 574, 576, 577, 594, 625, 626, 630, 642, 649, 655, 658, 675, 680, 681, 688, 699, 704, 707, 715, 717, 725, 745, 747, 748, 751, 752, 754, 755, 756, 757, 760, 762, 763, 764, 771, 772, 774, 779, 780, 785, 793, 799, 804, 810, 818, 819, 845, 864, 865, 867, 868, 874, 875, 876, 877, 884, 885, 893, 895, 903, 917, 918, 919, 933, 940, 941, 942, 952, 961, 962, 963, 964, 965, 970], "summary": {"covered_lines": 166, "num_statements": 178, "percent_covered": 93.25842696629213, "percent_covered_display": "93", "missing_lines": 12, "excluded_lines": 79, "percent_statements_covered": 93.25842696629213, "percent_statements_covered_display": "93"}, "missing_lines": [470, 472, 474, 716, 811, 814, 817, 834, 925, 930, 948, 949], "excluded_lines": [226, 227, 228, 229, 230, 231, 232, 234, 235, 246, 247, 248, 249, 250, 252, 253, 258, 259, 260, 261, 262, 264, 265, 275, 276, 278, 279, 280, 282, 283, 284, 285, 286, 287, 288, 289, 290, 291, 293, 294, 295, 297, 298, 299, 301, 302, 303, 305, 306, 307, 309, 310, 320, 321, 323, 324, 325, 327, 328, 329, 331, 332, 333, 335, 336, 341, 342, 344, 345, 350, 351, 352, 353, 354, 355, 356, 358, 359, 360], "start_line": 1}}}, "src/forge/pipeline.py": {"executed_lines": [49, 51, 52, 53, 54, 55, 56, 58, 69, 70, 72, 75, 92, 99, 100, 101, 102, 103, 104, 105, 113, 114, 129, 132, 135, 139, 140, 152, 153, 155, 158, 159, 160, 161, 162, 164, 175, 176, 177, 178, 179, 182, 183, 191, 192, 213, 214, 215, 216, 224, 244, 258, 273, 294, 300, 301, 302, 305, 311, 312, 314, 320, 322, 327, 328, 332, 341, 349, 350, 354, 373, 386, 390, 408, 419, 423, 457, 466, 468, 478, 487, 491, 505, 517, 518, 522, 531, 538, 539, 543, 552, 560, 568, 583, 594, 620, 621, 622, 623, 624, 625, 626, 627, 628, 638, 664, 665, 666, 671, 673, 674, 675, 677, 678, 679, 680, 681, 682, 688, 692, 694, 697, 702, 703, 705, 711, 712, 713, 717, 718, 720, 721, 722, 723, 725, 731, 748, 749, 750, 751], "summary": {"covered_lines": 140, "num_statements": 144, "percent_covered": 97.22222222222223, "percent_covered_display": "97", "missing_lines": 4, "excluded_lines": 7, "percent_statements_covered": 97.22222222222223, "percent_statements_covered_display": "97"}, "missing_lines": [133, 136, 156, 719], "excluded_lines": [122, 123, 124, 125, 126, 127, 128], "functions": {"Clock.sleep": {"executed_lines": [], "summary": {"covered_lines": 0, "num_statements": 0, "percent_covered": 100.0, "percent_covered_display": "100", "missing_lines": 0, "excluded_lines": 1, "percent_statements_covered": 100.0, "percent_statements_covered_display": "100"}, "missing_lines": [], "excluded_lines": [123], "start_line": 122}, "Clock.now": {"executed_lines": [], "summary": {"covered_lines": 0, "num_statements": 0, "percent_covered": 100.0, "percent_covered_display": "100", "missing_lines": 0, "excluded_lines": 1, "percent_statements_covered": 100.0, "percent_statements_covered_display": "100"}, "missing_lines": [], "excluded_lines": [126], "start_line": 125}, "RealClock.sleep": {"executed_lines": [], "summary": {"covered_lines": 0, "num_statements": 1, "percent_covered": 0.0, "percent_covered_display": "0", "missing_lines": 1, "excluded_lines": 0, "percent_statements_covered": 0.0, "percent_statements_covered_display": "0"}, "missing_lines": [133], "excluded_lines": [], "start_line": 132}, "RealClock.now": {"executed_lines": [], "summary": {"covered_lines": 0, "num_statements": 1, "percent_covered": 0.0, "percent_covered_display": "0", "missing_lines": 1, "excluded_lines": 0, "percent_statements_covered": 0.0, "percent_statements_covered_display": "0"}, "missing_lines": [136], "excluded_lines": [], "start_line": 135}, "FakeClock.now": {"executed_lines": [], "summary": {"covered_lines": 0, "num_statements": 1, "percent_covered": 0.0, "percent_covered_display": "0", "missing_lines": 1, "excluded_lines": 0, "percent_statements_covered": 0.0, "percent_statements_covered_display": "0"}, "missing_lines": [156], "excluded_lines": [], "start_line": 155}, "FakeClock.sleep": {"executed_lines": [159, 160, 161, 162], "summary": {"covered_lines": 4, "num_statements": 4, "percent_covered": 100.0, "percent_covered_display": "100", "missing_lines": 0, "excluded_lines": 0, "percent_statements_covered": 100.0, "percent_statements_covered_display": "100"}, "missing_lines": [], "excluded_lines": [], "start_line": 158}, "FakeClock.advance": {"executed_lines": [175, 176, 177, 178, 179, 182, 183], "summary": {"covered_lines": 7, "num_statements": 7, "percent_covered": 100.0, "percent_covered_display": "100", "missing_lines": 0, "excluded_lines": 0, "percent_statements_covered": 100.0, "percent_statements_covered_display": "100"}, "missing_lines": [], "excluded_lines": [], "start_line": 164}, "attach_correlation_id": {"executed_lines": [244], "summary": {"covered_lines": 1, "num_statements": 1, "percent_covered": 100.0, "percent_covered_display": "100", "missing_lines": 0, "excluded_lines": 0, "percent_statements_covered": 100.0, "percent_statements_covered_display": "100"}, "missing_lines": [], "excluded_lines": [], "start_line": 224}, "PipelineLifecycleEmitter.__init__": {"executed_lines": [300, 301, 302, 305], "summary": {"covered_lines": 4, "num_statements": 4, "percent_covered": 100.0, "percent_covered_display": "100", "missing_lines": 0, "excluded_lines": 0, "percent_statements_covered": 100.0, "percent_statements_covered_display": "100"}, "missing_lines": [], "excluded_lines": [], "start_line": 294}, "PipelineLifecycleEmitter.progress_tasks": {"executed_lines": [314], "summary": {"covered_lines": 1, "num_statements": 1, "percent_covered": 100.0, "percent_covered_display": "100", "missing_lines": 0, "excluded_lines": 0, "percent_statements_covered": 100.0, "percent_statements_covered_display": "100"}, "missing_lines": [], "excluded_lines": [], "start_line": 312}, "PipelineLifecycleEmitter.emit_started": {"executed_lines": [322, 327, 328], "summary": {"covered_lines": 3, "num_statements": 3, "percent_covered": 100.0, "percent_covered_display": "100", "missing_lines": 0, "excluded_lines": 0, "percent_statements_covered": 100.0, "percent_statements_covered_display": "100"}, "missing_lines": [], "excluded_lines": [], "start_line": 320}, "PipelineLifecycleEmitter.emit_progress": {"executed_lines": [341, 349, 350], "summary": {"covered_lines": 3, "num_statements": 3, "percent_covered": 100.0, "percent_covered_display": "100", "missing_lines": 0, "excluded_lines": 0, "percent_statements_covered": 100.0, "percent_statements_covered_display": "100"}, "missing_lines": [], "excluded_lines": [], "start_line": 332}, "PipelineLifecycleEmitter.emit_stage_complete": {"executed_lines": [373, 386], "summary": {"covered_lines": 2, "num_statements": 2, "percent_covered": 100.0, "percent_covered_display": "100", "missing_lines": 0, "excluded_lines": 0, "percent_statements_covered": 100.0, "percent_statements_covered_display": "100"}, "missing_lines": [], "excluded_lines": [], "start_line": 354}, "PipelineLifecycleEmitter.emit_paused": {"executed_lines": [408, 419], "summary": {"covered_lines": 2, "num_statements": 2, "percent_covered": 100.0, "percent_covered_display": "100", "missing_lines": 0, "excluded_lines": 0, "percent_statements_covered": 100.0, "percent_statements_covered_display": "100"}, "missing_lines": [], "excluded_lines": [], "start_line": 390}, "PipelineLifecycleEmitter.emit_paused_then_interrupt": {"executed_lines": [457, 466], "summary": {"covered_lines": 2, "num_statements": 2, "percent_covered": 100.0, "percent_covered_display": "100", "missing_lines": 0, "excluded_lines": 0, "percent_statements_covered": 100.0, "percent_statements_covered_display": "100"}, "missing_lines": [], "excluded_lines": [], "start_line": 423}, "PipelineLifecycleEmitter.emit_resumed": {"executed_lines": [478, 487], "summary": {"covered_lines": 2, "num_statements": 2, "percent_covered": 100.0, "percent_covered_display": "100", "missing_lines": 0, "excluded_lines": 0, "percent_statements_covered": 100.0, "percent_statements_covered_display": "100"}, "missing_lines": [], "excluded_lines": [], "start_line": 468}, "PipelineLifecycleEmitter.emit_complete": {"executed_lines": [505, 517, 518], "summary": {"covered_lines": 3, "num_statements": 3, "percent_covered": 100.0, "percent_covered_display": "100", "missing_lines": 0, "excluded_lines": 0, "percent_statements_covered": 100.0, "percent_statements_covered_display": "100"}, "missing_lines": [], "excluded_lines": [], "start_line": 491}, "PipelineLifecycleEmitter.emit_failed": {"executed_lines": [531, 538, 539], "summary": {"covered_lines": 3, "num_statements": 3, "percent_covered": 100.0, "percent_covered_display": "100", "missing_lines": 0, "excluded_lines": 0, "percent_statements_covered": 100.0, "percent_statements_covered_display": "100"}, "missing_lines": [], "excluded_lines": [], "start_line": 522}, "PipelineLifecycleEmitter.emit_cancelled": {"executed_lines": [552, 560], "summary": {"covered_lines": 2, "num_statements": 2, "percent_covered": 100.0, "percent_covered_display": "100", "missing_lines": 0, "excluded_lines": 0, "percent_statements_covered": 100.0, "percent_statements_covered_display": "100"}, "missing_lines": [], "excluded_lines": [], "start_line": 543}, "PipelineLifecycleEmitter.emit_wave_boundary_progress": {"executed_lines": [583], "summary": {"covered_lines": 1, "num_statements": 1, "percent_covered": 100.0, "percent_covered_display": "100", "missing_lines": 0, "excluded_lines": 0, "percent_statements_covered": 100.0, "percent_statements_covered_display": "100"}, "missing_lines": [], "excluded_lines": [], "start_line": 568}, "PipelineLifecycleEmitter.on_transition": {"executed_lines": [620, 621, 622, 623, 624, 625, 626, 627, 628], "summary": {"covered_lines": 9, "num_statements": 9, "percent_covered": 100.0, "percent_covered_display": "100", "missing_lines": 0, "excluded_lines": 0, "percent_statements_covered": 100.0, "percent_statements_covered_display": "100"}, "missing_lines": [], "excluded_lines": [], "start_line": 594}, "PipelineLifecycleEmitter.start_progress_loop": {"executed_lines": [664, 665, 666, 671, 673, 674, 675, 677, 694, 697, 702, 703], "summary": {"covered_lines": 12, "num_statements": 12, "percent_covered": 100.0, "percent_covered_display": "100", "missing_lines": 0, "excluded_lines": 0, "percent_statements_covered": 100.0, "percent_statements_covered_display": "100"}, "missing_lines": [], "excluded_lines": [], "start_line": 638}, "PipelineLifecycleEmitter.start_progress_loop._loop": {"executed_lines": [678, 679, 680, 681, 682, 688, 692], "summary": {"covered_lines": 7, "num_statements": 7, "percent_covered": 100.0, "percent_covered_display": "100", "missing_lines": 0, "excluded_lines": 0, "percent_statements_covered": 100.0, "percent_statements_covered_display": "100"}, "missing_lines": [], "excluded_lines": [], "start_line": 677}, "PipelineLifecycleEmitter.stop_progress_loop": {"executed_lines": [711, 712, 713, 717, 718, 720, 721, 722, 723, 725], "summary": {"covered_lines": 10, "num_statements": 11, "percent_covered": 90.9090909090909, "percent_covered_display": "91", "missing_lines": 1, "excluded_lines": 0, "percent_statements_covered": 90.9090909090909, "percent_statements_covered_display": "91"}, "missing_lines": [719], "excluded_lines": [], "start_line": 705}, "PipelineLifecycleEmitter._safe_publish": {"executed_lines": [748, 749, 750, 751], "summary": {"covered_lines": 4, "num_statements": 4, "percent_covered": 100.0, "percent_covered_display": "100", "missing_lines": 0, "excluded_lines": 0, "percent_statements_covered": 100.0, "percent_statements_covered_display": "100"}, "missing_lines": [], "excluded_lines": [], "start_line": 731}, "": {"executed_lines": [49, 51, 52, 53, 54, 55, 56, 58, 69, 70, 72, 75, 92, 99, 100, 101, 102, 103, 104, 105, 113, 114, 129, 132, 135, 139, 140, 152, 153, 155, 158, 164, 191, 192, 213, 214, 215, 216, 224, 258, 273, 294, 311, 312, 320, 332, 354, 390, 423, 468, 491, 522, 543, 568, 594, 638, 705, 731], "summary": {"covered_lines": 58, "num_statements": 58, "percent_covered": 100.0, "percent_covered_display": "100", "missing_lines": 0, "excluded_lines": 5, "percent_statements_covered": 100.0, "percent_statements_covered_display": "100"}, "missing_lines": [], "excluded_lines": [122, 124, 125, 127, 128], "start_line": 1}}, "classes": {"State": {"executed_lines": [], "summary": {"covered_lines": 0, "num_statements": 0, "percent_covered": 100.0, "percent_covered_display": "100", "missing_lines": 0, "excluded_lines": 0, "percent_statements_covered": 100.0, "percent_statements_covered_display": "100"}, "missing_lines": [], "excluded_lines": [], "start_line": 92}, "Clock": {"executed_lines": [], "summary": {"covered_lines": 0, "num_statements": 0, "percent_covered": 100.0, "percent_covered_display": "100", "missing_lines": 0, "excluded_lines": 2, "percent_statements_covered": 100.0, "percent_statements_covered_display": "100"}, "missing_lines": [], "excluded_lines": [123, 126], "start_line": 114}, "RealClock": {"executed_lines": [], "summary": {"covered_lines": 0, "num_statements": 2, "percent_covered": 0.0, "percent_covered_display": "0", "missing_lines": 2, "excluded_lines": 0, "percent_statements_covered": 0.0, "percent_statements_covered_display": "0"}, "missing_lines": [133, 136], "excluded_lines": [], "start_line": 129}, "FakeClock": {"executed_lines": [159, 160, 161, 162, 175, 176, 177, 178, 179, 182, 183], "summary": {"covered_lines": 11, "num_statements": 12, "percent_covered": 91.66666666666667, "percent_covered_display": "92", "missing_lines": 1, "excluded_lines": 0, "percent_statements_covered": 91.66666666666667, "percent_statements_covered_display": "92"}, "missing_lines": [156], "excluded_lines": [], "start_line": 140}, "BuildContext": {"executed_lines": [], "summary": {"covered_lines": 0, "num_statements": 0, "percent_covered": 100.0, "percent_covered_display": "100", "missing_lines": 0, "excluded_lines": 0, "percent_statements_covered": 100.0, "percent_statements_covered_display": "100"}, "missing_lines": [], "excluded_lines": [], "start_line": 192}, "PipelineLifecycleEmitter": {"executed_lines": [300, 301, 302, 305, 314, 322, 327, 328, 341, 349, 350, 373, 386, 408, 419, 457, 466, 478, 487, 505, 517, 518, 531, 538, 539, 552, 560, 583, 620, 621, 622, 623, 624, 625, 626, 627, 628, 664, 665, 666, 671, 673, 674, 675, 677, 678, 679, 680, 681, 682, 688, 692, 694, 697, 702, 703, 711, 712, 713, 717, 718, 720, 721, 722, 723, 725, 748, 749, 750, 751], "summary": {"covered_lines": 70, "num_statements": 71, "percent_covered": 98.59154929577464, "percent_covered_display": "99", "missing_lines": 1, "excluded_lines": 0, "percent_statements_covered": 98.59154929577464, "percent_statements_covered_display": "99"}, "missing_lines": [719], "excluded_lines": [], "start_line": 273}, "": {"executed_lines": [49, 51, 52, 53, 54, 55, 56, 58, 69, 70, 72, 75, 92, 99, 100, 101, 102, 103, 104, 105, 113, 114, 129, 132, 135, 139, 140, 152, 153, 155, 158, 164, 191, 192, 213, 214, 215, 216, 224, 244, 258, 273, 294, 311, 312, 320, 332, 354, 390, 423, 468, 491, 522, 543, 568, 594, 638, 705, 731], "summary": {"covered_lines": 59, "num_statements": 59, "percent_covered": 100.0, "percent_covered_display": "100", "missing_lines": 0, "excluded_lines": 5, "percent_statements_covered": 100.0, "percent_statements_covered_display": "100"}, "missing_lines": [], "excluded_lines": [122, 124, 125, 127, 128], "start_line": 1}}}}, "totals": {"covered_lines": 2358, "num_statements": 2552, "percent_covered": 92.39811912225706, "percent_covered_display": "92", "missing_lines": 194, "excluded_lines": 249, "percent_statements_covered": 92.39811912225706, "percent_statements_covered_display": "92"}}