{"meta": {"format": 3, "version": "7.13.0", "timestamp": "2026-05-07T10:21:32.782954", "branch_coverage": false, "show_contexts": false}, "files": {"src/forge/lifecycle_bridge/__init__.py": {"executed_lines": [1, 10, 12, 18], "summary": {"covered_lines": 3, "num_statements": 3, "percent_covered": 100.0, "percent_covered_display": "100", "missing_lines": 0, "excluded_lines": 0, "percent_statements_covered": 100.0, "percent_statements_covered_display": "100"}, "missing_lines": [], "excluded_lines": [], "functions": {"": {"executed_lines": [1, 10, 12, 18], "summary": {"covered_lines": 3, "num_statements": 3, "percent_covered": 100.0, "percent_covered_display": "100", "missing_lines": 0, "excluded_lines": 0, "percent_statements_covered": 100.0, "percent_statements_covered_display": "100"}, "missing_lines": [], "excluded_lines": []}}, "classes": {"": {"executed_lines": [1, 10, 12, 18], "summary": {"covered_lines": 3, "num_statements": 3, "percent_covered": 100.0, "percent_covered_display": "100", "missing_lines": 0, "excluded_lines": 0, "percent_statements_covered": 100.0, "percent_statements_covered_display": "100"}, "missing_lines": [], "excluded_lines": []}}}, "src/forge/lifecycle_bridge/bridge.py": {"executed_lines": [1, 35, 37, 38, 39, 41, 46, 49, 61, 62, 63, 80, 81, 82, 83, 84, 87, 88, 89, 99, 107, 108, 120, 121, 126, 129, 135, 157, 162, 168, 169, 184, 185, 186, 199, 216, 220, 225, 226, 227, 237, 263, 268, 269, 275, 281, 293, 294, 295], "summary": {"covered_lines": 45, "num_statements": 51, "percent_covered": 88.23529411764706, "percent_covered_display": "88", "missing_lines": 6, "excluded_lines": 0, "percent_statements_covered": 88.23529411764706, "percent_statements_covered_display": "88"}, "missing_lines": [122, 158, 163, 217, 221, 264], "excluded_lines": [], "functions": {"LifecycleBridge.__init__": {"executed_lines": [121, 126, 129], "summary": {"covered_lines": 3, "num_statements": 4, "percent_covered": 75.0, "percent_covered_display": "75", "missing_lines": 1, "excluded_lines": 0, "percent_statements_covered": 75.0, "percent_statements_covered_display": "75"}, "missing_lines": [122], "excluded_lines": []}, "LifecycleBridge.attach": {"executed_lines": [157, 162, 168, 169, 184, 185, 186], "summary": {"covered_lines": 7, "num_statements": 9, "percent_covered": 77.77777777777777, "percent_covered_display": "78", "missing_lines": 2, "excluded_lines": 0, "percent_statements_covered": 77.77777777777777, "percent_statements_covered_display": "78"}, "missing_lines": [158, 163], "excluded_lines": []}, "LifecycleBridge.detach": {"executed_lines": [216, 220, 225, 226, 227], "summary": {"covered_lines": 5, "num_statements": 7, "percent_covered": 71.42857142857143, "percent_covered_display": "71", "missing_lines": 2, "excluded_lines": 0, "percent_statements_covered": 71.42857142857143, "percent_statements_covered_display": "71"}, "missing_lines": [217, 221], "excluded_lines": []}, "LifecycleBridge.recover_in_flight": {"executed_lines": [263, 268, 269, 275], "summary": {"covered_lines": 4, "num_statements": 5, "percent_covered": 80.0, "percent_covered_display": "80", "missing_lines": 1, "excluded_lines": 0, "percent_statements_covered": 80.0, "percent_statements_covered_display": "80"}, "missing_lines": [264], "excluded_lines": []}, "LifecycleBridge.shutdown": {"executed_lines": [293, 294, 295], "summary": {"covered_lines": 3, "num_statements": 3, "percent_covered": 100.0, "percent_covered_display": "100", "missing_lines": 0, "excluded_lines": 0, "percent_statements_covered": 100.0, "percent_statements_covered_display": "100"}, "missing_lines": [], "excluded_lines": []}, "": {"executed_lines": [1, 35, 37, 38, 39, 41, 46, 49, 61, 62, 63, 80, 81, 82, 83, 84, 87, 88, 89, 99, 107, 108, 120, 135, 199, 237, 281], "summary": {"covered_lines": 23, "num_statements": 23, "percent_covered": 100.0, "percent_covered_display": "100", "missing_lines": 0, "excluded_lines": 0, "percent_statements_covered": 100.0, "percent_statements_covered_display": "100"}, "missing_lines": [], "excluded_lines": []}}, "classes": {"BuildContext": {"executed_lines": [], "summary": {"covered_lines": 0, "num_statements": 0, "percent_covered": 100.0, "percent_covered_display": "100", "missing_lines": 0, "excluded_lines": 0, "percent_statements_covered": 100.0, "percent_statements_covered_display": "100"}, "missing_lines": [], "excluded_lines": []}, "AckHandle": {"executed_lines": [], "summary": {"covered_lines": 0, "num_statements": 0, "percent_covered": 100.0, "percent_covered_display": "100", "missing_lines": 0, "excluded_lines": 0, "percent_statements_covered": 100.0, "percent_statements_covered_display": "100"}, "missing_lines": [], "excluded_lines": []}, "LifecycleBridge": {"executed_lines": [121, 126, 129, 157, 162, 168, 169, 184, 185, 186, 216, 220, 225, 226, 227, 263, 268, 269, 275, 293, 294, 295], "summary": {"covered_lines": 22, "num_statements": 28, "percent_covered": 78.57142857142857, "percent_covered_display": "79", "missing_lines": 6, "excluded_lines": 0, "percent_statements_covered": 78.57142857142857, "percent_statements_covered_display": "79"}, "missing_lines": [122, 158, 163, 217, 221, 264], "excluded_lines": []}, "": {"executed_lines": [1, 35, 37, 38, 39, 41, 46, 49, 61, 62, 63, 80, 81, 82, 83, 84, 87, 88, 89, 99, 107, 108, 120, 135, 199, 237, 281], "summary": {"covered_lines": 23, "num_statements": 23, "percent_covered": 100.0, "percent_covered_display": "100", "missing_lines": 0, "excluded_lines": 0, "percent_statements_covered": 100.0, "percent_statements_covered_display": "100"}, "missing_lines": [], "excluded_lines": []}}}, "src/forge/persistence/__init__.py": {"executed_lines": [1, 15, 17], "summary": {"covered_lines": 2, "num_statements": 2, "percent_covered": 100.0, "percent_covered_display": "100", "missing_lines": 0, "excluded_lines": 0, "percent_statements_covered": 100.0, "percent_statements_covered_display": "100"}, "missing_lines": [], "excluded_lines": [], "functions": {"": {"executed_lines": [1, 15, 17], "summary": {"covered_lines": 2, "num_statements": 2, "percent_covered": 100.0, "percent_covered_display": "100", "missing_lines": 0, "excluded_lines": 0, "percent_statements_covered": 100.0, "percent_statements_covered_display": "100"}, "missing_lines": [], "excluded_lines": []}}, "classes": {"": {"executed_lines": [1, 15, 17], "summary": {"covered_lines": 2, "num_statements": 2, "percent_covered": 100.0, "percent_covered_display": "100", "missing_lines": 0, "excluded_lines": 0, "percent_statements_covered": 100.0, "percent_statements_covered_display": "100"}, "missing_lines": [], "excluded_lines": []}}}, "src/forge/persistence/migrations/__init__.py": {"executed_lines": [1, 14, 16, 18], "summary": {"covered_lines": 3, "num_statements": 3, "percent_covered": 100.0, "percent_covered_display": "100", "missing_lines": 0, "excluded_lines": 0, "percent_statements_covered": 100.0, "percent_statements_covered_display": "100"}, "missing_lines": [], "excluded_lines": [], "functions": {"": {"executed_lines": [1, 14, 16, 18], "summary": {"covered_lines": 3, "num_statements": 3, "percent_covered": 100.0, "percent_covered_display": "100", "missing_lines": 0, "excluded_lines": 0, "percent_statements_covered": 100.0, "percent_statements_covered_display": "100"}, "missing_lines": [], "excluded_lines": []}}, "classes": {"": {"executed_lines": [1, 14, 16, 18], "summary": {"covered_lines": 3, "num_statements": 3, "percent_covered": 100.0, "percent_covered_display": "100", "missing_lines": 0, "excluded_lines": 0, "percent_statements_covered": 100.0, "percent_statements_covered_display": "100"}, "missing_lines": [], "excluded_lines": []}}}, "src/forge/persistence/migrations/lifecycle_bridge_registry.py": {"executed_lines": [1, 33, 35, 36, 37, 39, 42, 50, 53, 77, 78, 85, 102, 108, 109, 110, 116], "summary": {"covered_lines": 15, "num_statements": 18, "percent_covered": 83.33333333333333, "percent_covered_display": "83", "missing_lines": 3, "excluded_lines": 0, "percent_statements_covered": 83.33333333333333, "percent_statements_covered_display": "83"}, "missing_lines": [103, 111, 112], "excluded_lines": [], "functions": {"apply": {"executed_lines": [102, 108, 109, 110, 116], "summary": {"covered_lines": 5, "num_statements": 8, "percent_covered": 62.5, "percent_covered_display": "62", "missing_lines": 3, "excluded_lines": 0, "percent_statements_covered": 62.5, "percent_statements_covered_display": "62"}, "missing_lines": [103, 111, 112], "excluded_lines": []}, "": {"executed_lines": [1, 33, 35, 36, 37, 39, 42, 50, 53, 77, 78, 85], "summary": {"covered_lines": 10, "num_statements": 10, "percent_covered": 100.0, "percent_covered_display": "100", "missing_lines": 0, "excluded_lines": 0, "percent_statements_covered": 100.0, "percent_statements_covered_display": "100"}, "missing_lines": [], "excluded_lines": []}}, "classes": {"BridgeRegistryMigrationError": {"executed_lines": [], "summary": {"covered_lines": 0, "num_statements": 0, "percent_covered": 100.0, "percent_covered_display": "100", "missing_lines": 0, "excluded_lines": 0, "percent_statements_covered": 100.0, "percent_statements_covered_display": "100"}, "missing_lines": [], "excluded_lines": []}, "": {"executed_lines": [1, 33, 35, 36, 37, 39, 42, 50, 53, 77, 78, 85, 102, 108, 109, 110, 116], "summary": {"covered_lines": 15, "num_statements": 18, "percent_covered": 83.33333333333333, "percent_covered_display": "83", "missing_lines": 3, "excluded_lines": 0, "percent_statements_covered": 83.33333333333333, "percent_statements_covered_display": "83"}, "missing_lines": [103, 111, 112], "excluded_lines": []}}}, "src/forge/persistence/repositories/__init__.py": {"executed_lines": [1, 3, 5, 11], "summary": {"covered_lines": 3, "num_statements": 3, "percent_covered": 100.0, "percent_covered_display": "100", "missing_lines": 0, "excluded_lines": 0, "percent_statements_covered": 100.0, "percent_statements_covered_display": "100"}, "missing_lines": [], "excluded_lines": [], "functions": {"": {"executed_lines": [1, 3, 5, 11], "summary": {"covered_lines": 3, "num_statements": 3, "percent_covered": 100.0, "percent_covered_display": "100", "missing_lines": 0, "excluded_lines": 0, "percent_statements_covered": 100.0, "percent_statements_covered_display": "100"}, "missing_lines": [], "excluded_lines": []}}, "classes": {"": {"executed_lines": [1, 3, 5, 11], "summary": {"covered_lines": 3, "num_statements": 3, "percent_covered": 100.0, "percent_covered_display": "100", "missing_lines": 0, "excluded_lines": 0, "percent_statements_covered": 100.0, "percent_statements_covered_display": "100"}, "missing_lines": [], "excluded_lines": []}}}, "src/forge/persistence/repositories/bridge_registry.py": {"executed_lines": [1, 29, 31, 32, 33, 34, 35, 37, 39, 42, 54, 64, 65, 73, 74, 77, 85, 86, 87, 111, 112, 113, 114, 115, 116, 117, 118, 119, 120, 128, 130, 133, 135, 136, 152, 171, 172, 181, 182, 187, 188, 189, 195, 224, 229, 233, 239, 240, 241, 272, 277, 289, 320, 324, 328, 334, 335, 336, 337, 347, 348, 349, 350, 351, 355, 367, 384, 388, 393, 403, 404, 405, 411, 431, 435, 444, 450, 468, 472, 477, 478, 479, 483, 488, 498], "summary": {"covered_lines": 81, "num_statements": 105, "percent_covered": 77.14285714285714, "percent_covered_display": "77", "missing_lines": 24, "excluded_lines": 2, "percent_statements_covered": 77.14285714285714, "percent_statements_covered_display": "77"}, "missing_lines": [138, 150, 183, 225, 230, 234, 273, 274, 275, 321, 325, 329, 352, 353, 385, 389, 432, 469, 473, 484, 485, 486, 500, 501], "excluded_lines": [502, 503], "functions": {"BridgeRegistryNotFoundError.__init__": {"executed_lines": [74, 77], "summary": {"covered_lines": 2, "num_statements": 2, "percent_covered": 100.0, "percent_covered_display": "100", "missing_lines": 0, "excluded_lines": 0, "percent_statements_covered": 100.0, "percent_statements_covered_display": "100"}, "missing_lines": [], "excluded_lines": []}, "_now_iso": {"executed_lines": [130], "summary": {"covered_lines": 1, "num_statements": 1, "percent_covered": 100.0, "percent_covered_display": "100", "missing_lines": 0, "excluded_lines": 0, "percent_statements_covered": 100.0, "percent_statements_covered_display": "100"}, "missing_lines": [], "excluded_lines": []}, "_row_to_entry": {"executed_lines": [135, 136, 152], "summary": {"covered_lines": 3, "num_statements": 5, "percent_covered": 60.0, "percent_covered_display": "60", "missing_lines": 2, "excluded_lines": 0, "percent_statements_covered": 60.0, "percent_statements_covered_display": "60"}, "missing_lines": [138, 150], "excluded_lines": []}, "BridgeRegistry.__init__": {"executed_lines": [182, 187, 188, 189], "summary": {"covered_lines": 4, "num_statements": 5, "percent_covered": 80.0, "percent_covered_display": "80", "missing_lines": 1, "excluded_lines": 0, "percent_statements_covered": 80.0, "percent_statements_covered_display": "80"}, "missing_lines": [183], "excluded_lines": []}, "BridgeRegistry.record": {"executed_lines": [224, 229, 233, 239, 240, 241, 272, 277], "summary": {"covered_lines": 8, "num_statements": 14, "percent_covered": 57.142857142857146, "percent_covered_display": "57", "missing_lines": 6, "excluded_lines": 0, "percent_statements_covered": 57.142857142857146, "percent_statements_covered_display": "57"}, "missing_lines": [225, 230, 234, 273, 274, 275], "excluded_lines": []}, "BridgeRegistry.update_lifecycle": {"executed_lines": [320, 324, 328, 334, 335, 336, 337, 347, 348, 349, 350, 351, 355], "summary": {"covered_lines": 13, "num_statements": 18, "percent_covered": 72.22222222222223, "percent_covered_display": "72", "missing_lines": 5, "excluded_lines": 0, "percent_statements_covered": 72.22222222222223, "percent_statements_covered_display": "72"}, "missing_lines": [321, 325, 329, 352, 353], "excluded_lines": []}, "BridgeRegistry.get": {"executed_lines": [384, 388, 393, 403, 404, 405], "summary": {"covered_lines": 6, "num_statements": 8, "percent_covered": 75.0, "percent_covered_display": "75", "missing_lines": 2, "excluded_lines": 0, "percent_statements_covered": 75.0, "percent_statements_covered_display": "75"}, "missing_lines": [385, 389], "excluded_lines": []}, "BridgeRegistry.list_active": {"executed_lines": [431, 435, 444], "summary": {"covered_lines": 3, "num_statements": 4, "percent_covered": 75.0, "percent_covered_display": "75", "missing_lines": 1, "excluded_lines": 0, "percent_statements_covered": 75.0, "percent_statements_covered_display": "75"}, "missing_lines": [432], "excluded_lines": []}, "BridgeRegistry.delete": {"executed_lines": [468, 472, 477, 478, 479, 483, 488], "summary": {"covered_lines": 7, "num_statements": 12, "percent_covered": 58.333333333333336, "percent_covered_display": "58", "missing_lines": 5, "excluded_lines": 0, "percent_statements_covered": 58.333333333333336, "percent_statements_covered_display": "58"}, "missing_lines": [469, 473, 484, 485, 486], "excluded_lines": []}, "BridgeRegistry._safe_rollback": {"executed_lines": [], "summary": {"covered_lines": 0, "num_statements": 2, "percent_covered": 0.0, "percent_covered_display": "0", "missing_lines": 2, "excluded_lines": 2, "percent_statements_covered": 0.0, "percent_statements_covered_display": "0"}, "missing_lines": [500, 501], "excluded_lines": [502, 503]}, "": {"executed_lines": [1, 29, 31, 32, 33, 34, 35, 37, 39, 42, 54, 64, 65, 73, 85, 86, 87, 111, 112, 113, 114, 115, 116, 117, 118, 119, 120, 128, 133, 171, 172, 181, 195, 289, 367, 411, 450, 498], "summary": {"covered_lines": 34, "num_statements": 34, "percent_covered": 100.0, "percent_covered_display": "100", "missing_lines": 0, "excluded_lines": 0, "percent_statements_covered": 100.0, "percent_statements_covered_display": "100"}, "missing_lines": [], "excluded_lines": []}}, "classes": {"BridgeRegistryNotFoundError": {"executed_lines": [74, 77], "summary": {"covered_lines": 2, "num_statements": 2, "percent_covered": 100.0, "percent_covered_display": "100", "missing_lines": 0, "excluded_lines": 0, "percent_statements_covered": 100.0, "percent_statements_covered_display": "100"}, "missing_lines": [], "excluded_lines": []}, "BridgeRegistryEntry": {"executed_lines": [], "summary": {"covered_lines": 0, "num_statements": 0, "percent_covered": 100.0, "percent_covered_display": "100", "missing_lines": 0, "excluded_lines": 0, "percent_statements_covered": 100.0, "percent_statements_covered_display": "100"}, "missing_lines": [], "excluded_lines": []}, "BridgeRegistry": {"executed_lines": [182, 187, 188, 189, 224, 229, 233, 239, 240, 241, 272, 277, 320, 324, 328, 334, 335, 336, 337, 347, 348, 349, 350, 351, 355, 384, 388, 393, 403, 404, 405, 431, 435, 444, 468, 472, 477, 478, 479, 483, 488], "summary": {"covered_lines": 41, "num_statements": 63, "percent_covered": 65.07936507936508, "percent_covered_display": "65", "missing_lines": 22, "excluded_lines": 2, "percent_statements_covered": 65.07936507936508, "percent_statements_covered_display": "65"}, "missing_lines": [183, 225, 230, 234, 273, 274, 275, 321, 325, 329, 352, 353, 385, 389, 432, 469, 473, 484, 485, 486, 500, 501], "excluded_lines": [502, 503]}, "": {"executed_lines": [1, 29, 31, 32, 33, 34, 35, 37, 39, 42, 54, 64, 65, 73, 85, 86, 87, 111, 112, 113, 114, 115, 116, 117, 118, 119, 120, 128, 130, 133, 135, 136, 152, 171, 172, 181, 195, 289, 367, 411, 450, 498], "summary": {"covered_lines": 38, "num_statements": 40, "percent_covered": 95.0, "percent_covered_display": "95", "missing_lines": 2, "excluded_lines": 0, "percent_statements_covered": 95.0, "percent_statements_covered_display": "95"}, "missing_lines": [138, 150], "excluded_lines": []}}}}, "totals": {"covered_lines": 152, "num_statements": 185, "percent_covered": 82.16216216216216, "percent_covered_display": "82", "missing_lines": 33, "excluded_lines": 2, "percent_statements_covered": 82.16216216216216, "percent_statements_covered_display": "82"}}