{"meta": {"format": 3, "version": "7.13.4", "timestamp": "2026-04-25T17:29:12.201295", "branch_coverage": false, "show_contexts": false}, "files": {"src/forge/__init__.py": {"executed_lines": [], "summary": {"covered_lines": 0, "num_statements": 0, "percent_covered": 100.0, "percent_covered_display": "100", "missing_lines": 0, "excluded_lines": 0, "percent_statements_covered": 100.0, "percent_statements_covered_display": "100"}, "missing_lines": [], "excluded_lines": [], "functions": {"": {"executed_lines": [], "summary": {"covered_lines": 0, "num_statements": 0, "percent_covered": 100.0, "percent_covered_display": "100", "missing_lines": 0, "excluded_lines": 0, "percent_statements_covered": 100.0, "percent_statements_covered_display": "100"}, "missing_lines": [], "excluded_lines": [], "start_line": 1}}, "classes": {"": {"executed_lines": [], "summary": {"covered_lines": 0, "num_statements": 0, "percent_covered": 100.0, "percent_covered_display": "100", "missing_lines": 0, "excluded_lines": 0, "percent_statements_covered": 100.0, "percent_statements_covered_display": "100"}, "missing_lines": [], "excluded_lines": [], "start_line": 1}}}, "src/forge/adapters/__init__.py": {"executed_lines": [], "summary": {"covered_lines": 0, "num_statements": 0, "percent_covered": 100.0, "percent_covered_display": "100", "missing_lines": 0, "excluded_lines": 0, "percent_statements_covered": 100.0, "percent_statements_covered_display": "100"}, "missing_lines": [], "excluded_lines": [], "functions": {"": {"executed_lines": [], "summary": {"covered_lines": 0, "num_statements": 0, "percent_covered": 100.0, "percent_covered_display": "100", "missing_lines": 0, "excluded_lines": 0, "percent_statements_covered": 100.0, "percent_statements_covered_display": "100"}, "missing_lines": [], "excluded_lines": [], "start_line": 1}}, "classes": {"": {"executed_lines": [], "summary": {"covered_lines": 0, "num_statements": 0, "percent_covered": 100.0, "percent_covered_display": "100", "missing_lines": 0, "excluded_lines": 0, "percent_statements_covered": 100.0, "percent_statements_covered_display": "100"}, "missing_lines": [], "excluded_lines": [], "start_line": 1}}}, "src/forge/adapters/nats/__init__.py": {"executed_lines": [12, 21, 26], "summary": {"covered_lines": 3, "num_statements": 3, "percent_covered": 100.0, "percent_covered_display": "100", "missing_lines": 0, "excluded_lines": 0, "percent_statements_covered": 100.0, "percent_statements_covered_display": "100"}, "missing_lines": [], "excluded_lines": [], "functions": {"": {"executed_lines": [12, 21, 26], "summary": {"covered_lines": 3, "num_statements": 3, "percent_covered": 100.0, "percent_covered_display": "100", "missing_lines": 0, "excluded_lines": 0, "percent_statements_covered": 100.0, "percent_statements_covered_display": "100"}, "missing_lines": [], "excluded_lines": [], "start_line": 1}}, "classes": {"": {"executed_lines": [12, 21, 26], "summary": {"covered_lines": 3, "num_statements": 3, "percent_covered": 100.0, "percent_covered_display": "100", "missing_lines": 0, "excluded_lines": 0, "percent_statements_covered": 100.0, "percent_statements_covered_display": "100"}, "missing_lines": [], "excluded_lines": [], "start_line": 1}}}, "src/forge/adapters/nats/fleet_publisher.py": {"executed_lines": [27, 29, 30, 31, 32, 34, 36, 37, 42, 47, 51, 53, 71, 72, 81, 85, 89, 94, 95, 103, 107, 112, 120, 122, 124, 126, 134, 164, 165, 167, 181, 198, 201, 218, 219, 220, 223, 230, 266, 267, 269, 275, 277, 278, 283, 284, 287, 291, 292, 297, 302, 303, 305, 313, 334, 335, 337, 338, 350, 351, 352, 353, 354, 356, 362], "summary": {"covered_lines": 65, "num_statements": 71, "percent_covered": 91.54929577464789, "percent_covered_display": "92", "missing_lines": 6, "excluded_lines": 14, "percent_statements_covered": 91.54929577464789, "percent_statements_covered_display": "92"}, "missing_lines": [342, 346, 347, 348, 357, 358], "excluded_lines": [39, 40, 83, 84, 87, 88, 91, 92, 93, 105, 106, 109, 110, 111], "functions": {"StatusProvider.get_current_status": {"executed_lines": [], "summary": {"covered_lines": 0, "num_statements": 0, "percent_covered": 100.0, "percent_covered_display": "100", "missing_lines": 0, "excluded_lines": 1, "percent_statements_covered": 100.0, "percent_statements_covered_display": "100"}, "missing_lines": [], "excluded_lines": [83], "start_line": 81}, "StatusProvider.get_active_tasks": {"executed_lines": [], "summary": {"covered_lines": 0, "num_statements": 0, "percent_covered": 100.0, "percent_covered_display": "100", "missing_lines": 0, "excluded_lines": 1, "percent_statements_covered": 100.0, "percent_statements_covered_display": "100"}, "missing_lines": [], "excluded_lines": [87], "start_line": 85}, "StatusProvider.get_queue_depth": {"executed_lines": [], "summary": {"covered_lines": 0, "num_statements": 0, "percent_covered": 100.0, "percent_covered_display": "100", "missing_lines": 0, "excluded_lines": 1, "percent_statements_covered": 100.0, "percent_statements_covered_display": "100"}, "missing_lines": [], "excluded_lines": [91], "start_line": 89}, "Clock.monotonic": {"executed_lines": [], "summary": {"covered_lines": 0, "num_statements": 0, "percent_covered": 100.0, "percent_covered_display": "100", "missing_lines": 0, "excluded_lines": 1, "percent_statements_covered": 100.0, "percent_statements_covered_display": "100"}, "missing_lines": [], "excluded_lines": [105], "start_line": 103}, "Clock.sleep": {"executed_lines": [], "summary": {"covered_lines": 0, "num_statements": 0, "percent_covered": 100.0, "percent_covered_display": "100", "missing_lines": 0, "excluded_lines": 1, "percent_statements_covered": 100.0, "percent_statements_covered_display": "100"}, "missing_lines": [], "excluded_lines": [109], "start_line": 107}, "MonotonicClock.monotonic": {"executed_lines": [122], "summary": {"covered_lines": 1, "num_statements": 1, "percent_covered": 100.0, "percent_covered_display": "100", "missing_lines": 0, "excluded_lines": 0, "percent_statements_covered": 100.0, "percent_statements_covered_display": "100"}, "missing_lines": [], "excluded_lines": [], "start_line": 120}, "MonotonicClock.sleep": {"executed_lines": [126], "summary": {"covered_lines": 1, "num_statements": 1, "percent_covered": 100.0, "percent_covered_display": "100", "missing_lines": 0, "excluded_lines": 0, "percent_statements_covered": 100.0, "percent_statements_covered_display": "100"}, "missing_lines": [], "excluded_lines": [], "start_line": 124}, "build_heartbeat_payload": {"executed_lines": [164, 165, 167], "summary": {"covered_lines": 3, "num_statements": 3, "percent_covered": 100.0, "percent_covered_display": "100", "missing_lines": 0, "excluded_lines": 0, "percent_statements_covered": 100.0, "percent_statements_covered_display": "100"}, "missing_lines": [], "excluded_lines": [], "start_line": 134}, "register_on_boot": {"executed_lines": [198], "summary": {"covered_lines": 1, "num_statements": 1, "percent_covered": 100.0, "percent_covered_display": "100", "missing_lines": 0, "excluded_lines": 0, "percent_statements_covered": 100.0, "percent_statements_covered_display": "100"}, "missing_lines": [], "excluded_lines": [], "start_line": 181}, "deregister": {"executed_lines": [218, 219, 220, 223], "summary": {"covered_lines": 4, "num_statements": 4, "percent_covered": 100.0, "percent_covered_display": "100", "missing_lines": 0, "excluded_lines": 0, "percent_statements_covered": 100.0, "percent_statements_covered_display": "100"}, "missing_lines": [], "excluded_lines": [], "start_line": 201}, "heartbeat_loop": {"executed_lines": [266, 267, 269, 275, 277, 278, 283, 284, 287, 291, 292, 297, 302, 303, 305], "summary": {"covered_lines": 15, "num_statements": 15, "percent_covered": 100.0, "percent_covered_display": "100", "missing_lines": 0, "excluded_lines": 0, "percent_statements_covered": 100.0, "percent_statements_covered_display": "100"}, "missing_lines": [], "excluded_lines": [], "start_line": 230}, "_sleep_or_cancel": {"executed_lines": [334, 335, 337, 338, 350, 351, 352, 353, 354, 356, 362], "summary": {"covered_lines": 11, "num_statements": 17, "percent_covered": 64.70588235294117, "percent_covered_display": "65", "missing_lines": 6, "excluded_lines": 0, "percent_statements_covered": 64.70588235294117, "percent_statements_covered_display": "65"}, "missing_lines": [342, 346, 347, 348, 357, 358], "excluded_lines": [], "start_line": 313}, "": {"executed_lines": [27, 29, 30, 31, 32, 34, 36, 37, 42, 47, 51, 53, 71, 72, 81, 85, 89, 94, 95, 103, 107, 112, 120, 124, 134, 181, 201, 230, 313], "summary": {"covered_lines": 29, "num_statements": 29, "percent_covered": 100.0, "percent_covered_display": "100", "missing_lines": 0, "excluded_lines": 9, "percent_statements_covered": 100.0, "percent_statements_covered_display": "100"}, "missing_lines": [], "excluded_lines": [39, 40, 84, 88, 92, 93, 106, 110, 111], "start_line": 1}}, "classes": {"StatusProvider": {"executed_lines": [], "summary": {"covered_lines": 0, "num_statements": 0, "percent_covered": 100.0, "percent_covered_display": "100", "missing_lines": 0, "excluded_lines": 3, "percent_statements_covered": 100.0, "percent_statements_covered_display": "100"}, "missing_lines": [], "excluded_lines": [83, 87, 91], "start_line": 72}, "Clock": {"executed_lines": [], "summary": {"covered_lines": 0, "num_statements": 0, "percent_covered": 100.0, "percent_covered_display": "100", "missing_lines": 0, "excluded_lines": 2, "percent_statements_covered": 100.0, "percent_statements_covered_display": "100"}, "missing_lines": [], "excluded_lines": [105, 109], "start_line": 95}, "MonotonicClock": {"executed_lines": [122, 126], "summary": {"covered_lines": 2, "num_statements": 2, "percent_covered": 100.0, "percent_covered_display": "100", "missing_lines": 0, "excluded_lines": 0, "percent_statements_covered": 100.0, "percent_statements_covered_display": "100"}, "missing_lines": [], "excluded_lines": [], "start_line": 112}, "": {"executed_lines": [27, 29, 30, 31, 32, 34, 36, 37, 42, 47, 51, 53, 71, 72, 81, 85, 89, 94, 95, 103, 107, 112, 120, 124, 134, 164, 165, 167, 181, 198, 201, 218, 219, 220, 223, 230, 266, 267, 269, 275, 277, 278, 283, 284, 287, 291, 292, 297, 302, 303, 305, 313, 334, 335, 337, 338, 350, 351, 352, 353, 354, 356, 362], "summary": {"covered_lines": 63, "num_statements": 69, "percent_covered": 91.30434782608695, "percent_covered_display": "91", "missing_lines": 6, "excluded_lines": 9, "percent_statements_covered": 91.30434782608695, "percent_statements_covered_display": "91"}, "missing_lines": [342, 346, 347, 348, 357, 358], "excluded_lines": [39, 40, 84, 88, 92, 93, 106, 110, 111], "start_line": 1}}}, "src/forge/adapters/nats/fleet_watcher.py": {"executed_lines": [42, 44, 45, 46, 48, 49, 50, 51, 52, 54, 55, 57, 65, 71, 76, 84, 85, 98, 103, 104, 124, 144, 150, 151, 153, 159, 174, 175, 176, 177, 178, 179, 181, 185, 186, 204, 214, 215, 216, 217, 223, 225, 226, 229, 231, 232, 242, 253, 254, 256, 257, 268, 269, 271, 277, 293, 294, 295, 299, 305, 306, 307, 308, 313, 321, 342, 343, 354, 380, 381, 382, 384, 385, 388, 390, 391, 392, 399, 407, 408, 419, 420, 427, 430, 457, 458, 459, 468, 471], "summary": {"covered_lines": 89, "num_statements": 113, "percent_covered": 78.76106194690266, "percent_covered_display": "79", "missing_lines": 24, "excluded_lines": 16, "percent_statements_covered": 78.76106194690266, "percent_statements_covered_display": "79"}, "missing_lines": [191, 192, 193, 196, 233, 234, 235, 236, 258, 259, 260, 261, 266, 270, 302, 409, 410, 411, 412, 417, 460, 461, 462, 463], "excluded_lines": [100, 101, 102, 107, 108, 109, 110, 111, 112, 113, 114, 115, 116, 117, 118, 119], "functions": {"SnapshotReader.snapshot": {"executed_lines": [], "summary": {"covered_lines": 0, "num_statements": 0, "percent_covered": 100.0, "percent_covered_display": "100", "missing_lines": 0, "excluded_lines": 1, "percent_statements_covered": 100.0, "percent_statements_covered_display": "100"}, "missing_lines": [], "excluded_lines": [100], "start_line": 98}, "_NATSClientLike.watch_fleet": {"executed_lines": [], "summary": {"covered_lines": 0, "num_statements": 0, "percent_covered": 100.0, "percent_covered_display": "100", "missing_lines": 0, "excluded_lines": 1, "percent_statements_covered": 100.0, "percent_statements_covered_display": "100"}, "missing_lines": [], "excluded_lines": [110], "start_line": 107}, "_NATSClientLike.subscribe": {"executed_lines": [], "summary": {"covered_lines": 0, "num_statements": 0, "percent_covered": 100.0, "percent_covered_display": "100", "missing_lines": 0, "excluded_lines": 1, "percent_statements_covered": 100.0, "percent_statements_covered_display": "100"}, "missing_lines": [], "excluded_lines": [116], "start_line": 112}, "FleetWatcher.__init__": {"executed_lines": [150, 151, 153], "summary": {"covered_lines": 3, "num_statements": 3, "percent_covered": 100.0, "percent_covered_display": "100", "missing_lines": 0, "excluded_lines": 0, "percent_statements_covered": 100.0, "percent_statements_covered_display": "100"}, "missing_lines": [], "excluded_lines": [], "start_line": 144}, "FleetWatcher.on_fleet_change": {"executed_lines": [174, 175, 176, 177, 178, 179, 181, 185, 186], "summary": {"covered_lines": 9, "num_statements": 13, "percent_covered": 69.23076923076923, "percent_covered_display": "69", "missing_lines": 4, "excluded_lines": 0, "percent_statements_covered": 69.23076923076923, "percent_statements_covered_display": "69"}, "missing_lines": [191, 192, 193, 196], "excluded_lines": [], "start_line": 159}, "FleetWatcher.on_heartbeat": {"executed_lines": [214, 215, 216, 217, 223, 225, 226, 229, 231, 232], "summary": {"covered_lines": 10, "num_statements": 14, "percent_covered": 71.42857142857143, "percent_covered_display": "71", "missing_lines": 4, "excluded_lines": 0, "percent_statements_covered": 71.42857142857143, "percent_statements_covered_display": "71"}, "missing_lines": [233, 234, 235, 236], "excluded_lines": [], "start_line": 204}, "FleetWatcher._previous_status": {"executed_lines": [253, 254, 256, 257, 268, 269, 271], "summary": {"covered_lines": 7, "num_statements": 13, "percent_covered": 53.84615384615385, "percent_covered_display": "54", "missing_lines": 6, "excluded_lines": 0, "percent_statements_covered": 53.84615384615385, "percent_statements_covered_display": "54"}, "missing_lines": [258, 259, 260, 261, 266, 270], "excluded_lines": [], "start_line": 242}, "FleetWatcher.run": {"executed_lines": [293, 294, 295, 299, 305, 306, 307, 308, 313], "summary": {"covered_lines": 9, "num_statements": 10, "percent_covered": 90.0, "percent_covered_display": "90", "missing_lines": 1, "excluded_lines": 0, "percent_statements_covered": 90.0, "percent_statements_covered_display": "90"}, "missing_lines": [302], "excluded_lines": [], "start_line": 277}, "watch": {"executed_lines": [342, 343], "summary": {"covered_lines": 2, "num_statements": 2, "percent_covered": 100.0, "percent_covered_display": "100", "missing_lines": 0, "excluded_lines": 0, "percent_statements_covered": 100.0, "percent_statements_covered_display": "100"}, "missing_lines": [], "excluded_lines": [], "start_line": 321}, "run_one_sweep": {"executed_lines": [380, 381, 382, 384, 385, 388, 390, 391, 392, 399, 407, 408, 419, 420, 427], "summary": {"covered_lines": 15, "num_statements": 20, "percent_covered": 75.0, "percent_covered_display": "75", "missing_lines": 5, "excluded_lines": 0, "percent_statements_covered": 75.0, "percent_statements_covered_display": "75"}, "missing_lines": [409, 410, 411, 412, 417], "excluded_lines": [], "start_line": 354}, "stale_sweeper": {"executed_lines": [457, 458, 459, 468], "summary": {"covered_lines": 4, "num_statements": 8, "percent_covered": 50.0, "percent_covered_display": "50", "missing_lines": 4, "excluded_lines": 0, "percent_statements_covered": 50.0, "percent_statements_covered_display": "50"}, "missing_lines": [460, 461, 462, 463], "excluded_lines": [], "start_line": 430}, "": {"executed_lines": [42, 44, 45, 46, 48, 49, 50, 51, 52, 54, 55, 57, 65, 71, 76, 84, 85, 98, 103, 104, 124, 144, 159, 204, 242, 277, 321, 354, 430, 471], "summary": {"covered_lines": 30, "num_statements": 30, "percent_covered": 100.0, "percent_covered_display": "100", "missing_lines": 0, "excluded_lines": 13, "percent_statements_covered": 100.0, "percent_statements_covered_display": "100"}, "missing_lines": [], "excluded_lines": [101, 102, 107, 108, 109, 111, 112, 113, 114, 115, 117, 118, 119], "start_line": 1}}, "classes": {"SnapshotReader": {"executed_lines": [], "summary": {"covered_lines": 0, "num_statements": 0, "percent_covered": 100.0, "percent_covered_display": "100", "missing_lines": 0, "excluded_lines": 1, "percent_statements_covered": 100.0, "percent_statements_covered_display": "100"}, "missing_lines": [], "excluded_lines": [100], "start_line": 85}, "_NATSClientLike": {"executed_lines": [], "summary": {"covered_lines": 0, "num_statements": 0, "percent_covered": 100.0, "percent_covered_display": "100", "missing_lines": 0, "excluded_lines": 2, "percent_statements_covered": 100.0, "percent_statements_covered_display": "100"}, "missing_lines": [], "excluded_lines": [110, 116], "start_line": 104}, "FleetWatcher": {"executed_lines": [150, 151, 153, 174, 175, 176, 177, 178, 179, 181, 185, 186, 214, 215, 216, 217, 223, 225, 226, 229, 231, 232, 253, 254, 256, 257, 268, 269, 271, 293, 294, 295, 299, 305, 306, 307, 308, 313], "summary": {"covered_lines": 38, "num_statements": 53, "percent_covered": 71.69811320754717, "percent_covered_display": "72", "missing_lines": 15, "excluded_lines": 0, "percent_statements_covered": 71.69811320754717, "percent_statements_covered_display": "72"}, "missing_lines": [191, 192, 193, 196, 233, 234, 235, 236, 258, 259, 260, 261, 266, 270, 302], "excluded_lines": [], "start_line": 124}, "": {"executed_lines": [42, 44, 45, 46, 48, 49, 50, 51, 52, 54, 55, 57, 65, 71, 76, 84, 85, 98, 103, 104, 124, 144, 159, 204, 242, 277, 321, 342, 343, 354, 380, 381, 382, 384, 385, 388, 390, 391, 392, 399, 407, 408, 419, 420, 427, 430, 457, 458, 459, 468, 471], "summary": {"covered_lines": 51, "num_statements": 60, "percent_covered": 85.0, "percent_covered_display": "85", "missing_lines": 9, "excluded_lines": 13, "percent_statements_covered": 85.0, "percent_statements_covered_display": "85"}, "missing_lines": [409, 410, 411, 412, 417, 460, 461, 462, 463], "excluded_lines": [101, 102, 107, 108, 109, 111, 112, 113, 114, 115, 117, 118, 119], "start_line": 1}}}, "src/forge/adapters/nats/pipeline_consumer.py": {"executed_lines": [38, 40, 41, 42, 43, 45, 46, 47, 48, 54, 56, 58, 67, 71, 75, 79, 83, 86, 90, 98, 99, 100, 107, 108, 110, 111, 115, 116, 118, 119, 123, 124, 131, 142, 143, 151, 152, 153, 154, 162, 171, 182, 206, 219, 220, 226, 227, 228, 231, 232, 233, 236, 249, 263, 291, 292, 293, 294, 299, 300, 308, 310, 311, 312, 316, 317, 323, 324, 332, 335, 336, 337, 338, 344, 345, 353, 356, 357, 358, 364, 365, 373, 376, 377, 383, 384, 387, 388, 395, 398, 408, 410, 411, 412, 416, 417, 418, 420, 423, 432, 433, 434, 435, 436, 448, 456, 462, 469, 472, 473, 499, 500, 501, 502, 503, 508, 509, 515, 516, 523, 524, 526, 527, 529, 532, 535, 536, 540, 541, 555, 556, 557, 558, 559, 560, 561, 564, 565, 591, 592, 593, 594, 595, 596, 597, 600, 647, 652, 653, 658, 659, 660, 661, 662, 663, 669, 670, 671, 672, 673, 676, 678, 688, 691, 709, 710, 711, 712, 713, 718, 719, 720, 722, 723, 724, 726, 729, 730, 736, 737, 738, 741, 742, 749, 750, 751, 754, 755, 756, 774, 780, 781, 784, 785, 788, 791, 792, 800, 806, 807, 808, 809, 828], "summary": {"covered_lines": 203, "num_statements": 216, "percent_covered": 93.98148148148148, "percent_covered_display": "94", "missing_lines": 13, "excluded_lines": 5, "percent_statements_covered": 93.98148148148148, "percent_statements_covered_display": "94"}, "missing_lines": [193, 221, 224, 229, 230, 437, 763, 770, 771, 772, 817, 824, 825], "excluded_lines": [133, 134, 135, 136, 137], "functions": {"_MsgLike.ack": {"executed_lines": [], "summary": {"covered_lines": 0, "num_statements": 0, "percent_covered": 100.0, "percent_covered_display": "100", "missing_lines": 0, "excluded_lines": 1, "percent_statements_covered": 100.0, "percent_statements_covered_display": "100"}, "missing_lines": [], "excluded_lines": [134], "start_line": 133}, "build_consumer_config": {"executed_lines": [171], "summary": {"covered_lines": 1, "num_statements": 1, "percent_covered": 100.0, "percent_covered_display": "100", "missing_lines": 0, "excluded_lines": 0, "percent_statements_covered": 100.0, "percent_statements_covered_display": "100"}, "missing_lines": [], "excluded_lines": [], "start_line": 162}, "start_pipeline_consumer": {"executed_lines": [], "summary": {"covered_lines": 0, "num_statements": 1, "percent_covered": 0.0, "percent_covered_display": "0", "missing_lines": 1, "excluded_lines": 0, "percent_statements_covered": 0.0, "percent_statements_covered_display": "0"}, "missing_lines": [193], "excluded_lines": [], "start_line": 182}, "_path_inside_allowlist": {"executed_lines": [219, 220, 226, 227, 228, 231, 232, 233], "summary": {"covered_lines": 8, "num_statements": 12, "percent_covered": 66.66666666666667, "percent_covered_display": "67", "missing_lines": 4, "excluded_lines": 0, "percent_statements_covered": 66.66666666666667, "percent_statements_covered_display": "67"}, "missing_lines": [221, 224, 229, 230], "excluded_lines": [], "start_line": 206}, "_failure_payload": {"executed_lines": [249], "summary": {"covered_lines": 1, "num_statements": 1, "percent_covered": 100.0, "percent_covered_display": "100", "missing_lines": 0, "excluded_lines": 0, "percent_statements_covered": 100.0, "percent_statements_covered_display": "100"}, "missing_lines": [], "excluded_lines": [], "start_line": 236}, "handle_message": {"executed_lines": [291, 292, 293, 294, 299, 300, 308, 310, 311, 312, 316, 317, 323, 324, 332, 335, 336, 337, 338, 344, 345, 353, 356, 357, 358, 364, 365, 373, 376, 377, 383, 384, 387, 388, 395], "summary": {"covered_lines": 35, "num_statements": 35, "percent_covered": 100.0, "percent_covered_display": "100", "missing_lines": 0, "excluded_lines": 0, "percent_statements_covered": 100.0, "percent_statements_covered_display": "100"}, "missing_lines": [], "excluded_lines": [], "start_line": 263}, "_build_ack_callback": {"executed_lines": [408, 410, 420], "summary": {"covered_lines": 3, "num_statements": 3, "percent_covered": 100.0, "percent_covered_display": "100", "missing_lines": 0, "excluded_lines": 0, "percent_statements_covered": 100.0, "percent_statements_covered_display": "100"}, "missing_lines": [], "excluded_lines": [], "start_line": 398}, "_build_ack_callback._ack": {"executed_lines": [411, 412, 416, 417, 418], "summary": {"covered_lines": 5, "num_statements": 5, "percent_covered": 100.0, "percent_covered_display": "100", "missing_lines": 0, "excluded_lines": 0, "percent_statements_covered": 100.0, "percent_statements_covered_display": "100"}, "missing_lines": [], "excluded_lines": [], "start_line": 410}, "_safe_envelope_feature": {"executed_lines": [432, 433, 434, 435, 436], "summary": {"covered_lines": 5, "num_statements": 6, "percent_covered": 83.33333333333333, "percent_covered_display": "83", "missing_lines": 1, "excluded_lines": 0, "percent_statements_covered": 83.33333333333333, "percent_statements_covered_display": "83"}, "missing_lines": [437], "excluded_lines": [], "start_line": 423}, "reconcile_on_boot": {"executed_lines": [647, 652, 653, 658, 659, 660, 661, 662, 663, 669, 670, 671, 672, 673, 676, 678, 688], "summary": {"covered_lines": 17, "num_statements": 17, "percent_covered": 100.0, "percent_covered_display": "100", "missing_lines": 0, "excluded_lines": 0, "percent_statements_covered": 100.0, "percent_statements_covered_display": "100"}, "missing_lines": [], "excluded_lines": [], "start_line": 600}, "_reconcile_one_redelivery": {"executed_lines": [709, 710, 711, 712, 713, 718, 719, 720, 722, 723, 724, 726, 729, 730, 736, 737, 738, 741, 742, 749, 750, 751, 754, 755, 756, 774, 780, 781, 784, 785, 788, 791, 792, 800, 806, 807, 808, 809], "summary": {"covered_lines": 38, "num_statements": 45, "percent_covered": 84.44444444444444, "percent_covered_display": "84", "missing_lines": 7, "excluded_lines": 0, "percent_statements_covered": 84.44444444444444, "percent_statements_covered_display": "84"}, "missing_lines": [763, 770, 771, 772, 817, 824, 825], "excluded_lines": [], "start_line": 691}, "": {"executed_lines": [38, 40, 41, 42, 43, 45, 46, 47, 48, 54, 56, 58, 67, 71, 75, 79, 83, 86, 90, 98, 99, 100, 107, 108, 110, 111, 115, 116, 118, 119, 123, 124, 131, 142, 143, 151, 152, 153, 154, 162, 182, 206, 236, 263, 398, 423, 448, 456, 462, 469, 472, 473, 499, 500, 501, 502, 503, 508, 509, 515, 516, 523, 524, 526, 527, 529, 532, 535, 536, 540, 541, 555, 556, 557, 558, 559, 560, 561, 564, 565, 591, 592, 593, 594, 595, 596, 597, 600, 691, 828], "summary": {"covered_lines": 90, "num_statements": 90, "percent_covered": 100.0, "percent_covered_display": "100", "missing_lines": 0, "excluded_lines": 4, "percent_statements_covered": 100.0, "percent_statements_covered_display": "100"}, "missing_lines": [], "excluded_lines": [133, 135, 136, 137], "start_line": 1}}, "classes": {"_MsgLike": {"executed_lines": [], "summary": {"covered_lines": 0, "num_statements": 0, "percent_covered": 100.0, "percent_covered_display": "100", "missing_lines": 0, "excluded_lines": 1, "percent_statements_covered": 100.0, "percent_statements_covered_display": "100"}, "missing_lines": [], "excluded_lines": [134], "start_line": 124}, "PipelineConsumerDeps": {"executed_lines": [], "summary": {"covered_lines": 0, "num_statements": 0, "percent_covered": 100.0, "percent_covered_display": "100", "missing_lines": 0, "excluded_lines": 0, "percent_statements_covered": 100.0, "percent_statements_covered_display": "100"}, "missing_lines": [], "excluded_lines": [], "start_line": 143}, "PausedBuildSnapshot": {"executed_lines": [], "summary": {"covered_lines": 0, "num_statements": 0, "percent_covered": 100.0, "percent_covered_display": "100", "missing_lines": 0, "excluded_lines": 0, "percent_statements_covered": 100.0, "percent_statements_covered_display": "100"}, "missing_lines": [], "excluded_lines": [], "start_line": 473}, "ReconcileDeps": {"executed_lines": [], "summary": {"covered_lines": 0, "num_statements": 0, "percent_covered": 100.0, "percent_covered_display": "100", "missing_lines": 0, "excluded_lines": 0, "percent_statements_covered": 100.0, "percent_statements_covered_display": "100"}, "missing_lines": [], "excluded_lines": [], "start_line": 541}, "ReconcileReport": {"executed_lines": [], "summary": {"covered_lines": 0, "num_statements": 0, "percent_covered": 100.0, "percent_covered_display": "100", "missing_lines": 0, "excluded_lines": 0, "percent_statements_covered": 100.0, "percent_statements_covered_display": "100"}, "missing_lines": [], "excluded_lines": [], "start_line": 565}, "": {"executed_lines": [38, 40, 41, 42, 43, 45, 46, 47, 48, 54, 56, 58, 67, 71, 75, 79, 83, 86, 90, 98, 99, 100, 107, 108, 110, 111, 115, 116, 118, 119, 123, 124, 131, 142, 143, 151, 152, 153, 154, 162, 171, 182, 206, 219, 220, 226, 227, 228, 231, 232, 233, 236, 249, 263, 291, 292, 293, 294, 299, 300, 308, 310, 311, 312, 316, 317, 323, 324, 332, 335, 336, 337, 338, 344, 345, 353, 356, 357, 358, 364, 365, 373, 376, 377, 383, 384, 387, 388, 395, 398, 408, 410, 411, 412, 416, 417, 418, 420, 423, 432, 433, 434, 435, 436, 448, 456, 462, 469, 472, 473, 499, 500, 501, 502, 503, 508, 509, 515, 516, 523, 524, 526, 527, 529, 532, 535, 536, 540, 541, 555, 556, 557, 558, 559, 560, 561, 564, 565, 591, 592, 593, 594, 595, 596, 597, 600, 647, 652, 653, 658, 659, 660, 661, 662, 663, 669, 670, 671, 672, 673, 676, 678, 688, 691, 709, 710, 711, 712, 713, 718, 719, 720, 722, 723, 724, 726, 729, 730, 736, 737, 738, 741, 742, 749, 750, 751, 754, 755, 756, 774, 780, 781, 784, 785, 788, 791, 792, 800, 806, 807, 808, 809, 828], "summary": {"covered_lines": 203, "num_statements": 216, "percent_covered": 93.98148148148148, "percent_covered_display": "94", "missing_lines": 13, "excluded_lines": 4, "percent_statements_covered": 93.98148148148148, "percent_statements_covered_display": "94"}, "missing_lines": [193, 221, 224, 229, 230, 437, 763, 770, 771, 772, 817, 824, 825], "excluded_lines": [133, 135, 136, 137], "start_line": 1}}}, "src/forge/adapters/nats/pipeline_publisher.py": {"executed_lines": [39, 41, 42, 44, 46, 47, 61, 64, 67, 69, 72, 84, 85, 86, 87, 90, 109, 120, 121, 127, 128, 139, 145, 162, 163, 176, 178, 180, 186, 188, 189, 190, 193, 198, 203, 204, 210, 216, 218, 224, 226, 232, 234, 240, 242, 248, 250, 256, 258, 264, 266, 272, 274], "summary": {"covered_lines": 53, "num_statements": 55, "percent_covered": 96.36363636363636, "percent_covered_display": "96", "missing_lines": 2, "excluded_lines": 2, "percent_statements_covered": 96.36363636363636, "percent_statements_covered_display": "96"}, "missing_lines": [167, 171], "excluded_lines": [58, 59], "functions": {"PublishFailure.__init__": {"executed_lines": [85, 86, 87], "summary": {"covered_lines": 3, "num_statements": 3, "percent_covered": 100.0, "percent_covered_display": "100", "missing_lines": 0, "excluded_lines": 0, "percent_statements_covered": 100.0, "percent_statements_covered_display": "100"}, "missing_lines": [], "excluded_lines": [], "start_line": 84}, "PipelinePublisher.__init__": {"executed_lines": [121], "summary": {"covered_lines": 1, "num_statements": 1, "percent_covered": 100.0, "percent_covered_display": "100", "missing_lines": 0, "excluded_lines": 0, "percent_statements_covered": 100.0, "percent_statements_covered_display": "100"}, "missing_lines": [], "excluded_lines": [], "start_line": 120}, "PipelinePublisher._subject_for": {"executed_lines": [139], "summary": {"covered_lines": 1, "num_statements": 1, "percent_covered": 100.0, "percent_covered_display": "100", "missing_lines": 0, "excluded_lines": 0, "percent_statements_covered": 100.0, "percent_statements_covered_display": "100"}, "missing_lines": [], "excluded_lines": [], "start_line": 128}, "PipelinePublisher._publish_envelope": {"executed_lines": [162, 163, 176, 178, 180, 186, 188, 189, 190, 193, 198, 203, 204, 210], "summary": {"covered_lines": 14, "num_statements": 16, "percent_covered": 87.5, "percent_covered_display": "88", "missing_lines": 2, "excluded_lines": 0, "percent_statements_covered": 87.5, "percent_statements_covered_display": "88"}, "missing_lines": [167, 171], "excluded_lines": [], "start_line": 145}, "PipelinePublisher.publish_build_started": {"executed_lines": [218], "summary": {"covered_lines": 1, "num_statements": 1, "percent_covered": 100.0, "percent_covered_display": "100", "missing_lines": 0, "excluded_lines": 0, "percent_statements_covered": 100.0, "percent_statements_covered_display": "100"}, "missing_lines": [], "excluded_lines": [], "start_line": 216}, "PipelinePublisher.publish_build_progress": {"executed_lines": [226], "summary": {"covered_lines": 1, "num_statements": 1, "percent_covered": 100.0, "percent_covered_display": "100", "missing_lines": 0, "excluded_lines": 0, "percent_statements_covered": 100.0, "percent_statements_covered_display": "100"}, "missing_lines": [], "excluded_lines": [], "start_line": 224}, "PipelinePublisher.publish_stage_complete": {"executed_lines": [234], "summary": {"covered_lines": 1, "num_statements": 1, "percent_covered": 100.0, "percent_covered_display": "100", "missing_lines": 0, "excluded_lines": 0, "percent_statements_covered": 100.0, "percent_statements_covered_display": "100"}, "missing_lines": [], "excluded_lines": [], "start_line": 232}, "PipelinePublisher.publish_build_paused": {"executed_lines": [242], "summary": {"covered_lines": 1, "num_statements": 1, "percent_covered": 100.0, "percent_covered_display": "100", "missing_lines": 0, "excluded_lines": 0, "percent_statements_covered": 100.0, "percent_statements_covered_display": "100"}, "missing_lines": [], "excluded_lines": [], "start_line": 240}, "PipelinePublisher.publish_build_resumed": {"executed_lines": [250], "summary": {"covered_lines": 1, "num_statements": 1, "percent_covered": 100.0, "percent_covered_display": "100", "missing_lines": 0, "excluded_lines": 0, "percent_statements_covered": 100.0, "percent_statements_covered_display": "100"}, "missing_lines": [], "excluded_lines": [], "start_line": 248}, "PipelinePublisher.publish_build_complete": {"executed_lines": [258], "summary": {"covered_lines": 1, "num_statements": 1, "percent_covered": 100.0, "percent_covered_display": "100", "missing_lines": 0, "excluded_lines": 0, "percent_statements_covered": 100.0, "percent_statements_covered_display": "100"}, "missing_lines": [], "excluded_lines": [], "start_line": 256}, "PipelinePublisher.publish_build_failed": {"executed_lines": [266], "summary": {"covered_lines": 1, "num_statements": 1, "percent_covered": 100.0, "percent_covered_display": "100", "missing_lines": 0, "excluded_lines": 0, "percent_statements_covered": 100.0, "percent_statements_covered_display": "100"}, "missing_lines": [], "excluded_lines": [], "start_line": 264}, "PipelinePublisher.publish_build_cancelled": {"executed_lines": [274], "summary": {"covered_lines": 1, "num_statements": 1, "percent_covered": 100.0, "percent_covered_display": "100", "missing_lines": 0, "excluded_lines": 0, "percent_statements_covered": 100.0, "percent_statements_covered_display": "100"}, "missing_lines": [], "excluded_lines": [], "start_line": 272}, "": {"executed_lines": [39, 41, 42, 44, 46, 47, 61, 64, 67, 69, 72, 84, 90, 109, 120, 127, 128, 145, 216, 224, 232, 240, 248, 256, 264, 272], "summary": {"covered_lines": 26, "num_statements": 26, "percent_covered": 100.0, "percent_covered_display": "100", "missing_lines": 0, "excluded_lines": 2, "percent_statements_covered": 100.0, "percent_statements_covered_display": "100"}, "missing_lines": [], "excluded_lines": [58, 59], "start_line": 1}}, "classes": {"PublishFailure": {"executed_lines": [85, 86, 87], "summary": {"covered_lines": 3, "num_statements": 3, "percent_covered": 100.0, "percent_covered_display": "100", "missing_lines": 0, "excluded_lines": 0, "percent_statements_covered": 100.0, "percent_statements_covered_display": "100"}, "missing_lines": [], "excluded_lines": [], "start_line": 72}, "PipelinePublisher": {"executed_lines": [121, 139, 162, 163, 176, 178, 180, 186, 188, 189, 190, 193, 198, 203, 204, 210, 218, 226, 234, 242, 250, 258, 266, 274], "summary": {"covered_lines": 24, "num_statements": 26, "percent_covered": 92.3076923076923, "percent_covered_display": "92", "missing_lines": 2, "excluded_lines": 0, "percent_statements_covered": 92.3076923076923, "percent_statements_covered_display": "92"}, "missing_lines": [167, 171], "excluded_lines": [], "start_line": 90}, "": {"executed_lines": [39, 41, 42, 44, 46, 47, 61, 64, 67, 69, 72, 84, 90, 109, 120, 127, 128, 145, 216, 224, 232, 240, 248, 256, 264, 272], "summary": {"covered_lines": 26, "num_statements": 26, "percent_covered": 100.0, "percent_covered_display": "100", "missing_lines": 0, "excluded_lines": 2, "percent_statements_covered": 100.0, "percent_statements_covered_display": "100"}, "missing_lines": [], "excluded_lines": [58, 59], "start_line": 1}}}, "src/forge/adapters/nats/specialist_dispatch.py": {"executed_lines": [74, 76, 77, 78, 80, 81, 82, 83, 85, 95, 98, 101, 104, 107, 110, 113, 115, 136, 147, 159, 164, 173, 187, 220, 227, 228, 229, 234, 241, 242, 244, 246, 247, 251, 259, 283, 285, 295, 305, 306, 307, 308, 309, 314, 321, 323, 334, 335, 337, 341, 343, 344, 345, 346, 356, 385, 386, 391, 408, 410, 415, 416, 424, 434, 462, 463, 464, 465, 466, 468, 469, 477, 479, 480, 481, 482, 485, 491, 493, 494, 500, 505, 508, 512], "summary": {"covered_lines": 84, "num_statements": 85, "percent_covered": 98.82352941176471, "percent_covered_display": "99", "missing_lines": 1, "excluded_lines": 9, "percent_statements_covered": 98.82352941176471, "percent_statements_covered_display": "99"}, "missing_lines": [286], "excluded_lines": [157, 158, 161, 162, 163, 179, 180, 181, 182], "functions": {"ReplyChannel.subscribe_reply": {"executed_lines": [], "summary": {"covered_lines": 0, "num_statements": 0, "percent_covered": 100.0, "percent_covered_display": "100", "missing_lines": 0, "excluded_lines": 1, "percent_statements_covered": 100.0, "percent_statements_covered_display": "100"}, "missing_lines": [], "excluded_lines": [157], "start_line": 147}, "ReplyChannel.unsubscribe_reply": {"executed_lines": [], "summary": {"covered_lines": 0, "num_statements": 0, "percent_covered": 100.0, "percent_covered_display": "100", "missing_lines": 0, "excluded_lines": 1, "percent_statements_covered": 100.0, "percent_statements_covered_display": "100"}, "missing_lines": [], "excluded_lines": [161], "start_line": 159}, "DispatchCommandPublisher.publish_dispatch": {"executed_lines": [], "summary": {"covered_lines": 0, "num_statements": 0, "percent_covered": 100.0, "percent_covered_display": "100", "missing_lines": 0, "excluded_lines": 1, "percent_statements_covered": 100.0, "percent_statements_covered_display": "100"}, "missing_lines": [], "excluded_lines": [179], "start_line": 173}, "NatsSpecialistDispatchAdapter.__init__": {"executed_lines": [227, 228, 229, 234], "summary": {"covered_lines": 4, "num_statements": 4, "percent_covered": 100.0, "percent_covered_display": "100", "missing_lines": 0, "excluded_lines": 0, "percent_statements_covered": 100.0, "percent_statements_covered_display": "100"}, "missing_lines": [], "excluded_lines": [], "start_line": 220}, "NatsSpecialistDispatchAdapter.command_subject_for": {"executed_lines": [244], "summary": {"covered_lines": 1, "num_statements": 1, "percent_covered": 100.0, "percent_covered_display": "100", "missing_lines": 0, "excluded_lines": 0, "percent_statements_covered": 100.0, "percent_statements_covered_display": "100"}, "missing_lines": [], "excluded_lines": [], "start_line": 242}, "NatsSpecialistDispatchAdapter.result_subject_for": {"executed_lines": [251], "summary": {"covered_lines": 1, "num_statements": 1, "percent_covered": 100.0, "percent_covered_display": "100", "missing_lines": 0, "excluded_lines": 0, "percent_statements_covered": 100.0, "percent_statements_covered_display": "100"}, "missing_lines": [], "excluded_lines": [], "start_line": 247}, "NatsSpecialistDispatchAdapter.subscribe_reply": {"executed_lines": [283, 285, 295, 305, 306, 307, 308, 309, 314, 321], "summary": {"covered_lines": 10, "num_statements": 11, "percent_covered": 90.9090909090909, "percent_covered_display": "91", "missing_lines": 1, "excluded_lines": 0, "percent_statements_covered": 90.9090909090909, "percent_statements_covered_display": "91"}, "missing_lines": [286], "excluded_lines": [], "start_line": 259}, "NatsSpecialistDispatchAdapter.unsubscribe_reply": {"executed_lines": [334, 335, 337, 341, 343, 344, 345, 346], "summary": {"covered_lines": 8, "num_statements": 8, "percent_covered": 100.0, "percent_covered_display": "100", "missing_lines": 0, "excluded_lines": 0, "percent_statements_covered": 100.0, "percent_statements_covered_display": "100"}, "missing_lines": [], "excluded_lines": [], "start_line": 323}, "NatsSpecialistDispatchAdapter.publish_dispatch": {"executed_lines": [385, 386, 391, 408, 410, 415, 416, 424], "summary": {"covered_lines": 8, "num_statements": 8, "percent_covered": 100.0, "percent_covered_display": "100", "missing_lines": 0, "excluded_lines": 0, "percent_statements_covered": 100.0, "percent_statements_covered_display": "100"}, "missing_lines": [], "excluded_lines": [], "start_line": 356}, "NatsSpecialistDispatchAdapter._on_reply_received": {"executed_lines": [462, 463, 464, 465, 466, 468, 469, 477, 479, 480, 481, 482, 485, 491, 493, 494, 500, 505, 508, 512], "summary": {"covered_lines": 20, "num_statements": 20, "percent_covered": 100.0, "percent_covered_display": "100", "missing_lines": 0, "excluded_lines": 0, "percent_statements_covered": 100.0, "percent_statements_covered_display": "100"}, "missing_lines": [], "excluded_lines": [], "start_line": 434}, "": {"executed_lines": [74, 76, 77, 78, 80, 81, 82, 83, 85, 95, 98, 101, 104, 107, 110, 113, 115, 136, 147, 159, 164, 173, 187, 220, 241, 242, 246, 247, 259, 323, 356, 434], "summary": {"covered_lines": 32, "num_statements": 32, "percent_covered": 100.0, "percent_covered_display": "100", "missing_lines": 0, "excluded_lines": 6, "percent_statements_covered": 100.0, "percent_statements_covered_display": "100"}, "missing_lines": [], "excluded_lines": [158, 162, 163, 180, 181, 182], "start_line": 1}}, "classes": {"ReplyChannel": {"executed_lines": [], "summary": {"covered_lines": 0, "num_statements": 0, "percent_covered": 100.0, "percent_covered_display": "100", "missing_lines": 0, "excluded_lines": 2, "percent_statements_covered": 100.0, "percent_statements_covered_display": "100"}, "missing_lines": [], "excluded_lines": [157, 161], "start_line": 136}, "DispatchCommandPublisher": {"executed_lines": [], "summary": {"covered_lines": 0, "num_statements": 0, "percent_covered": 100.0, "percent_covered_display": "100", "missing_lines": 0, "excluded_lines": 1, "percent_statements_covered": 100.0, "percent_statements_covered_display": "100"}, "missing_lines": [], "excluded_lines": [179], "start_line": 164}, "NatsSpecialistDispatchAdapter": {"executed_lines": [227, 228, 229, 234, 244, 251, 283, 285, 295, 305, 306, 307, 308, 309, 314, 321, 334, 335, 337, 341, 343, 344, 345, 346, 385, 386, 391, 408, 410, 415, 416, 424, 462, 463, 464, 465, 466, 468, 469, 477, 479, 480, 481, 482, 485, 491, 493, 494, 500, 505, 508, 512], "summary": {"covered_lines": 52, "num_statements": 53, "percent_covered": 98.11320754716981, "percent_covered_display": "98", "missing_lines": 1, "excluded_lines": 0, "percent_statements_covered": 98.11320754716981, "percent_statements_covered_display": "98"}, "missing_lines": [286], "excluded_lines": [], "start_line": 187}, "": {"executed_lines": [74, 76, 77, 78, 80, 81, 82, 83, 85, 95, 98, 101, 104, 107, 110, 113, 115, 136, 147, 159, 164, 173, 187, 220, 241, 242, 246, 247, 259, 323, 356, 434], "summary": {"covered_lines": 32, "num_statements": 32, "percent_covered": 100.0, "percent_covered_display": "100", "missing_lines": 0, "excluded_lines": 6, "percent_statements_covered": 100.0, "percent_statements_covered_display": "100"}, "missing_lines": [], "excluded_lines": [158, 162, 163, 180, 181, 182], "start_line": 1}}}, "src/forge/agent.py": {"executed_lines": [], "summary": {"covered_lines": 0, "num_statements": 67, "percent_covered": 0.0, "percent_covered_display": "0", "missing_lines": 67, "excluded_lines": 0, "percent_statements_covered": 0.0, "percent_statements_covered_display": "0"}, "missing_lines": [12, 14, 15, 16, 17, 18, 20, 21, 23, 25, 32, 35, 38, 48, 49, 52, 60, 77, 78, 79, 80, 81, 85, 86, 87, 92, 94, 95, 99, 101, 102, 103, 109, 111, 114, 127, 128, 129, 130, 131, 132, 133, 134, 135, 138, 162, 163, 164, 165, 166, 167, 168, 169, 170, 173, 191, 192, 194, 200, 207, 220, 224, 229, 236, 239, 240, 244], "excluded_lines": [], "functions": {"_load_config": {"executed_lines": [], "summary": {"covered_lines": 0, "num_statements": 17, "percent_covered": 0.0, "percent_covered_display": "0", "missing_lines": 17, "excluded_lines": 0, "percent_statements_covered": 0.0, "percent_statements_covered_display": "0"}, "missing_lines": [77, 78, 79, 80, 81, 85, 86, 87, 92, 94, 95, 99, 101, 102, 103, 109, 111], "excluded_lines": [], "start_line": 60}, "_load_domain_prompt": {"executed_lines": [], "summary": {"covered_lines": 0, "num_statements": 9, "percent_covered": 0.0, "percent_covered_display": "0", "missing_lines": 9, "excluded_lines": 0, "percent_statements_covered": 0.0, "percent_statements_covered_display": "0"}, "missing_lines": [127, 128, 129, 130, 131, 132, 133, 134, 135], "excluded_lines": [], "start_line": 114}, "_resolve_model": {"executed_lines": [], "summary": {"covered_lines": 0, "num_statements": 9, "percent_covered": 0.0, "percent_covered_display": "0", "missing_lines": 9, "excluded_lines": 0, "percent_statements_covered": 0.0, "percent_statements_covered_display": "0"}, "missing_lines": [162, 163, 164, 165, 166, 167, 168, 169, 170], "excluded_lines": [], "start_line": 138}, "_build_agent": {"executed_lines": [], "summary": {"covered_lines": 0, "num_statements": 5, "percent_covered": 0.0, "percent_covered_display": "0", "missing_lines": 5, "excluded_lines": 0, "percent_statements_covered": 0.0, "percent_statements_covered_display": "0"}, "missing_lines": [191, 192, 194, 200, 207], "excluded_lines": [], "start_line": 173}, "": {"executed_lines": [], "summary": {"covered_lines": 0, "num_statements": 27, "percent_covered": 0.0, "percent_covered_display": "0", "missing_lines": 27, "excluded_lines": 0, "percent_statements_covered": 0.0, "percent_statements_covered_display": "0"}, "missing_lines": [12, 14, 15, 16, 17, 18, 20, 21, 23, 25, 32, 35, 38, 48, 49, 52, 60, 114, 138, 173, 220, 224, 229, 236, 239, 240, 244], "excluded_lines": [], "start_line": 1}}, "classes": {"": {"executed_lines": [], "summary": {"covered_lines": 0, "num_statements": 67, "percent_covered": 0.0, "percent_covered_display": "0", "missing_lines": 67, "excluded_lines": 0, "percent_statements_covered": 0.0, "percent_statements_covered_display": "0"}, "missing_lines": [12, 14, 15, 16, 17, 18, 20, 21, 23, 25, 32, 35, 38, 48, 49, 52, 60, 77, 78, 79, 80, 81, 85, 86, 87, 92, 94, 95, 99, 101, 102, 103, 109, 111, 114, 127, 128, 129, 130, 131, 132, 133, 134, 135, 138, 162, 163, 164, 165, 166, 167, 168, 169, 170, 173, 191, 192, 194, 200, 207, 220, 224, 229, 236, 239, 240, 244], "excluded_lines": [], "start_line": 1}}}, "src/forge/config/__init__.py": {"executed_lines": [8, 16], "summary": {"covered_lines": 2, "num_statements": 2, "percent_covered": 100.0, "percent_covered_display": "100", "missing_lines": 0, "excluded_lines": 0, "percent_statements_covered": 100.0, "percent_statements_covered_display": "100"}, "missing_lines": [], "excluded_lines": [], "functions": {"": {"executed_lines": [8, 16], "summary": {"covered_lines": 2, "num_statements": 2, "percent_covered": 100.0, "percent_covered_display": "100", "missing_lines": 0, "excluded_lines": 0, "percent_statements_covered": 100.0, "percent_statements_covered_display": "100"}, "missing_lines": [], "excluded_lines": [], "start_line": 1}}, "classes": {"": {"executed_lines": [8, 16], "summary": {"covered_lines": 2, "num_statements": 2, "percent_covered": 100.0, "percent_covered_display": "100", "missing_lines": 0, "excluded_lines": 0, "percent_statements_covered": 100.0, "percent_statements_covered_display": "100"}, "missing_lines": [], "excluded_lines": [], "start_line": 1}}}, "src/forge/config/models.py": {"executed_lines": [17, 19, 20, 22, 29, 33, 36, 39, 43, 47, 51, 66, 74, 76, 80, 87, 91, 100, 103, 105, 112, 116, 125, 134, 136, 145, 146, 147, 156, 157, 158, 159, 163, 166, 169, 171, 177, 186, 188, 189, 190, 199, 217], "summary": {"covered_lines": 43, "num_statements": 43, "percent_covered": 100.0, "percent_covered_display": "100", "missing_lines": 0, "excluded_lines": 0, "percent_statements_covered": 100.0, "percent_statements_covered_display": "100"}, "missing_lines": [], "excluded_lines": [], "functions": {"FilesystemPermissions._validate_absolute": {"executed_lines": [156, 157, 158, 159, 163], "summary": {"covered_lines": 5, "num_statements": 5, "percent_covered": 100.0, "percent_covered_display": "100", "missing_lines": 0, "excluded_lines": 0, "percent_statements_covered": 100.0, "percent_statements_covered_display": "100"}, "missing_lines": [], "excluded_lines": [], "start_line": 147}, "": {"executed_lines": [17, 19, 20, 22, 29, 33, 36, 39, 43, 47, 51, 66, 74, 76, 80, 87, 91, 100, 103, 105, 112, 116, 125, 134, 136, 145, 146, 147, 166, 169, 171, 177, 186, 188, 189, 190, 199, 217], "summary": {"covered_lines": 38, "num_statements": 38, "percent_covered": 100.0, "percent_covered_display": "100", "missing_lines": 0, "excluded_lines": 0, "percent_statements_covered": 100.0, "percent_statements_covered_display": "100"}, "missing_lines": [], "excluded_lines": [], "start_line": 1}}, "classes": {"FleetConfig": {"executed_lines": [], "summary": {"covered_lines": 0, "num_statements": 0, "percent_covered": 100.0, "percent_covered_display": "100", "missing_lines": 0, "excluded_lines": 0, "percent_statements_covered": 100.0, "percent_statements_covered_display": "100"}, "missing_lines": [], "excluded_lines": [], "start_line": 66}, "PipelineConfig": {"executed_lines": [], "summary": {"covered_lines": 0, "num_statements": 0, "percent_covered": 100.0, "percent_covered_display": "100", "missing_lines": 0, "excluded_lines": 0, "percent_statements_covered": 100.0, "percent_statements_covered_display": "100"}, "missing_lines": [], "excluded_lines": [], "start_line": 100}, "FilesystemPermissions": {"executed_lines": [156, 157, 158, 159, 163], "summary": {"covered_lines": 5, "num_statements": 5, "percent_covered": 100.0, "percent_covered_display": "100", "missing_lines": 0, "excluded_lines": 0, "percent_statements_covered": 100.0, "percent_statements_covered_display": "100"}, "missing_lines": [], "excluded_lines": [], "start_line": 125}, "PermissionsConfig": {"executed_lines": [], "summary": {"covered_lines": 0, "num_statements": 0, "percent_covered": 100.0, "percent_covered_display": "100", "missing_lines": 0, "excluded_lines": 0, "percent_statements_covered": 100.0, "percent_statements_covered_display": "100"}, "missing_lines": [], "excluded_lines": [], "start_line": 166}, "ForgeConfig": {"executed_lines": [], "summary": {"covered_lines": 0, "num_statements": 0, "percent_covered": 100.0, "percent_covered_display": "100", "missing_lines": 0, "excluded_lines": 0, "percent_statements_covered": 100.0, "percent_statements_covered_display": "100"}, "missing_lines": [], "excluded_lines": [], "start_line": 177}, "": {"executed_lines": [17, 19, 20, 22, 29, 33, 36, 39, 43, 47, 51, 66, 74, 76, 80, 87, 91, 100, 103, 105, 112, 116, 125, 134, 136, 145, 146, 147, 166, 169, 171, 177, 186, 188, 189, 190, 199, 217], "summary": {"covered_lines": 38, "num_statements": 38, "percent_covered": 100.0, "percent_covered_display": "100", "missing_lines": 0, "excluded_lines": 0, "percent_statements_covered": 100.0, "percent_statements_covered_display": "100"}, "missing_lines": [], "excluded_lines": [], "start_line": 1}}}, "src/forge/discovery/__init__.py": {"executed_lines": [18, 19, 26, 27, 29], "summary": {"covered_lines": 5, "num_statements": 5, "percent_covered": 100.0, "percent_covered_display": "100", "missing_lines": 0, "excluded_lines": 0, "percent_statements_covered": 100.0, "percent_statements_covered_display": "100"}, "missing_lines": [], "excluded_lines": [], "functions": {"": {"executed_lines": [18, 19, 26, 27, 29], "summary": {"covered_lines": 5, "num_statements": 5, "percent_covered": 100.0, "percent_covered_display": "100", "missing_lines": 0, "excluded_lines": 0, "percent_statements_covered": 100.0, "percent_statements_covered_display": "100"}, "missing_lines": [], "excluded_lines": [], "start_line": 1}}, "classes": {"": {"executed_lines": [18, 19, 26, 27, 29], "summary": {"covered_lines": 5, "num_statements": 5, "percent_covered": 100.0, "percent_covered_display": "100", "missing_lines": 0, "excluded_lines": 0, "percent_statements_covered": 100.0, "percent_statements_covered_display": "100"}, "missing_lines": [], "excluded_lines": [], "start_line": 1}}}, "src/forge/discovery/cache.py": {"executed_lines": [23, 25, 26, 28, 29, 31, 32, 34, 37, 52, 53, 54, 55, 61, 71, 72, 73, 81, 87, 95, 96, 97, 98, 103, 105, 127, 128, 129, 130, 131, 135, 136, 137, 146, 154, 165, 166, 168, 170, 172, 177], "summary": {"covered_lines": 41, "num_statements": 42, "percent_covered": 97.61904761904762, "percent_covered_display": "98", "missing_lines": 1, "excluded_lines": 0, "percent_statements_covered": 97.61904761904762, "percent_statements_covered_display": "98"}, "missing_lines": [174], "excluded_lines": [], "functions": {"DiscoveryCache.__init__": {"executed_lines": [53, 54, 55], "summary": {"covered_lines": 3, "num_statements": 3, "percent_covered": 100.0, "percent_covered_display": "100", "missing_lines": 0, "excluded_lines": 0, "percent_statements_covered": 100.0, "percent_statements_covered_display": "100"}, "missing_lines": [], "excluded_lines": [], "start_line": 52}, "DiscoveryCache.upsert_agent": {"executed_lines": [71, 72, 73, 81], "summary": {"covered_lines": 4, "num_statements": 4, "percent_covered": 100.0, "percent_covered_display": "100", "missing_lines": 0, "excluded_lines": 0, "percent_statements_covered": 100.0, "percent_statements_covered_display": "100"}, "missing_lines": [], "excluded_lines": [], "start_line": 61}, "DiscoveryCache.remove_agent": {"executed_lines": [95, 96, 97, 98, 103], "summary": {"covered_lines": 5, "num_statements": 5, "percent_covered": 100.0, "percent_covered_display": "100", "missing_lines": 0, "excluded_lines": 0, "percent_statements_covered": 100.0, "percent_statements_covered_display": "100"}, "missing_lines": [], "excluded_lines": [], "start_line": 87}, "DiscoveryCache.update_heartbeat": {"executed_lines": [127, 128, 129, 130, 131, 135, 136, 137, 146], "summary": {"covered_lines": 9, "num_statements": 9, "percent_covered": 100.0, "percent_covered_display": "100", "missing_lines": 0, "excluded_lines": 0, "percent_statements_covered": 100.0, "percent_statements_covered_display": "100"}, "missing_lines": [], "excluded_lines": [], "start_line": 105}, "DiscoveryCache.snapshot": {"executed_lines": [165, 166], "summary": {"covered_lines": 2, "num_statements": 2, "percent_covered": 100.0, "percent_covered_display": "100", "missing_lines": 0, "excluded_lines": 0, "percent_statements_covered": 100.0, "percent_statements_covered_display": "100"}, "missing_lines": [], "excluded_lines": [], "start_line": 154}, "DiscoveryCache.__len__": {"executed_lines": [170], "summary": {"covered_lines": 1, "num_statements": 1, "percent_covered": 100.0, "percent_covered_display": "100", "missing_lines": 0, "excluded_lines": 0, "percent_statements_covered": 100.0, "percent_statements_covered_display": "100"}, "missing_lines": [], "excluded_lines": [], "start_line": 168}, "DiscoveryCache.__contains__": {"executed_lines": [], "summary": {"covered_lines": 0, "num_statements": 1, "percent_covered": 0.0, "percent_covered_display": "0", "missing_lines": 1, "excluded_lines": 0, "percent_statements_covered": 0.0, "percent_statements_covered_display": "0"}, "missing_lines": [174], "excluded_lines": [], "start_line": 172}, "": {"executed_lines": [23, 25, 26, 28, 29, 31, 32, 34, 37, 52, 61, 87, 105, 154, 168, 172, 177], "summary": {"covered_lines": 17, "num_statements": 17, "percent_covered": 100.0, "percent_covered_display": "100", "missing_lines": 0, "excluded_lines": 0, "percent_statements_covered": 100.0, "percent_statements_covered_display": "100"}, "missing_lines": [], "excluded_lines": [], "start_line": 1}}, "classes": {"DiscoveryCache": {"executed_lines": [53, 54, 55, 71, 72, 73, 81, 95, 96, 97, 98, 103, 127, 128, 129, 130, 131, 135, 136, 137, 146, 165, 166, 170], "summary": {"covered_lines": 24, "num_statements": 25, "percent_covered": 96.0, "percent_covered_display": "96", "missing_lines": 1, "excluded_lines": 0, "percent_statements_covered": 96.0, "percent_statements_covered_display": "96"}, "missing_lines": [174], "excluded_lines": [], "start_line": 37}, "": {"executed_lines": [23, 25, 26, 28, 29, 31, 32, 34, 37, 52, 61, 87, 105, 154, 168, 172, 177], "summary": {"covered_lines": 17, "num_statements": 17, "percent_covered": 100.0, "percent_covered_display": "100", "missing_lines": 0, "excluded_lines": 0, "percent_statements_covered": 100.0, "percent_statements_covered_display": "100"}, "missing_lines": [], "excluded_lines": [], "start_line": 1}}}, "src/forge/discovery/models.py": {"executed_lines": [19, 21, 22, 24, 25, 29, 32, 35, 38, 54, 56, 57, 60, 63, 68, 73, 78, 118, 120, 121, 122, 124, 125, 129, 132, 133, 138, 141, 147, 151, 152, 160, 172, 177, 178, 186, 187, 188, 189, 192, 193, 197, 198, 201, 204], "summary": {"covered_lines": 45, "num_statements": 45, "percent_covered": 100.0, "percent_covered_display": "100", "missing_lines": 0, "excluded_lines": 0, "percent_statements_covered": 100.0, "percent_statements_covered_display": "100"}, "missing_lines": [], "excluded_lines": [], "functions": {"CapabilityResolution._check_unresolved_invariant": {"executed_lines": [186, 187, 188, 189, 192, 193, 197, 198, 201], "summary": {"covered_lines": 9, "num_statements": 9, "percent_covered": 100.0, "percent_covered_display": "100", "missing_lines": 0, "excluded_lines": 0, "percent_statements_covered": 100.0, "percent_statements_covered_display": "100"}, "missing_lines": [], "excluded_lines": [], "start_line": 178}, "": {"executed_lines": [19, 21, 22, 24, 25, 29, 32, 35, 38, 54, 56, 57, 60, 63, 68, 73, 78, 118, 120, 121, 122, 124, 125, 129, 132, 133, 138, 141, 147, 151, 152, 160, 172, 177, 178, 204], "summary": {"covered_lines": 36, "num_statements": 36, "percent_covered": 100.0, "percent_covered_display": "100", "missing_lines": 0, "excluded_lines": 0, "percent_statements_covered": 100.0, "percent_statements_covered_display": "100"}, "missing_lines": [], "excluded_lines": [], "start_line": 1}}, "classes": {"DiscoveryCacheEntry": {"executed_lines": [], "summary": {"covered_lines": 0, "num_statements": 0, "percent_covered": 100.0, "percent_covered_display": "100", "missing_lines": 0, "excluded_lines": 0, "percent_statements_covered": 100.0, "percent_statements_covered_display": "100"}, "missing_lines": [], "excluded_lines": [], "start_line": 38}, "CapabilityResolution": {"executed_lines": [186, 187, 188, 189, 192, 193, 197, 198, 201], "summary": {"covered_lines": 9, "num_statements": 9, "percent_covered": 100.0, "percent_covered_display": "100", "missing_lines": 0, "excluded_lines": 0, "percent_statements_covered": 100.0, "percent_statements_covered_display": "100"}, "missing_lines": [], "excluded_lines": [], "start_line": 78}, "": {"executed_lines": [19, 21, 22, 24, 25, 29, 32, 35, 38, 54, 56, 57, 60, 63, 68, 73, 78, 118, 120, 121, 122, 124, 125, 129, 132, 133, 138, 141, 147, 151, 152, 160, 172, 177, 178, 204], "summary": {"covered_lines": 36, "num_statements": 36, "percent_covered": 100.0, "percent_covered_display": "100", "missing_lines": 0, "excluded_lines": 0, "percent_statements_covered": 100.0, "percent_statements_covered_display": "100"}, "missing_lines": [], "excluded_lines": [], "start_line": 1}}}, "src/forge/discovery/protocol.py": {"executed_lines": [26, 28, 29, 31, 32, 35, 36, 44, 49, 57, 59, 62, 63, 74, 86, 97, 120], "summary": {"covered_lines": 17, "num_statements": 17, "percent_covered": 100.0, "percent_covered_display": "100", "missing_lines": 0, "excluded_lines": 10, "percent_statements_covered": 100.0, "percent_statements_covered_display": "100"}, "missing_lines": [], "excluded_lines": [46, 47, 48, 84, 85, 95, 96, 117, 118, 119], "functions": {"Clock.now": {"executed_lines": [], "summary": {"covered_lines": 0, "num_statements": 0, "percent_covered": 100.0, "percent_covered_display": "100", "missing_lines": 0, "excluded_lines": 1, "percent_statements_covered": 100.0, "percent_statements_covered_display": "100"}, "missing_lines": [], "excluded_lines": [46], "start_line": 44}, "SystemClock.now": {"executed_lines": [59], "summary": {"covered_lines": 1, "num_statements": 1, "percent_covered": 100.0, "percent_covered_display": "100", "missing_lines": 0, "excluded_lines": 0, "percent_statements_covered": 100.0, "percent_statements_covered_display": "100"}, "missing_lines": [], "excluded_lines": [], "start_line": 57}, "FleetEventSink.upsert_agent": {"executed_lines": [], "summary": {"covered_lines": 0, "num_statements": 0, "percent_covered": 100.0, "percent_covered_display": "100", "missing_lines": 0, "excluded_lines": 1, "percent_statements_covered": 100.0, "percent_statements_covered_display": "100"}, "missing_lines": [], "excluded_lines": [84], "start_line": 74}, "FleetEventSink.remove_agent": {"executed_lines": [], "summary": {"covered_lines": 0, "num_statements": 0, "percent_covered": 100.0, "percent_covered_display": "100", "missing_lines": 0, "excluded_lines": 1, "percent_statements_covered": 100.0, "percent_statements_covered_display": "100"}, "missing_lines": [], "excluded_lines": [95], "start_line": 86}, "FleetEventSink.update_heartbeat": {"executed_lines": [], "summary": {"covered_lines": 0, "num_statements": 0, "percent_covered": 100.0, "percent_covered_display": "100", "missing_lines": 0, "excluded_lines": 1, "percent_statements_covered": 100.0, "percent_statements_covered_display": "100"}, "missing_lines": [], "excluded_lines": [117], "start_line": 97}, "": {"executed_lines": [26, 28, 29, 31, 32, 35, 36, 44, 49, 57, 62, 63, 74, 86, 97, 120], "summary": {"covered_lines": 16, "num_statements": 16, "percent_covered": 100.0, "percent_covered_display": "100", "missing_lines": 0, "excluded_lines": 6, "percent_statements_covered": 100.0, "percent_statements_covered_display": "100"}, "missing_lines": [], "excluded_lines": [47, 48, 85, 96, 118, 119], "start_line": 1}}, "classes": {"Clock": {"executed_lines": [], "summary": {"covered_lines": 0, "num_statements": 0, "percent_covered": 100.0, "percent_covered_display": "100", "missing_lines": 0, "excluded_lines": 1, "percent_statements_covered": 100.0, "percent_statements_covered_display": "100"}, "missing_lines": [], "excluded_lines": [46], "start_line": 36}, "SystemClock": {"executed_lines": [59], "summary": {"covered_lines": 1, "num_statements": 1, "percent_covered": 100.0, "percent_covered_display": "100", "missing_lines": 0, "excluded_lines": 0, "percent_statements_covered": 100.0, "percent_statements_covered_display": "100"}, "missing_lines": [], "excluded_lines": [], "start_line": 49}, "FleetEventSink": {"executed_lines": [], "summary": {"covered_lines": 0, "num_statements": 0, "percent_covered": 100.0, "percent_covered_display": "100", "missing_lines": 0, "excluded_lines": 3, "percent_statements_covered": 100.0, "percent_statements_covered_display": "100"}, "missing_lines": [], "excluded_lines": [84, 95, 117], "start_line": 63}, "": {"executed_lines": [26, 28, 29, 31, 32, 35, 36, 44, 49, 57, 62, 63, 74, 86, 97, 120], "summary": {"covered_lines": 16, "num_statements": 16, "percent_covered": 100.0, "percent_covered_display": "100", "missing_lines": 0, "excluded_lines": 6, "percent_statements_covered": 100.0, "percent_statements_covered_display": "100"}, "missing_lines": [], "excluded_lines": [47, 48, 85, 96, 118, 119], "start_line": 1}}}, "src/forge/discovery/resolve.py": {"executed_lines": [28, 30, 31, 32, 34, 36, 42, 45, 52, 54, 57, 69, 70, 71, 73, 74, 75, 84, 97, 98, 102, 103, 106, 120, 121, 122, 124, 125, 126, 131, 132, 135, 140, 148, 154, 162, 207, 208, 211, 212, 215, 216, 219, 222, 223, 228, 244, 253, 254, 257, 259, 267, 283], "summary": {"covered_lines": 53, "num_statements": 60, "percent_covered": 88.33333333333333, "percent_covered_display": "88", "missing_lines": 7, "excluded_lines": 0, "percent_statements_covered": 88.33333333333333, "percent_statements_covered_display": "88"}, "missing_lines": [72, 76, 77, 78, 80, 81, 123], "excluded_lines": [], "functions": {"_trust_tier_rank": {"executed_lines": [54], "summary": {"covered_lines": 1, "num_statements": 1, "percent_covered": 100.0, "percent_covered_display": "100", "missing_lines": 0, "excluded_lines": 0, "percent_statements_covered": 100.0, "percent_statements_covered_display": "100"}, "missing_lines": [], "excluded_lines": [], "start_line": 52}, "_pattern_matches": {"executed_lines": [69, 70, 71, 73, 74, 75], "summary": {"covered_lines": 6, "num_statements": 12, "percent_covered": 50.0, "percent_covered_display": "50", "missing_lines": 6, "excluded_lines": 0, "percent_statements_covered": 50.0, "percent_statements_covered_display": "50"}, "missing_lines": [72, 76, 77, 78, 80, 81], "excluded_lines": [], "start_line": 57}, "_matching_intent": {"executed_lines": [97, 98, 102, 103], "summary": {"covered_lines": 4, "num_statements": 4, "percent_covered": 100.0, "percent_covered_display": "100", "missing_lines": 0, "excluded_lines": 0, "percent_statements_covered": 100.0, "percent_statements_covered_display": "100"}, "missing_lines": [], "excluded_lines": [], "start_line": 84}, "_best_confidence": {"executed_lines": [120, 121, 122, 124, 125, 126, 131, 132], "summary": {"covered_lines": 8, "num_statements": 9, "percent_covered": 88.88888888888889, "percent_covered_display": "89", "missing_lines": 1, "excluded_lines": 0, "percent_statements_covered": 88.88888888888889, "percent_statements_covered_display": "89"}, "missing_lines": [123], "excluded_lines": [], "start_line": 106}, "_filter_tool_candidates": {"executed_lines": [140], "summary": {"covered_lines": 1, "num_statements": 1, "percent_covered": 100.0, "percent_covered_display": "100", "missing_lines": 0, "excluded_lines": 0, "percent_statements_covered": 100.0, "percent_statements_covered_display": "100"}, "missing_lines": [], "excluded_lines": [], "start_line": 135}, "_filter_intent_candidates": {"executed_lines": [154], "summary": {"covered_lines": 1, "num_statements": 1, "percent_covered": 100.0, "percent_covered_display": "100", "missing_lines": 0, "excluded_lines": 0, "percent_statements_covered": 100.0, "percent_statements_covered_display": "100"}, "missing_lines": [], "excluded_lines": [], "start_line": 148}, "resolve": {"executed_lines": [207, 208, 211, 212, 215, 216, 219, 222, 223, 228, 244, 253, 254, 257, 259, 267], "summary": {"covered_lines": 16, "num_statements": 16, "percent_covered": 100.0, "percent_covered_display": "100", "missing_lines": 0, "excluded_lines": 0, "percent_statements_covered": 100.0, "percent_statements_covered_display": "100"}, "missing_lines": [], "excluded_lines": [], "start_line": 162}, "": {"executed_lines": [28, 30, 31, 32, 34, 36, 42, 45, 52, 57, 84, 106, 135, 148, 162, 283], "summary": {"covered_lines": 16, "num_statements": 16, "percent_covered": 100.0, "percent_covered_display": "100", "missing_lines": 0, "excluded_lines": 0, "percent_statements_covered": 100.0, "percent_statements_covered_display": "100"}, "missing_lines": [], "excluded_lines": [], "start_line": 1}}, "classes": {"": {"executed_lines": [28, 30, 31, 32, 34, 36, 42, 45, 52, 54, 57, 69, 70, 71, 73, 74, 75, 84, 97, 98, 102, 103, 106, 120, 121, 122, 124, 125, 126, 131, 132, 135, 140, 148, 154, 162, 207, 208, 211, 212, 215, 216, 219, 222, 223, 228, 244, 253, 254, 257, 259, 267, 283], "summary": {"covered_lines": 53, "num_statements": 60, "percent_covered": 88.33333333333333, "percent_covered_display": "88", "missing_lines": 7, "excluded_lines": 0, "percent_statements_covered": 88.33333333333333, "percent_statements_covered_display": "88"}, "missing_lines": [72, 76, 77, 78, 80, 81, 123], "excluded_lines": [], "start_line": 1}}}, "src/forge/dispatch/__init__.py": {"executed_lines": [15, 25], "summary": {"covered_lines": 2, "num_statements": 2, "percent_covered": 100.0, "percent_covered_display": "100", "missing_lines": 0, "excluded_lines": 0, "percent_statements_covered": 100.0, "percent_statements_covered_display": "100"}, "missing_lines": [], "excluded_lines": [], "functions": {"": {"executed_lines": [15, 25], "summary": {"covered_lines": 2, "num_statements": 2, "percent_covered": 100.0, "percent_covered_display": "100", "missing_lines": 0, "excluded_lines": 0, "percent_statements_covered": 100.0, "percent_statements_covered_display": "100"}, "missing_lines": [], "excluded_lines": [], "start_line": 1}}, "classes": {"": {"executed_lines": [15, 25], "summary": {"covered_lines": 2, "num_statements": 2, "percent_covered": 100.0, "percent_covered_display": "100", "missing_lines": 0, "excluded_lines": 0, "percent_statements_covered": 100.0, "percent_statements_covered_display": "100"}, "missing_lines": [], "excluded_lines": [], "start_line": 1}}}, "src/forge/dispatch/async_polling.py": {"executed_lines": [51, 53, 54, 55, 57, 58, 63, 73, 77, 81, 86, 91, 94, 118, 137, 142, 171, 178, 179, 183, 184, 188, 189, 190, 191, 193, 194, 198, 199, 203, 257, 263, 264, 266, 270, 273, 274, 281, 290, 295, 305, 309, 315, 316, 321, 328, 335], "summary": {"covered_lines": 47, "num_statements": 50, "percent_covered": 94.0, "percent_covered_display": "94", "missing_lines": 3, "excluded_lines": 16, "percent_statements_covered": 94.0, "percent_statements_covered_display": "94"}, "missing_lines": [196, 201, 258], "excluded_lines": [65, 70, 104, 105, 106, 107, 108, 109, 110, 111, 112, 113, 114, 115, 116, 117], "functions": {"_OrchestratorLike.dispatch": {"executed_lines": [], "summary": {"covered_lines": 0, "num_statements": 0, "percent_covered": 100.0, "percent_covered_display": "100", "missing_lines": 0, "excluded_lines": 1, "percent_statements_covered": 100.0, "percent_statements_covered_display": "100"}, "missing_lines": [], "excluded_lines": [115], "start_line": 104}, "_restamp_outcome": {"executed_lines": [137], "summary": {"covered_lines": 1, "num_statements": 1, "percent_covered": 100.0, "percent_covered_display": "100", "missing_lines": 0, "excluded_lines": 0, "percent_statements_covered": 100.0, "percent_statements_covered_display": "100"}, "missing_lines": [], "excluded_lines": [], "start_line": 118}, "AsyncPollingCoordinator.__init__": {"executed_lines": [178, 179, 183, 184, 188, 189, 190, 191], "summary": {"covered_lines": 8, "num_statements": 8, "percent_covered": 100.0, "percent_covered_display": "100", "missing_lines": 0, "excluded_lines": 0, "percent_statements_covered": 100.0, "percent_statements_covered_display": "100"}, "missing_lines": [], "excluded_lines": [], "start_line": 171}, "AsyncPollingCoordinator.poll_interval_seconds": {"executed_lines": [], "summary": {"covered_lines": 0, "num_statements": 1, "percent_covered": 0.0, "percent_covered_display": "0", "missing_lines": 1, "excluded_lines": 0, "percent_statements_covered": 0.0, "percent_statements_covered_display": "0"}, "missing_lines": [196], "excluded_lines": [], "start_line": 194}, "AsyncPollingCoordinator.max_total_seconds": {"executed_lines": [], "summary": {"covered_lines": 0, "num_statements": 1, "percent_covered": 0.0, "percent_covered_display": "0", "missing_lines": 1, "excluded_lines": 0, "percent_statements_covered": 0.0, "percent_statements_covered_display": "0"}, "missing_lines": [201], "excluded_lines": [], "start_line": 199}, "AsyncPollingCoordinator.converge": {"executed_lines": [257, 263, 264, 266, 270, 273, 274, 281, 290, 295, 305, 309, 315, 316, 321, 328], "summary": {"covered_lines": 16, "num_statements": 17, "percent_covered": 94.11764705882354, "percent_covered_display": "94", "missing_lines": 1, "excluded_lines": 0, "percent_statements_covered": 94.11764705882354, "percent_statements_covered_display": "94"}, "missing_lines": [258], "excluded_lines": [], "start_line": 203}, "": {"executed_lines": [51, 53, 54, 55, 57, 58, 63, 73, 77, 81, 86, 91, 94, 118, 142, 171, 193, 194, 198, 199, 203, 335], "summary": {"covered_lines": 22, "num_statements": 22, "percent_covered": 100.0, "percent_covered_display": "100", "missing_lines": 0, "excluded_lines": 15, "percent_statements_covered": 100.0, "percent_statements_covered_display": "100"}, "missing_lines": [], "excluded_lines": [65, 70, 104, 105, 106, 107, 108, 109, 110, 111, 112, 113, 114, 116, 117], "start_line": 1}}, "classes": {"_OrchestratorLike": {"executed_lines": [], "summary": {"covered_lines": 0, "num_statements": 0, "percent_covered": 100.0, "percent_covered_display": "100", "missing_lines": 0, "excluded_lines": 1, "percent_statements_covered": 100.0, "percent_statements_covered_display": "100"}, "missing_lines": [], "excluded_lines": [115], "start_line": 94}, "AsyncPollingCoordinator": {"executed_lines": [178, 179, 183, 184, 188, 189, 190, 191, 257, 263, 264, 266, 270, 273, 274, 281, 290, 295, 305, 309, 315, 316, 321, 328], "summary": {"covered_lines": 24, "num_statements": 27, "percent_covered": 88.88888888888889, "percent_covered_display": "89", "missing_lines": 3, "excluded_lines": 0, "percent_statements_covered": 88.88888888888889, "percent_statements_covered_display": "89"}, "missing_lines": [196, 201, 258], "excluded_lines": [], "start_line": 142}, "": {"executed_lines": [51, 53, 54, 55, 57, 58, 63, 73, 77, 81, 86, 91, 94, 118, 137, 142, 171, 193, 194, 198, 199, 203, 335], "summary": {"covered_lines": 23, "num_statements": 23, "percent_covered": 100.0, "percent_covered_display": "100", "missing_lines": 0, "excluded_lines": 15, "percent_statements_covered": 100.0, "percent_statements_covered_display": "100"}, "missing_lines": [], "excluded_lines": [65, 70, 104, 105, 106, 107, 108, 109, 110, 111, 112, 113, 114, 116, 117], "start_line": 1}}}, "src/forge/dispatch/correlation.py": {"executed_lines": [40, 42, 43, 44, 45, 46, 47, 49, 52, 59, 62, 77, 87, 92, 93, 112, 113, 114, 115, 120, 121, 124, 142, 143, 144, 145, 149, 158, 160, 186, 187, 190, 191, 195, 196, 204, 205, 206, 209, 212, 213, 214, 215, 216, 218, 219, 220, 222, 254, 255, 256, 260, 261, 266, 267, 273, 274, 275, 278, 281, 282, 283, 284, 286, 305, 306, 308, 309, 312, 313, 314, 316, 318, 336, 337, 338, 340, 344, 345, 347, 348, 349, 351, 354, 355, 364, 368, 374, 375, 383], "summary": {"covered_lines": 90, "num_statements": 99, "percent_covered": 90.9090909090909, "percent_covered_display": "91", "missing_lines": 9, "excluded_lines": 5, "percent_statements_covered": 90.9090909090909, "percent_statements_covered_display": "91"}, "missing_lines": [262, 265, 307, 352, 356, 359, 363, 376, 377], "excluded_lines": [85, 86, 89, 90, 91], "functions": {"ReplyChannel.subscribe": {"executed_lines": [], "summary": {"covered_lines": 0, "num_statements": 0, "percent_covered": 100.0, "percent_covered_display": "100", "missing_lines": 0, "excluded_lines": 1, "percent_statements_covered": 100.0, "percent_statements_covered_display": "100"}, "missing_lines": [], "excluded_lines": [85], "start_line": 77}, "ReplyChannel.unsubscribe": {"executed_lines": [], "summary": {"covered_lines": 0, "num_statements": 0, "percent_covered": 100.0, "percent_covered_display": "100", "missing_lines": 0, "excluded_lines": 1, "percent_statements_covered": 100.0, "percent_statements_covered_display": "100"}, "missing_lines": [], "excluded_lines": [89], "start_line": 87}, "CorrelationRegistry.__init__": {"executed_lines": [143, 144, 145], "summary": {"covered_lines": 3, "num_statements": 3, "percent_covered": 100.0, "percent_covered_display": "100", "missing_lines": 0, "excluded_lines": 0, "percent_statements_covered": 100.0, "percent_statements_covered_display": "100"}, "missing_lines": [], "excluded_lines": [], "start_line": 142}, "CorrelationRegistry.fresh_correlation_key": {"executed_lines": [158], "summary": {"covered_lines": 1, "num_statements": 1, "percent_covered": 100.0, "percent_covered_display": "100", "missing_lines": 0, "excluded_lines": 0, "percent_statements_covered": 100.0, "percent_statements_covered_display": "100"}, "missing_lines": [], "excluded_lines": [], "start_line": 149}, "CorrelationRegistry.bind": {"executed_lines": [186, 187, 190, 191, 195, 196, 204, 205, 206, 209, 212, 213, 214, 215, 216, 218, 219, 220], "summary": {"covered_lines": 18, "num_statements": 18, "percent_covered": 100.0, "percent_covered_display": "100", "missing_lines": 0, "excluded_lines": 0, "percent_statements_covered": 100.0, "percent_statements_covered_display": "100"}, "missing_lines": [], "excluded_lines": [], "start_line": 160}, "CorrelationRegistry.deliver_reply": {"executed_lines": [254, 255, 256, 260, 261, 266, 267, 273, 274, 275, 278, 281, 282, 283, 284], "summary": {"covered_lines": 15, "num_statements": 17, "percent_covered": 88.23529411764706, "percent_covered_display": "88", "missing_lines": 2, "excluded_lines": 0, "percent_statements_covered": 88.23529411764706, "percent_statements_covered_display": "88"}, "missing_lines": [262, 265], "excluded_lines": [], "start_line": 222}, "CorrelationRegistry.wait_for_reply": {"executed_lines": [305, 306, 308, 309, 312, 313, 314, 316], "summary": {"covered_lines": 8, "num_statements": 9, "percent_covered": 88.88888888888889, "percent_covered_display": "89", "missing_lines": 1, "excluded_lines": 0, "percent_statements_covered": 88.88888888888889, "percent_statements_covered_display": "89"}, "missing_lines": [307], "excluded_lines": [], "start_line": 286}, "CorrelationRegistry.release": {"executed_lines": [336, 337, 338, 340, 344, 345, 347, 348, 349, 351, 354, 355, 364], "summary": {"covered_lines": 13, "num_statements": 17, "percent_covered": 76.47058823529412, "percent_covered_display": "76", "missing_lines": 4, "excluded_lines": 0, "percent_statements_covered": 76.47058823529412, "percent_statements_covered_display": "76"}, "missing_lines": [352, 356, 359, 363], "excluded_lines": [], "start_line": 318}, "CorrelationRegistry._safe_unsubscribe": {"executed_lines": [374, 375], "summary": {"covered_lines": 2, "num_statements": 4, "percent_covered": 50.0, "percent_covered_display": "50", "missing_lines": 2, "excluded_lines": 0, "percent_statements_covered": 50.0, "percent_statements_covered_display": "50"}, "missing_lines": [376, 377], "excluded_lines": [], "start_line": 368}, "": {"executed_lines": [40, 42, 43, 44, 45, 46, 47, 49, 52, 59, 62, 77, 87, 92, 93, 112, 113, 114, 115, 120, 121, 124, 142, 149, 160, 222, 286, 318, 368, 383], "summary": {"covered_lines": 30, "num_statements": 30, "percent_covered": 100.0, "percent_covered_display": "100", "missing_lines": 0, "excluded_lines": 3, "percent_statements_covered": 100.0, "percent_statements_covered_display": "100"}, "missing_lines": [], "excluded_lines": [86, 90, 91], "start_line": 1}}, "classes": {"ReplyChannel": {"executed_lines": [], "summary": {"covered_lines": 0, "num_statements": 0, "percent_covered": 100.0, "percent_covered_display": "100", "missing_lines": 0, "excluded_lines": 2, "percent_statements_covered": 100.0, "percent_statements_covered_display": "100"}, "missing_lines": [], "excluded_lines": [85, 89], "start_line": 62}, "CorrelationBinding": {"executed_lines": [], "summary": {"covered_lines": 0, "num_statements": 0, "percent_covered": 100.0, "percent_covered_display": "100", "missing_lines": 0, "excluded_lines": 0, "percent_statements_covered": 100.0, "percent_statements_covered_display": "100"}, "missing_lines": [], "excluded_lines": [], "start_line": 93}, "CorrelationRegistry": {"executed_lines": [143, 144, 145, 158, 186, 187, 190, 191, 195, 196, 204, 205, 206, 209, 212, 213, 214, 215, 216, 218, 219, 220, 254, 255, 256, 260, 261, 266, 267, 273, 274, 275, 278, 281, 282, 283, 284, 305, 306, 308, 309, 312, 313, 314, 316, 336, 337, 338, 340, 344, 345, 347, 348, 349, 351, 354, 355, 364, 374, 375], "summary": {"covered_lines": 60, "num_statements": 69, "percent_covered": 86.95652173913044, "percent_covered_display": "87", "missing_lines": 9, "excluded_lines": 0, "percent_statements_covered": 86.95652173913044, "percent_statements_covered_display": "87"}, "missing_lines": [262, 265, 307, 352, 356, 359, 363, 376, 377], "excluded_lines": [], "start_line": 124}, "": {"executed_lines": [40, 42, 43, 44, 45, 46, 47, 49, 52, 59, 62, 77, 87, 92, 93, 112, 113, 114, 115, 120, 121, 124, 142, 149, 160, 222, 286, 318, 368, 383], "summary": {"covered_lines": 30, "num_statements": 30, "percent_covered": 100.0, "percent_covered_display": "100", "missing_lines": 0, "excluded_lines": 3, "percent_statements_covered": 100.0, "percent_statements_covered_display": "100"}, "missing_lines": [], "excluded_lines": [86, 90, 91], "start_line": 1}}}, "src/forge/dispatch/models.py": {"executed_lines": [23, 25, 27, 32, 35, 51, 53, 54, 57, 60, 61, 67, 80, 82, 83, 84, 85, 86, 87, 90, 101, 103, 104, 105, 106, 109, 119, 121, 122, 123, 124, 127, 137, 139, 140, 141, 142, 148, 154], "summary": {"covered_lines": 39, "num_statements": 39, "percent_covered": 100.0, "percent_covered_display": "100", "missing_lines": 0, "excluded_lines": 0, "percent_statements_covered": 100.0, "percent_statements_covered_display": "100"}, "missing_lines": [], "excluded_lines
[...]
ent_covered_display": "100", "missing_lines": 0, "excluded_lines": 1, "percent_statements_covered": 100.0, "percent_statements_covered_display": "100"}, "missing_lines": [], "excluded_lines": [108], "start_line": 107}, "TimeoutCoordinator.__init__": {"executed_lines": [130, 131, 135, 136, 137], "summary": {"covered_lines": 5, "num_statements": 5, "percent_covered": 100.0, "percent_covered_display": "100", "missing_lines": 0, "excluded_lines": 0, "percent_statements_covered": 100.0, "percent_statements_covered_display": "100"}, "missing_lines": [], "excluded_lines": [], "start_line": 124}, "TimeoutCoordinator.default_timeout_seconds": {"executed_lines": [142], "summary": {"covered_lines": 1, "num_statements": 1, "percent_covered": 100.0, "percent_covered_display": "100", "missing_lines": 0, "excluded_lines": 0, "percent_statements_covered": 100.0, "percent_statements_covered_display": "100"}, "missing_lines": [], "excluded_lines": [], "start_line": 140}, "TimeoutCoordinator.wait_with_timeout": {"executed_lines": [175, 180, 181, 189, 191, 192, 193, 194, 195, 196, 200, 208, 215], "summary": {"covered_lines": 13, "num_statements": 13, "percent_covered": 100.0, "percent_covered_display": "100", "missing_lines": 0, "excluded_lines": 0, "percent_statements_covered": 100.0, "percent_statements_covered_display": "100"}, "missing_lines": [], "excluded_lines": [], "start_line": 144}, "": {"executed_lines": [50, 52, 53, 54, 55, 57, 71, 75, 78, 79, 88, 91, 92, 111, 124, 139, 140, 144, 218], "summary": {"covered_lines": 19, "num_statements": 19, "percent_covered": 100.0, "percent_covered_display": "100", "missing_lines": 0, "excluded_lines": 8, "percent_statements_covered": 100.0, "percent_statements_covered_display": "100"}, "missing_lines": [], "excluded_lines": [59, 65, 103, 104, 106, 107, 109, 110], "start_line": 1}}, "classes": {"_BindingLike": {"executed_lines": [], "summary": {"covered_lines": 0, "num_statements": 0, "percent_covered": 100.0, "percent_covered_display": "100", "missing_lines": 0, "excluded_lines": 0, "percent_statements_covered": 100.0, "percent_statements_covered_display": "100"}, "missing_lines": [], "excluded_lines": [], "start_line": 79}, "_RegistryLike": {"executed_lines": [], "summary": {"covered_lines": 0, "num_statements": 0, "percent_covered": 100.0, "percent_covered_display": "100", "missing_lines": 0, "excluded_lines": 2, "percent_statements_covered": 100.0, "percent_statements_covered_display": "100"}, "missing_lines": [], "excluded_lines": [105, 108], "start_line": 92}, "TimeoutCoordinator": {"executed_lines": [130, 131, 135, 136, 137, 142, 175, 180, 181, 189, 191, 192, 193, 194, 195, 196, 200, 208, 215], "summary": {"covered_lines": 19, "num_statements": 19, "percent_covered": 100.0, "percent_covered_display": "100", "missing_lines": 0, "excluded_lines": 0, "percent_statements_covered": 100.0, "percent_statements_covered_display": "100"}, "missing_lines": [], "excluded_lines": [], "start_line": 111}, "": {"executed_lines": [50, 52, 53, 54, 55, 57, 71, 75, 78, 79, 88, 91, 92, 111, 124, 139, 140, 144, 218], "summary": {"covered_lines": 19, "num_statements": 19, "percent_covered": 100.0, "percent_covered_display": "100", "missing_lines": 0, "excluded_lines": 8, "percent_statements_covered": 100.0, "percent_statements_covered_display": "100"}, "missing_lines": [], "excluded_lines": [59, 65, 103, 104, 106, 107, 109, 110], "start_line": 1}}}, "src/forge/fleet/__init__.py": {"executed_lines": [7, 9], "summary": {"covered_lines": 2, "num_statements": 2, "percent_covered": 100.0, "percent_covered_display": "100", "missing_lines": 0, "excluded_lines": 0, "percent_statements_covered": 100.0, "percent_statements_covered_display": "100"}, "missing_lines": [], "excluded_lines": [], "functions": {"": {"executed_lines": [7, 9], "summary": {"covered_lines": 2, "num_statements": 2, "percent_covered": 100.0, "percent_covered_display": "100", "missing_lines": 0, "excluded_lines": 0, "percent_statements_covered": 100.0, "percent_statements_covered_display": "100"}, "missing_lines": [], "excluded_lines": [], "start_line": 1}}, "classes": {"": {"executed_lines": [7, 9], "summary": {"covered_lines": 2, "num_statements": 2, "percent_covered": 100.0, "percent_covered_display": "100", "missing_lines": 0, "excluded_lines": 0, "percent_statements_covered": 100.0, "percent_statements_covered_display": "100"}, "missing_lines": [], "excluded_lines": [], "start_line": 1}}}, "src/forge/fleet/manifest.py": {"executed_lines": [16, 18, 20, 139], "summary": {"covered_lines": 4, "num_statements": 4, "percent_covered": 100.0, "percent_covered_display": "100", "missing_lines": 0, "excluded_lines": 0, "percent_statements_covered": 100.0, "percent_statements_covered_display": "100"}, "missing_lines": [], "excluded_lines": [], "functions": {"": {"executed_lines": [16, 18, 20, 139], "summary": {"covered_lines": 4, "num_statements": 4, "percent_covered": 100.0, "percent_covered_display": "100", "missing_lines": 0, "excluded_lines": 0, "percent_statements_covered": 100.0, "percent_statements_covered_display": "100"}, "missing_lines": [], "excluded_lines": [], "start_line": 1}}, "classes": {"": {"executed_lines": [16, 18, 20, 139], "summary": {"covered_lines": 4, "num_statements": 4, "percent_covered": 100.0, "percent_covered_display": "100", "missing_lines": 0, "excluded_lines": 0, "percent_statements_covered": 100.0, "percent_statements_covered_display": "100"}, "missing_lines": [], "excluded_lines": [], "start_line": 1}}}, "src/forge/pipeline.py": {"executed_lines": [49, 51, 52, 53, 54, 55, 56, 58, 69, 70, 72, 75, 92, 99, 100, 101, 102, 103, 104, 105, 113, 114, 129, 132, 135, 139, 140, 152, 153, 155, 158, 159, 160, 161, 162, 164, 175, 176, 177, 178, 179, 182, 183, 191, 192, 213, 214, 215, 216, 224, 244, 258, 273, 294, 300, 301, 302, 305, 311, 312, 314, 320, 322, 327, 328, 332, 341, 349, 350, 354, 373, 386, 390, 408, 419, 423, 457, 466, 468, 478, 487, 491, 505, 517, 518, 522, 531, 538, 539, 543, 552, 560, 568, 583, 594, 620, 621, 622, 623, 624, 625, 626, 627, 628, 638, 664, 665, 666, 671, 673, 674, 675, 677, 678, 679, 680, 681, 682, 688, 692, 694, 697, 702, 703, 705, 711, 712, 713, 717, 718, 720, 721, 722, 723, 725, 731, 748, 749, 750, 751], "summary": {"covered_lines": 140, "num_statements": 144, "percent_covered": 97.22222222222223, "percent_covered_display": "97", "missing_lines": 4, "excluded_lines": 7, "percent_statements_covered": 97.22222222222223, "percent_statements_covered_display": "97"}, "missing_lines": [133, 136, 156, 719], "excluded_lines": [122, 123, 124, 125, 126, 127, 128], "functions": {"Clock.sleep": {"executed_lines": [], "summary": {"covered_lines": 0, "num_statements": 0, "percent_covered": 100.0, "percent_covered_display": "100", "missing_lines": 0, "excluded_lines": 1, "percent_statements_covered": 100.0, "percent_statements_covered_display": "100"}, "missing_lines": [], "excluded_lines": [123], "start_line": 122}, "Clock.now": {"executed_lines": [], "summary": {"covered_lines": 0, "num_statements": 0, "percent_covered": 100.0, "percent_covered_display": "100", "missing_lines": 0, "excluded_lines": 1, "percent_statements_covered": 100.0, "percent_statements_covered_display": "100"}, "missing_lines": [], "excluded_lines": [126], "start_line": 125}, "RealClock.sleep": {"executed_lines": [], "summary": {"covered_lines": 0, "num_statements": 1, "percent_covered": 0.0, "percent_covered_display": "0", "missing_lines": 1, "excluded_lines": 0, "percent_statements_covered": 0.0, "percent_statements_covered_display": "0"}, "missing_lines": [133], "excluded_lines": [], "start_line": 132}, "RealClock.now": {"executed_lines": [], "summary": {"covered_lines": 0, "num_statements": 1, "percent_covered": 0.0, "percent_covered_display": "0", "missing_lines": 1, "excluded_lines": 0, "percent_statements_covered": 0.0, "percent_statements_covered_display": "0"}, "missing_lines": [136], "excluded_lines": [], "start_line": 135}, "FakeClock.now": {"executed_lines": [], "summary": {"covered_lines": 0, "num_statements": 1, "percent_covered": 0.0, "percent_covered_display": "0", "missing_lines": 1, "excluded_lines": 0, "percent_statements_covered": 0.0, "percent_statements_covered_display": "0"}, "missing_lines": [156], "excluded_lines": [], "start_line": 155}, "FakeClock.sleep": {"executed_lines": [159, 160, 161, 162], "summary": {"covered_lines": 4, "num_statements": 4, "percent_covered": 100.0, "percent_covered_display": "100", "missing_lines": 0, "excluded_lines": 0, "percent_statements_covered": 100.0, "percent_statements_covered_display": "100"}, "missing_lines": [], "excluded_lines": [], "start_line": 158}, "FakeClock.advance": {"executed_lines": [175, 176, 177, 178, 179, 182, 183], "summary": {"covered_lines": 7, "num_statements": 7, "percent_covered": 100.0, "percent_covered_display": "100", "missing_lines": 0, "excluded_lines": 0, "percent_statements_covered": 100.0, "percent_statements_covered_display": "100"}, "missing_lines": [], "excluded_lines": [], "start_line": 164}, "attach_correlation_id": {"executed_lines": [244], "summary": {"covered_lines": 1, "num_statements": 1, "percent_covered": 100.0, "percent_covered_display": "100", "missing_lines": 0, "excluded_lines": 0, "percent_statements_covered": 100.0, "percent_statements_covered_display": "100"}, "missing_lines": [], "excluded_lines": [], "start_line": 224}, "PipelineLifecycleEmitter.__init__": {"executed_lines": [300, 301, 302, 305], "summary": {"covered_lines": 4, "num_statements": 4, "percent_covered": 100.0, "percent_covered_display": "100", "missing_lines": 0, "excluded_lines": 0, "percent_statements_covered": 100.0, "percent_statements_covered_display": "100"}, "missing_lines": [], "excluded_lines": [], "start_line": 294}, "PipelineLifecycleEmitter.progress_tasks": {"executed_lines": [314], "summary": {"covered_lines": 1, "num_statements": 1, "percent_covered": 100.0, "percent_covered_display": "100", "missing_lines": 0, "excluded_lines": 0, "percent_statements_covered": 100.0, "percent_statements_covered_display": "100"}, "missing_lines": [], "excluded_lines": [], "start_line": 312}, "PipelineLifecycleEmitter.emit_started": {"executed_lines": [322, 327, 328], "summary": {"covered_lines": 3, "num_statements": 3, "percent_covered": 100.0, "percent_covered_display": "100", "missing_lines": 0, "excluded_lines": 0, "percent_statements_covered": 100.0, "percent_statements_covered_display": "100"}, "missing_lines": [], "excluded_lines": [], "start_line": 320}, "PipelineLifecycleEmitter.emit_progress": {"executed_lines": [341, 349, 350], "summary": {"covered_lines": 3, "num_statements": 3, "percent_covered": 100.0, "percent_covered_display": "100", "missing_lines": 0, "excluded_lines": 0, "percent_statements_covered": 100.0, "percent_statements_covered_display": "100"}, "missing_lines": [], "excluded_lines": [], "start_line": 332}, "PipelineLifecycleEmitter.emit_stage_complete": {"executed_lines": [373, 386], "summary": {"covered_lines": 2, "num_statements": 2, "percent_covered": 100.0, "percent_covered_display": "100", "missing_lines": 0, "excluded_lines": 0, "percent_statements_covered": 100.0, "percent_statements_covered_display": "100"}, "missing_lines": [], "excluded_lines": [], "start_line": 354}, "PipelineLifecycleEmitter.emit_paused": {"executed_lines": [408, 419], "summary": {"covered_lines": 2, "num_statements": 2, "percent_covered": 100.0, "percent_covered_display": "100", "missing_lines": 0, "excluded_lines": 0, "percent_statements_covered": 100.0, "percent_statements_covered_display": "100"}, "missing_lines": [], "excluded_lines": [], "start_line": 390}, "PipelineLifecycleEmitter.emit_paused_then_interrupt": {"executed_lines": [457, 466], "summary": {"covered_lines": 2, "num_statements": 2, "percent_covered": 100.0, "percent_covered_display": "100", "missing_lines": 0, "excluded_lines": 0, "percent_statements_covered": 100.0, "percent_statements_covered_display": "100"}, "missing_lines": [], "excluded_lines": [], "start_line": 423}, "PipelineLifecycleEmitter.emit_resumed": {"executed_lines": [478, 487], "summary": {"covered_lines": 2, "num_statements": 2, "percent_covered": 100.0, "percent_covered_display": "100", "missing_lines": 0, "excluded_lines": 0, "percent_statements_covered": 100.0, "percent_statements_covered_display": "100"}, "missing_lines": [], "excluded_lines": [], "start_line": 468}, "PipelineLifecycleEmitter.emit_complete": {"executed_lines": [505, 517, 518], "summary": {"covered_lines": 3, "num_statements": 3, "percent_covered": 100.0, "percent_covered_display": "100", "missing_lines": 0, "excluded_lines": 0, "percent_statements_covered": 100.0, "percent_statements_covered_display": "100"}, "missing_lines": [], "excluded_lines": [], "start_line": 491}, "PipelineLifecycleEmitter.emit_failed": {"executed_lines": [531, 538, 539], "summary": {"covered_lines": 3, "num_statements": 3, "percent_covered": 100.0, "percent_covered_display": "100", "missing_lines": 0, "excluded_lines": 0, "percent_statements_covered": 100.0, "percent_statements_covered_display": "100"}, "missing_lines": [], "excluded_lines": [], "start_line": 522}, "PipelineLifecycleEmitter.emit_cancelled": {"executed_lines": [552, 560], "summary": {"covered_lines": 2, "num_statements": 2, "percent_covered": 100.0, "percent_covered_display": "100", "missing_lines": 0, "excluded_lines": 0, "percent_statements_covered": 100.0, "percent_statements_covered_display": "100"}, "missing_lines": [], "excluded_lines": [], "start_line": 543}, "PipelineLifecycleEmitter.emit_wave_boundary_progress": {"executed_lines": [583], "summary": {"covered_lines": 1, "num_statements": 1, "percent_covered": 100.0, "percent_covered_display": "100", "missing_lines": 0, "excluded_lines": 0, "percent_statements_covered": 100.0, "percent_statements_covered_display": "100"}, "missing_lines": [], "excluded_lines": [], "start_line": 568}, "PipelineLifecycleEmitter.on_transition": {"executed_lines": [620, 621, 622, 623, 624, 625, 626, 627, 628], "summary": {"covered_lines": 9, "num_statements": 9, "percent_covered": 100.0, "percent_covered_display": "100", "missing_lines": 0, "excluded_lines": 0, "percent_statements_covered": 100.0, "percent_statements_covered_display": "100"}, "missing_lines": [], "excluded_lines": [], "start_line": 594}, "PipelineLifecycleEmitter.start_progress_loop": {"executed_lines": [664, 665, 666, 671, 673, 674, 675, 677, 694, 697, 702, 703], "summary": {"covered_lines": 12, "num_statements": 12, "percent_covered": 100.0, "percent_covered_display": "100", "missing_lines": 0, "excluded_lines": 0, "percent_statements_covered": 100.0, "percent_statements_covered_display": "100"}, "missing_lines": [], "excluded_lines": [], "start_line": 638}, "PipelineLifecycleEmitter.start_progress_loop._loop": {"executed_lines": [678, 679, 680, 681, 682, 688, 692], "summary": {"covered_lines": 7, "num_statements": 7, "percent_covered": 100.0, "percent_covered_display": "100", "missing_lines": 0, "excluded_lines": 0, "percent_statements_covered": 100.0, "percent_statements_covered_display": "100"}, "missing_lines": [], "excluded_lines": [], "start_line": 677}, "PipelineLifecycleEmitter.stop_progress_loop": {"executed_lines": [711, 712, 713, 717, 718, 720, 721, 722, 723, 725], "summary": {"covered_lines": 10, "num_statements": 11, "percent_covered": 90.9090909090909, "percent_covered_display": "91", "missing_lines": 1, "excluded_lines": 0, "percent_statements_covered": 90.9090909090909, "percent_statements_covered_display": "91"}, "missing_lines": [719], "excluded_lines": [], "start_line": 705}, "PipelineLifecycleEmitter._safe_publish": {"executed_lines": [748, 749, 750, 751], "summary": {"covered_lines": 4, "num_statements": 4, "percent_covered": 100.0, "percent_covered_display": "100", "missing_lines": 0, "excluded_lines": 0, "percent_statements_covered": 100.0, "percent_statements_covered_display": "100"}, "missing_lines": [], "excluded_lines": [], "start_line": 731}, "": {"executed_lines": [49, 51, 52, 53, 54, 55, 56, 58, 69, 70, 72, 75, 92, 99, 100, 101, 102, 103, 104, 105, 113, 114, 129, 132, 135, 139, 140, 152, 153, 155, 158, 164, 191, 192, 213, 214, 215, 216, 224, 258, 273, 294, 311, 312, 320, 332, 354, 390, 423, 468, 491, 522, 543, 568, 594, 638, 705, 731], "summary": {"covered_lines": 58, "num_statements": 58, "percent_covered": 100.0, "percent_covered_display": "100", "missing_lines": 0, "excluded_lines": 5, "percent_statements_covered": 100.0, "percent_statements_covered_display": "100"}, "missing_lines": [], "excluded_lines": [122, 124, 125, 127, 128], "start_line": 1}}, "classes": {"State": {"executed_lines": [], "summary": {"covered_lines": 0, "num_statements": 0, "percent_covered": 100.0, "percent_covered_display": "100", "missing_lines": 0, "excluded_lines": 0, "percent_statements_covered": 100.0, "percent_statements_covered_display": "100"}, "missing_lines": [], "excluded_lines": [], "start_line": 92}, "Clock": {"executed_lines": [], "summary": {"covered_lines": 0, "num_statements": 0, "percent_covered": 100.0, "percent_covered_display": "100", "missing_lines": 0, "excluded_lines": 2, "percent_statements_covered": 100.0, "percent_statements_covered_display": "100"}, "missing_lines": [], "excluded_lines": [123, 126], "start_line": 114}, "RealClock": {"executed_lines": [], "summary": {"covered_lines": 0, "num_statements": 2, "percent_covered": 0.0, "percent_covered_display": "0", "missing_lines": 2, "excluded_lines": 0, "percent_statements_covered": 0.0, "percent_statements_covered_display": "0"}, "missing_lines": [133, 136], "excluded_lines": [], "start_line": 129}, "FakeClock": {"executed_lines": [159, 160, 161, 162, 175, 176, 177, 178, 179, 182, 183], "summary": {"covered_lines": 11, "num_statements": 12, "percent_covered": 91.66666666666667, "percent_covered_display": "92", "missing_lines": 1, "excluded_lines": 0, "percent_statements_covered": 91.66666666666667, "percent_statements_covered_display": "92"}, "missing_lines": [156], "excluded_lines": [], "start_line": 140}, "BuildContext": {"executed_lines": [], "summary": {"covered_lines": 0, "num_statements": 0, "percent_covered": 100.0, "percent_covered_display": "100", "missing_lines": 0, "excluded_lines": 0, "percent_statements_covered": 100.0, "percent_statements_covered_display": "100"}, "missing_lines": [], "excluded_lines": [], "start_line": 192}, "PipelineLifecycleEmitter": {"executed_lines": [300, 301, 302, 305, 314, 322, 327, 328, 341, 349, 350, 373, 386, 408, 419, 457, 466, 478, 487, 505, 517, 518, 531, 538, 539, 552, 560, 583, 620, 621, 622, 623, 624, 625, 626, 627, 628, 664, 665, 666, 671, 673, 674, 675, 677, 678, 679, 680, 681, 682, 688, 692, 694, 697, 702, 703, 711, 712, 713, 717, 718, 720, 721, 722, 723, 725, 748, 749, 750, 751], "summary": {"covered_lines": 70, "num_statements": 71, "percent_covered": 98.59154929577464, "percent_covered_display": "99", "missing_lines": 1, "excluded_lines": 0, "percent_statements_covered": 98.59154929577464, "percent_statements_covered_display": "99"}, "missing_lines": [719], "excluded_lines": [], "start_line": 273}, "": {"executed_lines": [49, 51, 52, 53, 54, 55, 56, 58, 69, 70, 72, 75, 92, 99, 100, 101, 102, 103, 104, 105, 113, 114, 129, 132, 135, 139, 140, 152, 153, 155, 158, 164, 191, 192, 213, 214, 215, 216, 224, 244, 258, 273, 294, 311, 312, 320, 332, 354, 390, 423, 468, 491, 522, 543, 568, 594, 638, 705, 731], "summary": {"covered_lines": 59, "num_statements": 59, "percent_covered": 100.0, "percent_covered_display": "100", "missing_lines": 0, "excluded_lines": 5, "percent_statements_covered": 100.0, "percent_statements_covered_display": "100"}, "missing_lines": [], "excluded_lines": [122, 124, 125, 127, 128], "start_line": 1}}}}, "totals": {"covered_lines": 1302, "num_statements": 1445, "percent_covered": 90.1038062283737, "percent_covered_display": "90", "missing_lines": 143, "excluded_lines": 100, "percent_statements_covered": 90.1038062283737, "percent_statements_covered_display": "90"}}