<?xml version="1.0" encoding="utf-8"?><testsuites name="pytest tests"><testsuite name="pytest" errors="0" failures="0" skipped="0" tests="3" time="0.245" timestamp="2026-04-26T15:52:34.950906+01:00" hostname="promaxgb10-41b1"><testcase classname="tests.bdd.test_infrastructure_coordination" name="test_edge_case_file_read_outside_allowlist" time="0.002" /><testcase classname="tests.bdd.test_infrastructure_coordination" name="test_edge_case_split_brain_dedupe" time="0.103" /><testcase classname="tests.bdd.test_infrastructure_coordination" name="test_edge_case_override_recency_horizon" time="0.001" /></testsuite></testsuites>