<?xml version="1.0" encoding="utf-8"?><testsuites name="pytest tests"><testsuite name="pytest" errors="0" failures="0" skipped="0" tests="2" time="0.123" timestamp="2026-04-26T09:22:32.602994+01:00" hostname="promaxgb10-41b1"><testcase classname="tests.bdd.test_guardkit_command_invocation_engine" name="test_edge_case_failed_cleanup_does_not_block_completion" time="0.001" /><testcase classname="tests.bdd.test_guardkit_command_invocation_engine" name="test_edge_case_shell_metacharacters_pass_as_literal_tokens" time="0.001" /></testsuite></testsuites>