<?xml version="1.0" encoding="utf-8"?><testsuites name="pytest tests"><testsuite name="pytest" errors="0" failures="0" skipped="0" tests="2" time="0.129" timestamp="2026-04-26T09:26:04.945567+01:00" hostname="promaxgb10-41b1"><testcase classname="tests.bdd.test_guardkit_command_invocation_engine" name="test_key_example_create_pr_success" time="0.001" /><testcase classname="tests.bdd.test_guardkit_command_invocation_engine" name="test_negative_create_pr_missing_credentials" time="0.001" /></testsuite></testsuites>