<?xml version="1.0" encoding="utf-8"?><testsuites name="pytest tests"><testsuite name="pytest" errors="0" failures="0" skipped="0" tests="5" time="0.133" timestamp="2026-04-26T09:26:08.618831+01:00" hostname="promaxgb10-41b1"><testcase classname="tests.bdd.test_guardkit_command_invocation_engine" name="test_key_example_failing_subprocess_structured_error" time="0.001" /><testcase classname="tests.bdd.test_guardkit_command_invocation_engine" name="test_negative_non_zero_exit_failure_with_stderr" time="0.000" /><testcase classname="tests.bdd.test_guardkit_command_invocation_engine" name="test_negative_unknown_shape_success_empty" time="0.000" /><testcase classname="tests.bdd.test_guardkit_command_invocation_engine" name="test_boundary_compact_stdout_preserved_verbatim" time="0.000" /><testcase classname="tests.bdd.test_guardkit_command_invocation_engine" name="test_boundary_large_stdout_truncated_to_tail" time="0.001" /></testsuite></testsuites>