<?xml version="1.0" encoding="utf-8"?><testsuites name="pytest tests"><testsuite name="pytest" errors="0" failures="0" skipped="0" tests="3" time="0.131" timestamp="2026-04-26T09:27:03.631555+01:00" hostname="promaxgb10-41b1"><testcase classname="tests.bdd.test_guardkit_command_invocation_engine" name="test_key_example_progress_streamed_while_running" time="0.001" /><testcase classname="tests.bdd.test_guardkit_command_invocation_engine" name="test_edge_case_authoritative_result_when_stream_unavailable" time="0.001" /><testcase classname="tests.bdd.test_guardkit_command_invocation_engine" name="test_edge_case_back_pressure_most_recent_observable" time="0.001" /></testsuite></testsuites>